#
# There is insufficient memory for the Java Runtime Environment to continue.
# Native memory allocation (malloc) failed to allocate 362736 bytes for Chunk::new
# Possible reasons:
#   The system is out of physical RAM or swap space
#   The process is running with CompressedOops enabled, and the Java Heap may be blocking the growth of the native heap
# Possible solutions:
#   Reduce memory load on the system
#   Increase physical memory or swap space
#   Check if swap backing store is full
#   Decrease Java heap size (-Xmx/-Xms)
#   Decrease number of Java threads
#   Decrease Java thread stack sizes (-Xss)
#   Set larger code cache with -XX:ReservedCodeCacheSize=
#   JVM is running with Zero Based Compressed Oops mode in which the Java heap is
#     placed in the first 32GB address space. The Java Heap base address is the
#     maximum limit for the native heap growth. Please use -XX:HeapBaseMinAddress
#     to set the Java Heap base and to place the Java Heap above 32GB virtual address.
# This output file may be truncated or incomplete.
#
#  Out of Memory Error (arena.cpp:189), pid=29296, tid=14508
#
# JRE version: OpenJDK Runtime Environment Temurin-17.0.8.1+1 (17.0.8.1+1) (build 17.0.8.1+1)
# Java VM: OpenJDK 64-Bit Server VM Temurin-17.0.8.1+1 (17.0.8.1+1, mixed mode, tiered, compressed oops, compressed class ptrs, g1 gc, windows-amd64)
# No core dump will be written. Minidumps are not enabled by default on client versions of Windows
#

---------------  S U M M A R Y ------------

Command Line: -Djavax.net.ssl.trustStoreType=WINDOWS-ROOT com.st.microxplorer.maingui.STM32CubeMX D:\desktop\ICAT\L431Template.ioc

Host: AMD Ryzen 7 6800HS with Radeon Graphics         , 16 cores, 15G,  Windows 11 , 64 bit Build 22621 (10.0.22621.4391)
Time: Sun Nov 24 22:04:44 2024  Windows 11 , 64 bit Build 22621 (10.0.22621.4391) elapsed time: 193.784660 seconds (0d 0h 3m 13s)

---------------  T H R E A D  ---------------

Current thread (0x000002a3336917c0):  JavaThread "C2 CompilerThread0" daemon [_thread_in_native, id=14508, stack(0x000000e1c9d00000,0x000000e1c9e00000)]


Current CompileTask:
C2: 193784 15524       4       sun.java2d.marlin.MarlinTileGenerator::getAlphaRLE (1749 bytes)

Stack: [0x000000e1c9d00000,0x000000e1c9e00000]
Native frames: (J=compiled Java code, j=interpreted, Vv=VM code, C=native code)
V  [jvm.dll+0x678b0a]
V  [jvm.dll+0x835e84]
V  [jvm.dll+0x83762e]
V  [jvm.dll+0x837c93]
V  [jvm.dll+0x24746f]
V  [jvm.dll+0xac20c]
V  [jvm.dll+0xac7dc]
V  [jvm.dll+0x365c52]
V  [jvm.dll+0x1bd012]
V  [jvm.dll+0x219d49]
V  [jvm.dll+0x219011]
V  [jvm.dll+0x1a534d]
V  [jvm.dll+0x228d8a]
V  [jvm.dll+0x226dcc]
V  [jvm.dll+0x7ec09b]
V  [jvm.dll+0x7e64ca]
V  [jvm.dll+0x677955]
C  [ucrtbase.dll+0x29333]
C  [KERNEL32.DLL+0x1259d]
C  [ntdll.dll+0x5af38]


---------------  P R O C E S S  ---------------

Threads class SMR info:
_java_thread_list=0x000002a34f64f9c0, length=21, elements={
0x000002a333637260, 0x000002a333638680, 0x000002a333649140, 0x000002a33364aa20,
0x000002a33364ba90, 0x000002a33364cbf0, 0x000002a3336917c0, 0x000002a3336942f0,
0x000002a3336a90a0, 0x000002a333807b40, 0x000002a333808a70, 0x000002a333805ce0,
0x000002a333808050, 0x000002a333809490, 0x000002a333806c10, 0x000002a333808f80,
0x000002a34cacc630, 0x000002a34cacf3c0, 0x000002a34cad0800, 0x000002a34cac9db0,
0x000002a34cc6d9c0
}

Java Threads: ( => current thread )
  0x000002a333637260 JavaThread "Reference Handler" daemon [_thread_blocked, id=8928, stack(0x000000e1c9700000,0x000000e1c9800000)]
  0x000002a333638680 JavaThread "Finalizer" daemon [_thread_blocked, id=24928, stack(0x000000e1c9800000,0x000000e1c9900000)]
  0x000002a333649140 JavaThread "Signal Dispatcher" daemon [_thread_blocked, id=22936, stack(0x000000e1c9900000,0x000000e1c9a00000)]
  0x000002a33364aa20 JavaThread "Attach Listener" daemon [_thread_blocked, id=24072, stack(0x000000e1c9a00000,0x000000e1c9b00000)]
  0x000002a33364ba90 JavaThread "Service Thread" daemon [_thread_blocked, id=27588, stack(0x000000e1c9b00000,0x000000e1c9c00000)]
  0x000002a33364cbf0 JavaThread "Monitor Deflation Thread" daemon [_thread_blocked, id=23572, stack(0x000000e1c9c00000,0x000000e1c9d00000)]
=>0x000002a3336917c0 JavaThread "C2 CompilerThread0" daemon [_thread_in_native, id=14508, stack(0x000000e1c9d00000,0x000000e1c9e00000)]
  0x000002a3336942f0 JavaThread "C1 CompilerThread0" daemon [_thread_blocked, id=27284, stack(0x000000e1c9e00000,0x000000e1c9f00000)]
  0x000002a3336a90a0 JavaThread "Sweeper thread" daemon [_thread_blocked, id=29544, stack(0x000000e1c9f00000,0x000000e1ca000000)]
  0x000002a333807b40 JavaThread "Notification Thread" daemon [_thread_blocked, id=28940, stack(0x000000e1ca100000,0x000000e1ca200000)]
  0x000002a333808a70 JavaThread "Common-Cleaner" daemon [_thread_blocked, id=26200, stack(0x000000e1ca300000,0x000000e1ca400000)]
  0x000002a333805ce0 JavaThread "Java2D Disposer" daemon [_thread_blocked, id=21200, stack(0x000000e1cae00000,0x000000e1caf00000)]
  0x000002a333808050 JavaThread "AWT-Shutdown" [_thread_blocked, id=3340, stack(0x000000e1caf00000,0x000000e1cb000000)]
  0x000002a333809490 JavaThread "AWT-Windows" daemon [_thread_in_native, id=26324, stack(0x000000e1cb000000,0x000000e1cb100000)]
  0x000002a333806c10 JavaThread "AWT-EventQueue-0" [_thread_in_native, id=29300, stack(0x000000e1cd500000,0x000000e1cd600000)]
  0x000002a333808f80 JavaThread "D3D Screen Updater" daemon [_thread_blocked, id=28204, stack(0x000000e1cd700000,0x000000e1cd800000)]
  0x000002a34cacc630 JavaThread "DestroyJavaVM" [_thread_blocked, id=29388, stack(0x000000e1c9000000,0x000000e1c9100000)]
  0x000002a34cacf3c0 JavaThread "TimerQueue" daemon [_thread_blocked, id=14788, stack(0x000000e1cdd00000,0x000000e1cde00000)]
  0x000002a34cad0800 JavaThread "SwingWorker-pool-2-thread-1" daemon [_thread_blocked, id=28300, stack(0x000000e1cde00000,0x000000e1cdf00000)]
  0x000002a34cac9db0 JavaThread "SwingWorker-pool-2-thread-2" daemon [_thread_blocked, id=26996, stack(0x000000e1ca000000,0x000000e1ca100000)]
  0x000002a34cc6d9c0 JavaThread "Thread-2246" [_thread_blocked, id=24956, stack(0x000000e1cee00000,0x000000e1cef00000)]

Other Threads:
  0x000002a3335bd1e0 VMThread "VM Thread" [stack: 0x000000e1c9600000,0x000000e1c9700000] [id=27176]
  0x000002a33380d480 WatcherThread [stack: 0x000000e1ca200000,0x000000e1ca300000] [id=9048]
  0x000002a30fa76bf0 GCTaskThread "GC Thread#0" [stack: 0x000000e1c9100000,0x000000e1c9200000] [id=16404]
  0x000002a3386be8a0 GCTaskThread "GC Thread#1" [stack: 0x000000e1ca700000,0x000000e1ca800000] [id=8332]
  0x000002a3386beb60 GCTaskThread "GC Thread#2" [stack: 0x000000e1ca800000,0x000000e1ca900000] [id=24112]
  0x000002a338897cc0 GCTaskThread "GC Thread#3" [stack: 0x000000e1ca900000,0x000000e1caa00000] [id=24912]
  0x000002a3386c6500 GCTaskThread "GC Thread#4" [stack: 0x000000e1caa00000,0x000000e1cab00000] [id=15848]
  0x000002a3386e0e10 GCTaskThread "GC Thread#5" [stack: 0x000000e1cab00000,0x000000e1cac00000] [id=12112]
  0x000002a338891090 GCTaskThread "GC Thread#6" [stack: 0x000000e1cac00000,0x000000e1cad00000] [id=22600]
  0x000002a338891350 GCTaskThread "GC Thread#7" [stack: 0x000000e1cad00000,0x000000e1cae00000] [id=29376]
  0x000002a338cda810 GCTaskThread "GC Thread#8" [stack: 0x000000e1ca400000,0x000000e1ca500000] [id=29644]
  0x000002a338cd9fd0 GCTaskThread "GC Thread#9" [stack: 0x000000e1cd000000,0x000000e1cd100000] [id=9564]
  0x000002a338cd94d0 GCTaskThread "GC Thread#10" [stack: 0x000000e1cd100000,0x000000e1cd200000] [id=23388]
  0x000002a338cd9d10 GCTaskThread "GC Thread#11" [stack: 0x000000e1cda00000,0x000000e1cdb00000] [id=25108]
  0x000002a338cda550 GCTaskThread "GC Thread#12" [stack: 0x000000e1cdb00000,0x000000e1cdc00000] [id=21316]
  0x000002a30fa886f0 ConcurrentGCThread "G1 Main Marker" [stack: 0x000000e1c9200000,0x000000e1c9300000] [id=29288]
  0x000002a30fa89100 ConcurrentGCThread "G1 Conc#0" [stack: 0x000000e1c9300000,0x000000e1c9400000] [id=26604]
  0x000002a338cda290 ConcurrentGCThread "G1 Conc#1" [stack: 0x000000e1cd200000,0x000000e1cd300000] [id=29240]
  0x000002a338cd9790 ConcurrentGCThread "G1 Conc#2" [stack: 0x000000e1cd300000,0x000000e1cd400000] [id=18744]
  0x000002a333336b50 ConcurrentGCThread "G1 Refine#0" [stack: 0x000000e1c9400000,0x000000e1c9500000] [id=26232]
  0x000002a34d84e7d0 ConcurrentGCThread "G1 Refine#1" [stack: 0x000000e1ce600000,0x000000e1ce700000] [id=26180]
  0x000002a34d850530 ConcurrentGCThread "G1 Refine#2" [stack: 0x000000e1cef00000,0x000000e1cf000000] [id=26108]
  0x000002a34d850820 ConcurrentGCThread "G1 Refine#3" [stack: 0x000000e1cf000000,0x000000e1cf100000] [id=29248]
  0x000002a34d851cb0 ConcurrentGCThread "G1 Refine#4" [stack: 0x000000e1cf100000,0x000000e1cf200000] [id=29576]
  0x000002a34d84f0a0 ConcurrentGCThread "G1 Refine#5" [stack: 0x000000e1cf200000,0x000000e1cf300000] [id=28548]
  0x000002a34d84f390 ConcurrentGCThread "G1 Refine#6" [stack: 0x000000e1cf300000,0x000000e1cf400000] [id=14212]
  0x000002a34d850b10 ConcurrentGCThread "G1 Refine#7" [stack: 0x000000e1cf400000,0x000000e1cf500000] [id=21928]
  0x000002a34d84f680 ConcurrentGCThread "G1 Refine#8" [stack: 0x000000e1cf500000,0x000000e1cf600000] [id=9104]
  0x000002a30fabea10 ConcurrentGCThread "G1 Service" [stack: 0x000000e1c9500000,0x000000e1c9600000] [id=2332]

Threads with active compile tasks:
C2 CompilerThread0   193804 15524       4       sun.java2d.marlin.MarlinTileGenerator::getAlphaRLE (1749 bytes)

VM state: not at safepoint (normal execution)

VM Mutex/Monitor currently owned by a thread: None

Heap address: 0x000000070c000000, size: 3904 MB, Compressed Oops mode: Zero based, Oop shift amount: 3

CDS archive(s) not mapped
Compressed class space mapped at: 0x0000000800000000-0x0000000840000000, reserved size: 1073741824
Narrow klass base: 0x0000000800000000, Narrow klass shift: 0, Narrow klass range: 0x40000000

GC Precious Log:
 CPUs: 16 total, 16 available
 Memory: 15612M
 Large Page Support: Disabled
 NUMA Support: Disabled
 Compressed Oops: Enabled (Zero based)
 Heap Region Size: 2M
 Heap Min Capacity: 8M
 Heap Initial Capacity: 244M
 Heap Max Capacity: 3904M
 Pre-touch: Disabled
 Parallel Workers: 13
 Concurrent Workers: 3
 Concurrent Refinement Workers: 13
 Periodic GC: Disabled

Heap:
 garbage-first heap   total 387072K, used 252653K [0x000000070c000000, 0x0000000800000000)
  region size 2048K, 30 young (61440K), 5 survivors (10240K)
 Metaspace       used 87452K, committed 88768K, reserved 1179648K
  class space    used 9773K, committed 10368K, reserved 1048576K

Heap Regions: E=young(eden), S=young(survivor), O=old, HS=humongous(starts), HC=humongous(continues), CS=collection set, F=free, OA=open archive, CA=closed archive, TAMS=top-at-mark-start (previous, next)
|   0|0x000000070c000000, 0x000000070c200000, 0x000000070c200000|100%|HS|  |TAMS 0x000000070c200000, 0x000000070c000000| Complete 
|   1|0x000000070c200000, 0x000000070c400000, 0x000000070c400000|100%|HC|  |TAMS 0x000000070c400000, 0x000000070c200000| Complete 
|   2|0x000000070c400000, 0x000000070c600000, 0x000000070c600000|100%|HC|  |TAMS 0x000000070c600000, 0x000000070c400000| Complete 
|   3|0x000000070c600000, 0x000000070c800000, 0x000000070c800000|100%| O|  |TAMS 0x000000070c800000, 0x000000070c600000| Untracked 
|   4|0x000000070c800000, 0x000000070ca00000, 0x000000070ca00000|100%| O|  |TAMS 0x000000070ca00000, 0x000000070c800000| Untracked 
|   5|0x000000070ca00000, 0x000000070ca73a00, 0x000000070cc00000| 22%| O|  |TAMS 0x000000070ca73a00, 0x000000070ca00000| Untracked 
|   6|0x000000070cc00000, 0x000000070ce00000, 0x000000070ce00000|100%|HS|  |TAMS 0x000000070ce00000, 0x000000070cc00000| Complete 
|   7|0x000000070ce00000, 0x000000070d000000, 0x000000070d000000|100%|HC|  |TAMS 0x000000070d000000, 0x000000070ce00000| Complete 
|   8|0x000000070d000000, 0x000000070d200000, 0x000000070d200000|100%|HC|  |TAMS 0x000000070d200000, 0x000000070d000000| Complete 
|   9|0x000000070d200000, 0x000000070d400000, 0x000000070d400000|100%| O|  |TAMS 0x000000070d400000, 0x000000070d200000| Untracked 
|  10|0x000000070d400000, 0x000000070d600000, 0x000000070d600000|100%| O|  |TAMS 0x000000070d600000, 0x000000070d400000| Untracked 
|  11|0x000000070d600000, 0x000000070d800000, 0x000000070d800000|100%| O|  |TAMS 0x000000070d800000, 0x000000070d600000| Untracked 
|  12|0x000000070d800000, 0x000000070da00000, 0x000000070da00000|100%| O|  |TAMS 0x000000070da00000, 0x000000070d800000| Untracked 
|  13|0x000000070da00000, 0x000000070dc00000, 0x000000070dc00000|100%| O|  |TAMS 0x000000070dc00000, 0x000000070da00000| Untracked 
|  14|0x000000070dc00000, 0x000000070de00000, 0x000000070de00000|100%|HS|  |TAMS 0x000000070de00000, 0x000000070dc00000| Complete 
|  15|0x000000070de00000, 0x000000070e000000, 0x000000070e000000|100%| O|  |TAMS 0x000000070e000000, 0x000000070de00000| Untracked 
|  16|0x000000070e000000, 0x000000070e200000, 0x000000070e200000|100%| O|  |TAMS 0x000000070e200000, 0x000000070e000000| Untracked 
|  17|0x000000070e200000, 0x000000070e400000, 0x000000070e400000|100%| O|  |TAMS 0x000000070e400000, 0x000000070e200000| Untracked 
|  18|0x000000070e400000, 0x000000070e600000, 0x000000070e600000|100%| O|  |TAMS 0x000000070e600000, 0x000000070e400000| Untracked 
|  19|0x000000070e600000, 0x000000070e800000, 0x000000070e800000|100%| O|  |TAMS 0x000000070e800000, 0x000000070e600000| Untracked 
|  20|0x000000070e800000, 0x000000070ea00000, 0x000000070ea00000|100%| O|  |TAMS 0x000000070ea00000, 0x000000070e800000| Untracked 
|  21|0x000000070ea00000, 0x000000070ec00000, 0x000000070ec00000|100%|HS|  |TAMS 0x000000070ec00000, 0x000000070ea00000| Complete 
|  22|0x000000070ec00000, 0x000000070ee00000, 0x000000070ee00000|100%|HC|  |TAMS 0x000000070ee00000, 0x000000070ec00000| Complete 
|  23|0x000000070ee00000, 0x000000070f000000, 0x000000070f000000|100%|HS|  |TAMS 0x000000070f000000, 0x000000070ee00000| Complete 
|  24|0x000000070f000000, 0x000000070f200000, 0x000000070f200000|100%|HC|  |TAMS 0x000000070f200000, 0x000000070f000000| Complete 
|  25|0x000000070f200000, 0x000000070f400000, 0x000000070f400000|100%|HS|  |TAMS 0x000000070f400000, 0x000000070f200000| Complete 
|  26|0x000000070f400000, 0x000000070f600000, 0x000000070f600000|100%|HC|  |TAMS 0x000000070f600000, 0x000000070f400000| Complete 
|  27|0x000000070f600000, 0x000000070f800000, 0x000000070f800000|100%|HS|  |TAMS 0x000000070f800000, 0x000000070f600000| Complete 
|  28|0x000000070f800000, 0x000000070fa00000, 0x000000070fa00000|100%|HC|  |TAMS 0x000000070fa00000, 0x000000070f800000| Complete 
|  29|0x000000070fa00000, 0x000000070fc00000, 0x000000070fc00000|100%|HS|  |TAMS 0x000000070fc00000, 0x000000070fa00000| Complete 
|  30|0x000000070fc00000, 0x000000070fe00000, 0x000000070fe00000|100%|HC|  |TAMS 0x000000070fe00000, 0x000000070fc00000| Complete 
|  31|0x000000070fe00000, 0x0000000710000000, 0x0000000710000000|100%|HS|  |TAMS 0x0000000710000000, 0x000000070fe00000| Complete 
|  32|0x0000000710000000, 0x0000000710200000, 0x0000000710200000|100%|HC|  |TAMS 0x0000000710200000, 0x0000000710000000| Complete 
|  33|0x0000000710200000, 0x0000000710400000, 0x0000000710400000|100%|HS|  |TAMS 0x0000000710400000, 0x0000000710200000| Complete 
|  34|0x0000000710400000, 0x0000000710600000, 0x0000000710600000|100%|HC|  |TAMS 0x0000000710600000, 0x0000000710400000| Complete 
|  35|0x0000000710600000, 0x0000000710800000, 0x0000000710800000|100%|HS|  |TAMS 0x0000000710800000, 0x0000000710600000| Complete 
|  36|0x0000000710800000, 0x0000000710a00000, 0x0000000710a00000|100%|HC|  |TAMS 0x0000000710a00000, 0x0000000710800000| Complete 
|  37|0x0000000710a00000, 0x0000000710c00000, 0x0000000710c00000|100%|HS|  |TAMS 0x0000000710c00000, 0x0000000710a00000| Complete 
|  38|0x0000000710c00000, 0x0000000710e00000, 0x0000000710e00000|100%|HC|  |TAMS 0x0000000710e00000, 0x0000000710c00000| Complete 
|  39|0x0000000710e00000, 0x0000000711000000, 0x0000000711000000|100%|HS|  |TAMS 0x0000000711000000, 0x0000000710e00000| Complete 
|  40|0x0000000711000000, 0x0000000711200000, 0x0000000711200000|100%|HC|  |TAMS 0x0000000711200000, 0x0000000711000000| Complete 
|  41|0x0000000711200000, 0x0000000711400000, 0x0000000711400000|100%|HS|  |TAMS 0x0000000711400000, 0x0000000711200000| Complete 
|  42|0x0000000711400000, 0x0000000711600000, 0x0000000711600000|100%|HC|  |TAMS 0x0000000711600000, 0x0000000711400000| Complete 
|  43|0x0000000711600000, 0x0000000711800000, 0x0000000711800000|100%| O|  |TAMS 0x0000000711800000, 0x0000000711600000| Untracked 
|  44|0x0000000711800000, 0x0000000711a00000, 0x0000000711a00000|100%| O|  |TAMS 0x0000000711a00000, 0x0000000711800000| Untracked 
|  45|0x0000000711a00000, 0x0000000711c00000, 0x0000000711c00000|100%| O|  |TAMS 0x0000000711c00000, 0x0000000711a00000| Untracked 
|  46|0x0000000711c00000, 0x0000000711e00000, 0x0000000711e00000|100%| O|  |TAMS 0x0000000711e00000, 0x0000000711c00000| Untracked 
|  47|0x0000000711e00000, 0x0000000712000000, 0x0000000712000000|100%| O|  |TAMS 0x0000000712000000, 0x0000000711e00000| Untracked 
|  48|0x0000000712000000, 0x0000000712200000, 0x0000000712200000|100%| O|  |TAMS 0x0000000712200000, 0x0000000712000000| Untracked 
|  49|0x0000000712200000, 0x0000000712400000, 0x0000000712400000|100%| O|  |TAMS 0x0000000712400000, 0x0000000712200000| Untracked 
|  50|0x0000000712400000, 0x0000000712600000, 0x0000000712600000|100%| O|  |TAMS 0x0000000712600000, 0x0000000712400000| Untracked 
|  51|0x0000000712600000, 0x0000000712800000, 0x0000000712800000|100%| O|  |TAMS 0x0000000712800000, 0x0000000712600000| Untracked 
|  52|0x0000000712800000, 0x0000000712a00000, 0x0000000712a00000|100%| O|  |TAMS 0x0000000712a00000, 0x0000000712800000| Untracked 
|  53|0x0000000712a00000, 0x0000000712c00000, 0x0000000712c00000|100%| O|  |TAMS 0x0000000712c00000, 0x0000000712a00000| Untracked 
|  54|0x0000000712c00000, 0x0000000712e00000, 0x0000000712e00000|100%| O|  |TAMS 0x0000000712e00000, 0x0000000712c00000| Untracked 
|  55|0x0000000712e00000, 0x0000000713000000, 0x0000000713000000|100%|HS|  |TAMS 0x0000000713000000, 0x0000000712e00000| Complete 
|  56|0x0000000713000000, 0x0000000713200000, 0x0000000713200000|100%| O|  |TAMS 0x0000000713200000, 0x0000000713000000| Untracked 
|  57|0x0000000713200000, 0x0000000713400000, 0x0000000713400000|100%| O|  |TAMS 0x0000000713400000, 0x0000000713200000| Untracked 
|  58|0x0000000713400000, 0x0000000713600000, 0x0000000713600000|100%| O|  |TAMS 0x0000000713600000, 0x0000000713400000| Untracked 
|  59|0x0000000713600000, 0x0000000713800000, 0x0000000713800000|100%| O|  |TAMS 0x0000000713800000, 0x0000000713600000| Untracked 
|  60|0x0000000713800000, 0x0000000713a00000, 0x0000000713a00000|100%| O|  |TAMS 0x0000000713a00000, 0x0000000713800000| Untracked 
|  61|0x0000000713a00000, 0x0000000713c00000, 0x0000000713c00000|100%| O|  |TAMS 0x0000000713c00000, 0x0000000713a00000| Untracked 
|  62|0x0000000713c00000, 0x0000000713e00000, 0x0000000713e00000|100%| O|  |TAMS 0x0000000713e00000, 0x0000000713c00000| Untracked 
|  63|0x0000000713e00000, 0x0000000714000000, 0x0000000714000000|100%| O|  |TAMS 0x0000000714000000, 0x0000000713e00000| Untracked 
|  64|0x0000000714000000, 0x0000000714200000, 0x0000000714200000|100%| O|  |TAMS 0x0000000714200000, 0x0000000714000000| Untracked 
|  65|0x0000000714200000, 0x0000000714400000, 0x0000000714400000|100%| O|  |TAMS 0x0000000714400000, 0x0000000714200000| Untracked 
|  66|0x0000000714400000, 0x0000000714600000, 0x0000000714600000|100%| O|  |TAMS 0x0000000714600000, 0x0000000714400000| Untracked 
|  67|0x0000000714600000, 0x0000000714800000, 0x0000000714800000|100%| O|  |TAMS 0x0000000714800000, 0x0000000714600000| Untracked 
|  68|0x0000000714800000, 0x0000000714a00000, 0x0000000714a00000|100%| O|  |TAMS 0x0000000714a00000, 0x0000000714800000| Untracked 
|  69|0x0000000714a00000, 0x0000000714c00000, 0x0000000714c00000|100%| O|  |TAMS 0x0000000714c00000, 0x0000000714a00000| Untracked 
|  70|0x0000000714c00000, 0x0000000714e00000, 0x0000000714e00000|100%| O|  |TAMS 0x0000000714e00000, 0x0000000714c00000| Untracked 
|  71|0x0000000714e00000, 0x0000000715000000, 0x0000000715000000|100%| O|  |TAMS 0x0000000715000000, 0x0000000714e00000| Untracked 
|  72|0x0000000715000000, 0x0000000715200000, 0x0000000715200000|100%| O|  |TAMS 0x0000000715200000, 0x0000000715000000| Untracked 
|  73|0x0000000715200000, 0x0000000715400000, 0x0000000715400000|100%| O|  |TAMS 0x0000000715400000, 0x0000000715200000| Untracked 
|  74|0x0000000715400000, 0x0000000715600000, 0x0000000715600000|100%| O|  |TAMS 0x0000000715600000, 0x0000000715400000| Untracked 
|  75|0x0000000715600000, 0x0000000715800000, 0x0000000715800000|100%| O|  |TAMS 0x0000000715800000, 0x0000000715600000| Untracked 
|  76|0x0000000715800000, 0x0000000715a00000, 0x0000000715a00000|100%| O|  |TAMS 0x0000000715a00000, 0x0000000715800000| Untracked 
|  77|0x0000000715a00000, 0x0000000715c00000, 0x0000000715c00000|100%| O|  |TAMS 0x0000000715c00000, 0x0000000715a00000| Untracked 
|  78|0x0000000715c00000, 0x0000000715e00000, 0x0000000715e00000|100%| O|  |TAMS 0x0000000715e00000, 0x0000000715c00000| Untracked 
|  79|0x0000000715e00000, 0x0000000716000000, 0x0000000716000000|100%| O|  |TAMS 0x0000000716000000, 0x0000000715e00000| Untracked 
|  80|0x0000000716000000, 0x0000000716200000, 0x0000000716200000|100%| O|  |TAMS 0x0000000716200000, 0x0000000716000000| Untracked 
|  81|0x0000000716200000, 0x0000000716400000, 0x0000000716400000|100%| O|  |TAMS 0x0000000716400000, 0x0000000716200000| Untracked 
|  82|0x0000000716400000, 0x0000000716600000, 0x0000000716600000|100%| O|  |TAMS 0x0000000716600000, 0x0000000716400000| Untracked 
|  83|0x0000000716600000, 0x0000000716800000, 0x0000000716800000|100%| O|  |TAMS 0x0000000716800000, 0x0000000716600000| Untracked 
|  84|0x0000000716800000, 0x0000000716a00000, 0x0000000716a00000|100%| O|  |TAMS 0x0000000716a00000, 0x0000000716800000| Untracked 
|  85|0x0000000716a00000, 0x0000000716c00000, 0x0000000716c00000|100%| O|  |TAMS 0x0000000716c00000, 0x0000000716a00000| Untracked 
|  86|0x0000000716c00000, 0x0000000716e00000, 0x0000000716e00000|100%| O|  |TAMS 0x0000000716e00000, 0x0000000716c00000| Untracked 
|  87|0x0000000716e00000, 0x0000000717000000, 0x0000000717000000|100%| O|  |TAMS 0x0000000717000000, 0x0000000716e00000| Untracked 
|  88|0x0000000717000000, 0x00000007170d8400, 0x0000000717200000| 42%| O|  |TAMS 0x00000007170d8400, 0x0000000717000000| Untracked 
|  89|0x0000000717200000, 0x0000000717200000, 0x0000000717400000|  0%| F|  |TAMS 0x0000000717200000, 0x0000000717200000| Untracked 
|  90|0x0000000717400000, 0x0000000717400000, 0x0000000717600000|  0%| F|  |TAMS 0x0000000717400000, 0x0000000717400000| Untracked 
|  91|0x0000000717600000, 0x0000000717600000, 0x0000000717800000|  0%| F|  |TAMS 0x0000000717600000, 0x0000000717600000| Untracked 
|  92|0x0000000717800000, 0x0000000717800000, 0x0000000717a00000|  0%| F|  |TAMS 0x0000000717800000, 0x0000000717800000| Untracked 
|  93|0x0000000717a00000, 0x0000000717a00000, 0x0000000717c00000|  0%| F|  |TAMS 0x0000000717a00000, 0x0000000717a00000| Untracked 
|  94|0x0000000717c00000, 0x0000000717c00000, 0x0000000717e00000|  0%| F|  |TAMS 0x0000000717c00000, 0x0000000717c00000| Untracked 
|  95|0x0000000717e00000, 0x0000000717e00000, 0x0000000718000000|  0%| F|  |TAMS 0x0000000717e00000, 0x0000000717e00000| Untracked 
|  96|0x0000000718000000, 0x0000000718000000, 0x0000000718200000|  0%| F|  |TAMS 0x0000000718000000, 0x0000000718000000| Untracked 
|  97|0x0000000718200000, 0x0000000718200000, 0x0000000718400000|  0%| F|  |TAMS 0x0000000718200000, 0x0000000718200000| Untracked 
|  98|0x0000000718400000, 0x0000000718400000, 0x0000000718600000|  0%| F|  |TAMS 0x0000000718400000, 0x0000000718400000| Untracked 
|  99|0x0000000718600000, 0x0000000718800000, 0x0000000718800000|100%| O|  |TAMS 0x0000000718800000, 0x0000000718600000| Untracked 
| 100|0x0000000718800000, 0x0000000718a00000, 0x0000000718a00000|100%| O|  |TAMS 0x0000000718a00000, 0x0000000718800000| Untracked 
| 101|0x0000000718a00000, 0x0000000718c00000, 0x0000000718c00000|100%| O|  |TAMS 0x0000000718c00000, 0x0000000718a00000| Untracked 
| 102|0x0000000718c00000, 0x0000000718c00000, 0x0000000718e00000|  0%| F|  |TAMS 0x0000000718c00000, 0x0000000718c00000| Untracked 
| 103|0x0000000718e00000, 0x0000000719000000, 0x0000000719000000|100%| O|  |TAMS 0x0000000719000000, 0x0000000718e00000| Untracked 
| 104|0x0000000719000000, 0x0000000719200000, 0x0000000719200000|100%| O|  |TAMS 0x0000000719200000, 0x0000000719000000| Untracked 
| 105|0x0000000719200000, 0x0000000719400000, 0x0000000719400000|100%| O|  |TAMS 0x0000000719400000, 0x0000000719200000| Untracked 
| 106|0x0000000719400000, 0x0000000719600000, 0x0000000719600000|100%| O|  |TAMS 0x0000000719600000, 0x0000000719400000| Untracked 
| 107|0x0000000719600000, 0x0000000719600000, 0x0000000719800000|  0%| F|  |TAMS 0x0000000719600000, 0x0000000719600000| Untracked 
| 108|0x0000000719800000, 0x0000000719800000, 0x0000000719a00000|  0%| F|  |TAMS 0x0000000719800000, 0x0000000719800000| Untracked 
| 109|0x0000000719a00000, 0x0000000719a00000, 0x0000000719c00000|  0%| F|  |TAMS 0x0000000719a00000, 0x0000000719a00000| Untracked 
| 110|0x0000000719c00000, 0x0000000719c00000, 0x0000000719e00000|  0%| F|  |TAMS 0x0000000719c00000, 0x0000000719c00000| Untracked 
| 111|0x0000000719e00000, 0x0000000719e00000, 0x000000071a000000|  0%| F|  |TAMS 0x0000000719e00000, 0x0000000719e00000| Untracked 
| 112|0x000000071a000000, 0x000000071a000000, 0x000000071a200000|  0%| F|  |TAMS 0x000000071a000000, 0x000000071a000000| Untracked 
| 113|0x000000071a200000, 0x000000071a200000, 0x000000071a400000|  0%| F|  |TAMS 0x000000071a200000, 0x000000071a200000| Untracked 
| 114|0x000000071a400000, 0x000000071a400000, 0x000000071a600000|  0%| F|  |TAMS 0x000000071a400000, 0x000000071a400000| Untracked 
| 115|0x000000071a600000, 0x000000071a600000, 0x000000071a800000|  0%| F|  |TAMS 0x000000071a600000, 0x000000071a600000| Untracked 
| 116|0x000000071a800000, 0x000000071a800000, 0x000000071aa00000|  0%| F|  |TAMS 0x000000071a800000, 0x000000071a800000| Untracked 
| 117|0x000000071aa00000, 0x000000071aa00000, 0x000000071ac00000|  0%| F|  |TAMS 0x000000071aa00000, 0x000000071aa00000| Untracked 
| 118|0x000000071ac00000, 0x000000071ac00000, 0x000000071ae00000|  0%| F|  |TAMS 0x000000071ac00000, 0x000000071ac00000| Untracked 
| 119|0x000000071ae00000, 0x000000071ae00000, 0x000000071b000000|  0%| F|  |TAMS 0x000000071ae00000, 0x000000071ae00000| Untracked 
| 120|0x000000071b000000, 0x000000071b000000, 0x000000071b200000|  0%| F|  |TAMS 0x000000071b000000, 0x000000071b000000| Untracked 
| 121|0x000000071b200000, 0x000000071b36f9e0, 0x000000071b400000| 71%| S|CS|TAMS 0x000000071b200000, 0x000000071b200000| Complete 
| 122|0x000000071b400000, 0x000000071b600000, 0x000000071b600000|100%| S|CS|TAMS 0x000000071b400000, 0x000000071b400000| Complete 
| 123|0x000000071b600000, 0x000000071b600000, 0x000000071b800000|  0%| F|  |TAMS 0x000000071b600000, 0x000000071b600000| Untracked 
| 124|0x000000071b800000, 0x000000071ba00000, 0x000000071ba00000|100%| S|CS|TAMS 0x000000071b800000, 0x000000071b800000| Complete 
| 125|0x000000071ba00000, 0x000000071bc00000, 0x000000071bc00000|100%| S|CS|TAMS 0x000000071ba00000, 0x000000071ba00000| Complete 
| 126|0x000000071bc00000, 0x000000071be00000, 0x000000071be00000|100%| S|CS|TAMS 0x000000071bc00000, 0x000000071bc00000| Complete 
| 127|0x000000071be00000, 0x000000071be00000, 0x000000071c000000|  0%| F|  |TAMS 0x000000071be00000, 0x000000071be00000| Untracked 
| 128|0x000000071c000000, 0x000000071c000000, 0x000000071c200000|  0%| F|  |TAMS 0x000000071c000000, 0x000000071c000000| Untracked 
| 129|0x000000071c200000, 0x000000071c200000, 0x000000071c400000|  0%| F|  |TAMS 0x000000071c200000, 0x000000071c200000| Untracked 
| 130|0x000000071c400000, 0x000000071c400000, 0x000000071c600000|  0%| F|  |TAMS 0x000000071c400000, 0x000000071c400000| Untracked 
| 131|0x000000071c600000, 0x000000071c600000, 0x000000071c800000|  0%| F|  |TAMS 0x000000071c600000, 0x000000071c600000| Untracked 
| 132|0x000000071c800000, 0x000000071c800000, 0x000000071ca00000|  0%| F|  |TAMS 0x000000071c800000, 0x000000071c800000| Untracked 
| 133|0x000000071ca00000, 0x000000071ca00000, 0x000000071cc00000|  0%| F|  |TAMS 0x000000071ca00000, 0x000000071ca00000| Untracked 
| 134|0x000000071cc00000, 0x000000071cc00000, 0x000000071ce00000|  0%| F|  |TAMS 0x000000071cc00000, 0x000000071cc00000| Untracked 
| 135|0x000000071ce00000, 0x000000071ce00000, 0x000000071d000000|  0%| F|  |TAMS 0x000000071ce00000, 0x000000071ce00000| Untracked 
| 136|0x000000071d000000, 0x000000071d000000, 0x000000071d200000|  0%| F|  |TAMS 0x000000071d000000, 0x000000071d000000| Untracked 
| 137|0x000000071d200000, 0x000000071d200000, 0x000000071d400000|  0%| F|  |TAMS 0x000000071d200000, 0x000000071d200000| Untracked 
| 138|0x000000071d400000, 0x000000071d400000, 0x000000071d600000|  0%| F|  |TAMS 0x000000071d400000, 0x000000071d400000| Untracked 
| 139|0x000000071d600000, 0x000000071d600000, 0x000000071d800000|  0%| F|  |TAMS 0x000000071d600000, 0x000000071d600000| Untracked 
| 140|0x000000071d800000, 0x000000071d800000, 0x000000071da00000|  0%| F|  |TAMS 0x000000071d800000, 0x000000071d800000| Untracked 
| 141|0x000000071da00000, 0x000000071da00000, 0x000000071dc00000|  0%| F|  |TAMS 0x000000071da00000, 0x000000071da00000| Untracked 
| 142|0x000000071dc00000, 0x000000071dc00000, 0x000000071de00000|  0%| F|  |TAMS 0x000000071dc00000, 0x000000071dc00000| Untracked 
| 143|0x000000071de00000, 0x000000071de00000, 0x000000071e000000|  0%| F|  |TAMS 0x000000071de00000, 0x000000071de00000| Untracked 
| 144|0x000000071e000000, 0x000000071e000000, 0x000000071e200000|  0%| F|  |TAMS 0x000000071e000000, 0x000000071e000000| Untracked 
| 145|0x000000071e200000, 0x000000071e200000, 0x000000071e400000|  0%| F|  |TAMS 0x000000071e200000, 0x000000071e200000| Untracked 
| 146|0x000000071e400000, 0x000000071e400000, 0x000000071e600000|  0%| F|  |TAMS 0x000000071e400000, 0x000000071e400000| Untracked 
| 147|0x000000071e600000, 0x000000071e600000, 0x000000071e800000|  0%| F|  |TAMS 0x000000071e600000, 0x000000071e600000| Untracked 
| 148|0x000000071e800000, 0x000000071e800000, 0x000000071ea00000|  0%| F|  |TAMS 0x000000071e800000, 0x000000071e800000| Untracked 
| 149|0x000000071ea00000, 0x000000071ea00000, 0x000000071ec00000|  0%| F|  |TAMS 0x000000071ea00000, 0x000000071ea00000| Untracked 
| 150|0x000000071ec00000, 0x000000071ec00000, 0x000000071ee00000|  0%| F|  |TAMS 0x000000071ec00000, 0x000000071ec00000| Untracked 
| 151|0x000000071ee00000, 0x000000071ee00000, 0x000000071f000000|  0%| F|  |TAMS 0x000000071ee00000, 0x000000071ee00000| Untracked 
| 152|0x000000071f000000, 0x000000071f000000, 0x000000071f200000|  0%| F|  |TAMS 0x000000071f000000, 0x000000071f000000| Untracked 
| 153|0x000000071f200000, 0x000000071f200000, 0x000000071f400000|  0%| F|  |TAMS 0x000000071f200000, 0x000000071f200000| Untracked 
| 154|0x000000071f400000, 0x000000071f400000, 0x000000071f600000|  0%| F|  |TAMS 0x000000071f400000, 0x000000071f400000| Untracked 
| 155|0x000000071f600000, 0x000000071f600000, 0x000000071f800000|  0%| F|  |TAMS 0x000000071f600000, 0x000000071f600000| Untracked 
| 156|0x000000071f800000, 0x000000071f800000, 0x000000071fa00000|  0%| F|  |TAMS 0x000000071f800000, 0x000000071f800000| Untracked 
| 157|0x000000071fa00000, 0x000000071fa00000, 0x000000071fc00000|  0%| F|  |TAMS 0x000000071fa00000, 0x000000071fa00000| Untracked 
| 158|0x000000071fc00000, 0x000000071fc00000, 0x000000071fe00000|  0%| F|  |TAMS 0x000000071fc00000, 0x000000071fc00000| Untracked 
| 159|0x000000071fe00000, 0x000000071fe00000, 0x0000000720000000|  0%| F|  |TAMS 0x000000071fe00000, 0x000000071fe00000| Untracked 
| 160|0x0000000720000000, 0x0000000720000000, 0x0000000720200000|  0%| F|  |TAMS 0x0000000720000000, 0x0000000720000000| Untracked 
| 161|0x0000000720200000, 0x0000000720200000, 0x0000000720400000|  0%| F|  |TAMS 0x0000000720200000, 0x0000000720200000| Untracked 
| 162|0x0000000720400000, 0x0000000720400000, 0x0000000720600000|  0%| F|  |TAMS 0x0000000720400000, 0x0000000720400000| Untracked 
| 163|0x0000000720600000, 0x0000000720600000, 0x0000000720800000|  0%| F|  |TAMS 0x0000000720600000, 0x0000000720600000| Untracked 
| 164|0x0000000720800000, 0x00000007209c45c0, 0x0000000720a00000| 88%| E|  |TAMS 0x0000000720800000, 0x0000000720800000| Complete 
| 165|0x0000000720a00000, 0x0000000720c00000, 0x0000000720c00000|100%| E|CS|TAMS 0x0000000720a00000, 0x0000000720a00000| Complete 
| 166|0x0000000720c00000, 0x0000000720e00000, 0x0000000720e00000|100%| E|CS|TAMS 0x0000000720c00000, 0x0000000720c00000| Complete 
| 167|0x0000000720e00000, 0x0000000721000000, 0x0000000721000000|100%| E|CS|TAMS 0x0000000720e00000, 0x0000000720e00000| Complete 
| 168|0x0000000721000000, 0x0000000721200000, 0x0000000721200000|100%| E|CS|TAMS 0x0000000721000000, 0x0000000721000000| Complete 
| 169|0x0000000721200000, 0x0000000721400000, 0x0000000721400000|100%| E|CS|TAMS 0x0000000721200000, 0x0000000721200000| Complete 
| 170|0x0000000721400000, 0x0000000721600000, 0x0000000721600000|100%| E|CS|TAMS 0x0000000721400000, 0x0000000721400000| Complete 
| 171|0x0000000721600000, 0x0000000721800000, 0x0000000721800000|100%| E|CS|TAMS 0x0000000721600000, 0x0000000721600000| Complete 
| 172|0x0000000721800000, 0x0000000721a00000, 0x0000000721a00000|100%| E|CS|TAMS 0x0000000721800000, 0x0000000721800000| Complete 
| 173|0x0000000721a00000, 0x0000000721c00000, 0x0000000721c00000|100%| E|CS|TAMS 0x0000000721a00000, 0x0000000721a00000| Complete 
| 174|0x0000000721c00000, 0x0000000721e00000, 0x0000000721e00000|100%| E|CS|TAMS 0x0000000721c00000, 0x0000000721c00000| Complete 
| 175|0x0000000721e00000, 0x0000000722000000, 0x0000000722000000|100%| E|CS|TAMS 0x0000000721e00000, 0x0000000721e00000| Complete 
| 176|0x0000000722000000, 0x0000000722200000, 0x0000000722200000|100%| E|CS|TAMS 0x0000000722000000, 0x0000000722000000| Complete 
| 177|0x0000000722200000, 0x0000000722400000, 0x0000000722400000|100%| E|CS|TAMS 0x0000000722200000, 0x0000000722200000| Complete 
| 178|0x0000000722400000, 0x0000000722600000, 0x0000000722600000|100%| E|CS|TAMS 0x0000000722400000, 0x0000000722400000| Complete 
| 179|0x0000000722600000, 0x0000000722800000, 0x0000000722800000|100%| E|CS|TAMS 0x0000000722600000, 0x0000000722600000| Complete 
| 180|0x0000000722800000, 0x0000000722a00000, 0x0000000722a00000|100%| E|CS|TAMS 0x0000000722800000, 0x0000000722800000| Complete 
| 181|0x0000000722a00000, 0x0000000722c00000, 0x0000000722c00000|100%| E|CS|TAMS 0x0000000722a00000, 0x0000000722a00000| Complete 
| 182|0x0000000722c00000, 0x0000000722e00000, 0x0000000722e00000|100%| E|CS|TAMS 0x0000000722c00000, 0x0000000722c00000| Complete 
| 183|0x0000000722e00000, 0x0000000723000000, 0x0000000723000000|100%| E|CS|TAMS 0x0000000722e00000, 0x0000000722e00000| Complete 
| 184|0x0000000723000000, 0x0000000723200000, 0x0000000723200000|100%| E|CS|TAMS 0x0000000723000000, 0x0000000723000000| Complete 
| 185|0x0000000723200000, 0x0000000723400000, 0x0000000723400000|100%| E|CS|TAMS 0x0000000723200000, 0x0000000723200000| Complete 
| 186|0x0000000723400000, 0x0000000723600000, 0x0000000723600000|100%| E|CS|TAMS 0x0000000723400000, 0x0000000723400000| Complete 
| 187|0x0000000723600000, 0x0000000723800000, 0x0000000723800000|100%| E|CS|TAMS 0x0000000723600000, 0x0000000723600000| Complete 
| 188|0x0000000723800000, 0x0000000723a00000, 0x0000000723a00000|100%| E|CS|TAMS 0x0000000723800000, 0x0000000723800000| Complete 

Card table byte_map: [0x000002a327c70000,0x000002a328410000] _byte_map_base: 0x000002a324410000

Marking Bits (Prev, Next): (CMBitMap*) 0x000002a30fa78220, (CMBitMap*) 0x000002a30fa78260
 Prev Bits: [0x000002a328bb0000, 0x000002a32c8b0000)
 Next Bits: [0x000002a32c8b0000, 0x000002a3305b0000)

Polling page: 0x000002a30d980000

Metaspace:

Usage:
  Non-class:     75.86 MB used.
      Class:      9.54 MB used.
       Both:     85.40 MB used.

Virtual space:
  Non-class space:      128.00 MB reserved,      76.56 MB ( 60%) committed,  2 nodes.
      Class space:        1.00 GB reserved,      10.12 MB ( <1%) committed,  1 nodes.
             Both:        1.12 GB reserved,      86.69 MB (  8%) committed. 

Chunk freelists:
   Non-Class:  2.70 MB
       Class:  5.78 MB
        Both:  8.48 MB

MaxMetaspaceSize: unlimited
CompressedClassSpaceSize: 1.00 GB
Initial GC threshold: 21.00 MB
Current GC threshold: 144.06 MB
CDS: off
MetaspaceReclaimPolicy: balanced
 - commit_granule_bytes: 65536.
 - commit_granule_words: 8192.
 - virtual_space_node_default_size: 8388608.
 - enlarge_chunks_in_place: 1.
 - new_chunks_are_fully_committed: 0.
 - uncommit_free_chunks: 1.
 - use_allocation_guard: 0.
 - handle_deallocations: 1.


Internal statistics:

num_allocs_failed_limit: 9.
num_arena_births: 1370.
num_arena_deaths: 8.
num_vsnodes_births: 3.
num_vsnodes_deaths: 0.
num_space_committed: 1386.
num_space_uncommitted: 0.
num_chunks_returned_to_freelist: 35.
num_chunks_taken_from_freelist: 3748.
num_chunk_merges: 10.
num_chunk_splits: 2515.
num_chunks_enlarged: 1615.
num_inconsistent_stats: 0.

CodeHeap 'non-profiled nmethods': size=119168Kb used=12730Kb max_used=12730Kb free=106437Kb
 bounds [0x000002a31f7e0000, 0x000002a320450000, 0x000002a326c40000]
CodeHeap 'profiled nmethods': size=119104Kb used=25855Kb max_used=26511Kb free=93248Kb
 bounds [0x000002a317c40000, 0x000002a319630000, 0x000002a31f090000]
CodeHeap 'non-nmethods': size=7488Kb used=1614Kb max_used=3395Kb free=5873Kb
 bounds [0x000002a31f090000, 0x000002a31f400000, 0x000002a31f7e0000]
 total_blobs=13156 nmethods=12138 adapters=927
 compilation: enabled
              stopped_count=0, restarted_count=0
 full_count=0

Compilation events (20 events):
Event: 193.617 Thread 0x000002a3336942f0 nmethod 15514 0x000002a320446890 code [0x000002a320446a20, 0x000002a320446af8]
Event: 193.620 Thread 0x000002a3336917c0 15515       4       java.awt.geom.RoundRectIterator::next (11 bytes)
Event: 193.620 Thread 0x000002a3336917c0 nmethod 15515 0x000002a320446b90 code [0x000002a320446d00, 0x000002a320446d78]
Event: 193.620 Thread 0x000002a3336917c0 15516       4       sun.java2d.marlin.Renderer::_endRendering (2480 bytes)
Event: 193.649 Thread 0x000002a3336942f0 15519  s    3       javax.swing.RepaintManager::isPaintingThread (16 bytes)
Event: 193.649 Thread 0x000002a3336942f0 nmethod 15519 0x000002a31932a110 code [0x000002a31932a2a0, 0x000002a31932a4d8]
Event: 193.649 Thread 0x000002a3336942f0 15518       1       sun.awt.image.VolatileSurfaceManager::contentsLost (5 bytes)
Event: 193.649 Thread 0x000002a3336942f0 nmethod 15518 0x000002a320446e90 code [0x000002a320447020, 0x000002a3204470f8]
Event: 193.677 Thread 0x000002a3336942f0 15520       3       java.util.IdentityHashMap$KeySet::iterator (12 bytes)
Event: 193.678 Thread 0x000002a3336942f0 nmethod 15520 0x000002a318a42110 code [0x000002a318a422c0, 0x000002a318a42548]
Event: 193.678 Thread 0x000002a3336942f0 15521       3       java.util.IdentityHashMap$KeyIterator::<init> (11 bytes)
Event: 193.678 Thread 0x000002a3336942f0 nmethod 15521 0x000002a319220b10 code [0x000002a319220cc0, 0x000002a319220e48]
Event: 193.679 Thread 0x000002a3336942f0 15522   !   3       sun.java2d.d3d.D3DSurfaceData::swapBuffers (147 bytes)
Event: 193.681 Thread 0x000002a3336942f0 nmethod 15522 0x000002a319351e10 code [0x000002a3193522a0, 0x000002a319354698]
Event: 193.681 Thread 0x000002a3336942f0 15523       3       sun.java2d.d3d.D3DRenderQueue::isRenderQueueThread (15 bytes)
Event: 193.681 Thread 0x000002a3336942f0 nmethod 15523 0x000002a31946f990 code [0x000002a31946fb20, 0x000002a31946fc98]
Event: 193.712 Thread 0x000002a3336917c0 nmethod 15516 0x000002a320447190 code [0x000002a3204473a0, 0x000002a32044a0f0]
Event: 193.712 Thread 0x000002a3336917c0 15525       4       java.security.AccessController::getContext (23 bytes)
Event: 193.729 Thread 0x000002a3336917c0 nmethod 15525 0x000002a32044cd90 code [0x000002a32044cf80, 0x000002a32044e038]
Event: 193.729 Thread 0x000002a3336917c0 15524       4       sun.java2d.marlin.MarlinTileGenerator::getAlphaRLE (1749 bytes)

GC Heap History (20 events):
Event: 15.719 GC heap before
{Heap before GC invocations=40 (full 0):
 garbage-first heap   total 387072K, used 317579K [0x000000070c000000, 0x0000000800000000)
  region size 2048K, 101 young (206848K), 14 survivors (28672K)
 Metaspace       used 72744K, committed 73792K, reserved 1114112K
  class space    used 8142K, committed 8640K, reserved 1048576K
}
Event: 15.728 GC heap after
{Heap after GC invocations=41 (full 0):
 garbage-first heap   total 387072K, used 147636K [0x000000070c000000, 0x0000000800000000)
  region size 2048K, 3 young (6144K), 3 survivors (6144K)
 Metaspace       used 72744K, committed 73792K, reserved 1114112K
  class space    used 8142K, committed 8640K, reserved 1048576K
}
Event: 17.492 GC heap before
{Heap before GC invocations=41 (full 0):
 garbage-first heap   total 387072K, used 321716K [0x000000070c000000, 0x0000000800000000)
  region size 2048K, 89 young (182272K), 3 survivors (6144K)
 Metaspace       used 78925K, committed 80000K, reserved 1179648K
  class space    used 8939K, committed 9472K, reserved 1048576K
}
Event: 17.498 GC heap after
{Heap after GC invocations=42 (full 0):
 garbage-first heap   total 387072K, used 152668K [0x000000070c000000, 0x0000000800000000)
  region size 2048K, 6 young (12288K), 6 survivors (12288K)
 Metaspace       used 78925K, committed 80000K, reserved 1179648K
  class space    used 8939K, committed 9472K, reserved 1048576K
}
Event: 123.658 GC heap before
{Heap before GC invocations=42 (full 0):
 garbage-first heap   total 387072K, used 318556K [0x000000070c000000, 0x0000000800000000)
  region size 2048K, 88 young (180224K), 6 survivors (12288K)
 Metaspace       used 79800K, committed 80960K, reserved 1179648K
  class space    used 8969K, committed 9536K, reserved 1048576K
}
Event: 123.664 GC heap after
{Heap after GC invocations=43 (full 0):
 garbage-first heap   total 387072K, used 154645K [0x000000070c000000, 0x0000000800000000)
  region size 2048K, 7 young (14336K), 7 survivors (14336K)
 Metaspace       used 79800K, committed 80960K, reserved 1179648K
  class space    used 8969K, committed 9536K, reserved 1048576K
}
Event: 125.678 GC heap before
{Heap before GC invocations=43 (full 0):
 garbage-first heap   total 387072K, used 320533K [0x000000070c000000, 0x0000000800000000)
  region size 2048K, 89 young (182272K), 7 survivors (14336K)
 Metaspace       used 81552K, committed 82816K, reserved 1179648K
  class space    used 9143K, committed 9728K, reserved 1048576K
}
Event: 125.692 GC heap after
{Heap after GC invocations=44 (full 0):
 garbage-first heap   total 387072K, used 192726K [0x000000070c000000, 0x0000000800000000)
  region size 2048K, 12 young (24576K), 12 survivors (24576K)
 Metaspace       used 81552K, committed 82816K, reserved 1179648K
  class space    used 9143K, committed 9728K, reserved 1048576K
}
Event: 126.888 GC heap before
{Heap before GC invocations=44 (full 0):
 garbage-first heap   total 387072K, used 295126K [0x000000070c000000, 0x0000000800000000)
  region size 2048K, 62 young (126976K), 12 survivors (24576K)
 Metaspace       used 85968K, committed 87232K, reserved 1179648K
  class space    used 9666K, committed 10240K, reserved 1048576K
}
Event: 126.900 GC heap after
{Heap after GC invocations=45 (full 0):
 garbage-first heap   total 387072K, used 196270K [0x000000070c000000, 0x0000000800000000)
  region size 2048K, 3 young (6144K), 3 survivors (6144K)
 Metaspace       used 85968K, committed 87232K, reserved 1179648K
  class space    used 9666K, committed 10240K, reserved 1048576K
}
Event: 127.201 GC heap before
{Heap before GC invocations=45 (full 0):
 garbage-first heap   total 387072K, used 300718K [0x000000070c000000, 0x0000000800000000)
  region size 2048K, 54 young (110592K), 3 survivors (6144K)
 Metaspace       used 86169K, committed 87360K, reserved 1179648K
  class space    used 9682K, committed 10240K, reserved 1048576K
}
Event: 127.204 GC heap after
{Heap after GC invocations=46 (full 0):
 garbage-first heap   total 387072K, used 197384K [0x000000070c000000, 0x0000000800000000)
  region size 2048K, 3 young (6144K), 3 survivors (6144K)
 Metaspace       used 86169K, committed 87360K, reserved 1179648K
  class space    used 9682K, committed 10240K, reserved 1048576K
}
Event: 128.452 GC heap before
{Heap before GC invocations=47 (full 0):
 garbage-first heap   total 387072K, used 307976K [0x000000070c000000, 0x0000000800000000)
  region size 2048K, 57 young (116736K), 3 survivors (6144K)
 Metaspace       used 86271K, committed 87616K, reserved 1179648K
  class space    used 9690K, committed 10304K, reserved 1048576K
}
Event: 128.456 GC heap after
{Heap after GC invocations=48 (full 0):
 garbage-first heap   total 387072K, used 199067K [0x000000070c000000, 0x0000000800000000)
  region size 2048K, 4 young (8192K), 4 survivors (8192K)
 Metaspace       used 86271K, committed 87616K, reserved 1179648K
  class space    used 9690K, committed 10304K, reserved 1048576K
}
Event: 129.478 GC heap before
{Heap before GC invocations=48 (full 0):
 garbage-first heap   total 387072K, used 311707K [0x000000070c000000, 0x0000000800000000)
  region size 2048K, 60 young (122880K), 4 survivors (8192K)
 Metaspace       used 86543K, committed 87872K, reserved 1179648K
  class space    used 9715K, committed 10304K, reserved 1048576K
}
Event: 129.482 GC heap after
{Heap after GC invocations=49 (full 0):
 garbage-first heap   total 387072K, used 200562K [0x000000070c000000, 0x0000000800000000)
  region size 2048K, 5 young (10240K), 5 survivors (10240K)
 Metaspace       used 86543K, committed 87872K, reserved 1179648K
  class space    used 9715K, committed 10304K, reserved 1048576K
}
Event: 129.871 GC heap before
{Heap before GC invocations=50 (full 0):
 garbage-first heap   total 387072K, used 315250K [0x000000070c000000, 0x0000000800000000)
  region size 2048K, 62 young (126976K), 5 survivors (10240K)
 Metaspace       used 87058K, committed 88384K, reserved 1179648K
  class space    used 9753K, committed 10368K, reserved 1048576K
}
Event: 129.875 GC heap after
{Heap after GC invocations=51 (full 0):
 garbage-first heap   total 387072K, used 201573K [0x000000070c000000, 0x0000000800000000)
  region size 2048K, 4 young (8192K), 4 survivors (8192K)
 Metaspace       used 87058K, committed 88384K, reserved 1179648K
  class space    used 9753K, committed 10368K, reserved 1048576K
}
Event: 130.357 GC heap before
{Heap before GC invocations=51 (full 0):
 garbage-first heap   total 387072K, used 320357K [0x000000070c000000, 0x0000000800000000)
  region size 2048K, 63 young (129024K), 4 survivors (8192K)
 Metaspace       used 87187K, committed 88512K, reserved 1179648K
  class space    used 9756K, committed 10368K, reserved 1048576K
}
Event: 130.361 GC heap after
{Heap after GC invocations=52 (full 0):
 garbage-first heap   total 387072K, used 203501K [0x000000070c000000, 0x0000000800000000)
  region size 2048K, 5 young (10240K), 5 survivors (10240K)
 Metaspace       used 87187K, committed 88512K, reserved 1179648K
  class space    used 9756K, committed 10368K, reserved 1048576K
}

Dll operation events (15 events):
Event: 0.007 Loaded shared library D:\ProgrammingTool\CubeMX\jre\bin\java.dll
Event: 0.024 Loaded shared library D:\ProgrammingTool\CubeMX\jre\bin\jsvml.dll
Event: 0.088 Loaded shared library D:\ProgrammingTool\CubeMX\jre\bin\net.dll
Event: 0.089 Loaded shared library D:\ProgrammingTool\CubeMX\jre\bin\nio.dll
Event: 0.123 Loaded shared library D:\ProgrammingTool\CubeMX\jre\bin\zip.dll
Event: 0.161 Loaded shared library D:\ProgrammingTool\CubeMX\jre\bin\jimage.dll
Event: 0.362 Loaded shared library D:\ProgrammingTool\CubeMX\jre\bin\management.dll
Event: 0.368 Loaded shared library D:\ProgrammingTool\CubeMX\jre\bin\management_ext.dll
Event: 0.853 Loaded shared library D:\ProgrammingTool\CubeMX\jre\bin\awt.dll
Event: 1.369 Loaded shared library D:\ProgrammingTool\CubeMX\jre\bin\freetype.dll
Event: 1.370 Loaded shared library D:\ProgrammingTool\CubeMX\jre\bin\fontmanager.dll
Event: 1.542 Loaded shared library D:\ProgrammingTool\CubeMX\jre\bin\verify.dll
Event: 1.648 Loaded shared library D:\ProgrammingTool\CubeMX\jre\bin\prefs.dll
Event: 4.416 Loaded shared library D:\ProgrammingTool\CubeMX\jre\bin\sunmscapi.dll
Event: 11.306 Loaded shared library C:\Users\29934\AppData\Local\Temp\sqlite-3.34.0-10a1baf1-233c-46e9-989c-d6cfdc3cd04e-sqlitejdbc.dll

Deoptimization events (20 events):
Event: 131.060 Thread 0x000002a333806c10 DEOPT PACKING pc=0x000002a31fcb360c sp=0x000000e1cd5fcbd0
Event: 131.060 Thread 0x000002a333806c10 DEOPT UNPACKING pc=0x000002a31f0e69a3 sp=0x000000e1cd5fcb60 mode 2
Event: 131.061 Thread 0x000002a333806c10 Uncommon trap: trap_request=0xffffff45 fr.pc=0x000002a320137320 relative=0x0000000000000820
Event: 131.061 Thread 0x000002a333806c10 Uncommon trap: reason=unstable_if action=reinterpret pc=0x000002a320137320 method=sun.java2d.pipe.BufferedContext.validate(Lsun/java2d/pipe/hw/AccelSurface;Lsun/java2d/pipe/hw/AccelSurface;Lsun/java2d/pipe/Region;Ljava/awt/Composite;Ljava/awt/geom/AffineT
Event: 131.061 Thread 0x000002a333806c10 DEOPT PACKING pc=0x000002a320137320 sp=0x000000e1cd5fc3b0
Event: 131.061 Thread 0x000002a333806c10 DEOPT UNPACKING pc=0x000002a31f0e69a3 sp=0x000000e1cd5fc340 mode 2
Event: 131.092 Thread 0x000002a333806c10 Uncommon trap: trap_request=0xffffff45 fr.pc=0x000002a320133db0 relative=0x00000000000001d0
Event: 131.092 Thread 0x000002a333806c10 Uncommon trap: reason=unstable_if action=reinterpret pc=0x000002a320133db0 method=java.awt.geom.AffineTransform.updateState()V @ 95 c2
Event: 131.092 Thread 0x000002a333806c10 DEOPT PACKING pc=0x000002a320133db0 sp=0x000000e1cd5fd970
Event: 131.092 Thread 0x000002a333806c10 DEOPT UNPACKING pc=0x000002a31f0e69a3 sp=0x000000e1cd5fd908 mode 2
Event: 133.142 Thread 0x000002a333806c10 Uncommon trap: trap_request=0xffffffde fr.pc=0x000002a31ff18e4c relative=0x00000000000004ec
Event: 133.142 Thread 0x000002a333806c10 Uncommon trap: reason=class_check action=maybe_recompile pc=0x000002a31ff18e4c method=java.awt.AWTEventMulticaster.removeInternal(Ljava/util/EventListener;Ljava/util/EventListener;)Ljava/util/EventListener; @ 19 c2
Event: 133.142 Thread 0x000002a333806c10 DEOPT PACKING pc=0x000002a31ff18e4c sp=0x000000e1cd5fe4c0
Event: 133.142 Thread 0x000002a333806c10 DEOPT UNPACKING pc=0x000002a31f0e69a3 sp=0x000000e1cd5fe470 mode 2
Event: 133.143 Thread 0x000002a333806c10 DEOPT PACKING pc=0x000002a318693b58 sp=0x000000e1cd5fd3e0
Event: 133.143 Thread 0x000002a333806c10 DEOPT UNPACKING pc=0x000002a31f0e7143 sp=0x000000e1cd5fc7d8 mode 0
Event: 193.620 Thread 0x000002a333806c10 DEOPT PACKING pc=0x000002a319207463 sp=0x000000e1cd5fd300
Event: 193.620 Thread 0x000002a333806c10 DEOPT UNPACKING pc=0x000002a31f0e7143 sp=0x000000e1cd5fc6c8 mode 0
Event: 193.682 Thread 0x000002a333806c10 DEOPT PACKING pc=0x000002a318693b58 sp=0x000000e1cd5fd3e0
Event: 193.682 Thread 0x000002a333806c10 DEOPT UNPACKING pc=0x000002a31f0e7143 sp=0x000000e1cd5fc7d8 mode 0

Classes unloaded (20 events):
Event: 127.301 Thread 0x000002a3335bd1e0 Unloading class 0x000000080093e000 'com/st/stm32cube/ide/common/services/mx/jar/core/mx/plugin/PlugInInstaller$PlugInRoot'
Event: 127.301 Thread 0x000002a3335bd1e0 Unloading class 0x000000080093d400 'com/st/stm32cube/ide/common/services/mx/jar/core/mx/plugin/PlugInInstaller'
Event: 127.301 Thread 0x000002a3335bd1e0 Unloading class 0x000000080093dcc8 'com/st/stm32cube/ide/common/services/mx/jar/core/mx/plugin/PlugIn'
Event: 127.301 Thread 0x000002a3335bd1e0 Unloading class 0x000000080093d9f8 'com/st/stm32cube/ide/common/services/mx/jar/core/mx/plugin/PlugInAbstract'
Event: 127.301 Thread 0x000002a3335bd1e0 Unloading class 0x000000080093d800 'com/st/stm32cube/ide/common/services/mx/jar/core/mx/plugin/PlugInInterface'
Event: 127.301 Thread 0x000002a3335bd1e0 Unloading class 0x000000080093c7e0 'com/st/stm32cube/ide/common/services/mx/jar/core/mx/plugin/PlugInInstaller$PlugInRoot'
Event: 127.301 Thread 0x000002a3335bd1e0 Unloading class 0x000000080093c5a8 'com/st/stm32cube/ide/common/services/mx/jar/core/mx/plugin/PlugInInstaller'
Event: 127.301 Thread 0x000002a3335bd1e0 Unloading class 0x000000080093c2d0 'com/st/stm32cube/ide/common/services/mx/jar/core/mx/plugin/PlugIn'
Event: 127.301 Thread 0x000002a3335bd1e0 Unloading class 0x000000080093c000 'com/st/stm32cube/ide/common/services/mx/jar/core/mx/plugin/PlugInAbstract'
Event: 127.301 Thread 0x000002a3335bd1e0 Unloading class 0x000000080093bc00 'com/st/stm32cube/ide/common/services/mx/jar/core/mx/plugin/PlugInInterface'
Event: 127.301 Thread 0x000002a3335bd1e0 Unloading class 0x0000000800931238 'com/st/stm32cube/ide/common/services/mx/jar/core/mx/plugin/PlugInInstaller$PlugInRoot'
Event: 127.301 Thread 0x000002a3335bd1e0 Unloading class 0x0000000800931000 'com/st/stm32cube/ide/common/services/mx/jar/core/mx/plugin/PlugInInstaller'
Event: 127.301 Thread 0x000002a3335bd1e0 Unloading class 0x0000000800930cc8 'com/st/stm32cube/ide/common/services/mx/jar/core/mx/plugin/PlugIn'
Event: 127.301 Thread 0x000002a3335bd1e0 Unloading class 0x00000008009309f8 'com/st/stm32cube/ide/common/services/mx/jar/core/mx/plugin/PlugInAbstract'
Event: 127.301 Thread 0x000002a3335bd1e0 Unloading class 0x0000000800930800 'com/st/stm32cube/ide/common/services/mx/jar/core/mx/plugin/PlugInInterface'
Event: 127.301 Thread 0x000002a3335bd1e0 Unloading class 0x0000000800930238 'com/st/stm32cube/ide/common/services/mx/jar/core/mx/plugin/PlugInInstaller$PlugInRoot'
Event: 127.301 Thread 0x000002a3335bd1e0 Unloading class 0x0000000800930000 'com/st/stm32cube/ide/common/services/mx/jar/core/mx/plugin/PlugInInstaller'
Event: 127.301 Thread 0x000002a3335bd1e0 Unloading class 0x000000080092dcc8 'com/st/stm32cube/ide/common/services/mx/jar/core/mx/plugin/PlugIn'
Event: 127.301 Thread 0x000002a3335bd1e0 Unloading class 0x000000080092d9f8 'com/st/stm32cube/ide/common/services/mx/jar/core/mx/plugin/PlugInAbstract'
Event: 127.301 Thread 0x000002a3335bd1e0 Unloading class 0x000000080092d800 'com/st/stm32cube/ide/common/services/mx/jar/core/mx/plugin/PlugInInterface'

Classes redefined (0 events):
No events

Internal exceptions (20 events):
Event: 129.544 Thread 0x000002a34cc6d9c0 Exception <a 'java/io/IOException'{0x0000000722d86268}> (0x0000000722d86268) 
thrown [s\src\hotspot\share\prims\jni.cpp, line 516]
Event: 129.554 Thread 0x000002a34cc6d9c0 Exception <a 'java/io/IOException'{0x0000000722b080b8}> (0x0000000722b080b8) 
thrown [s\src\hotspot\share\prims\jni.cpp, line 516]
Event: 129.554 Thread 0x000002a34cc6d9c0 Exception <a 'java/io/IOException'{0x0000000722b08708}> (0x0000000722b08708) 
thrown [s\src\hotspot\share\prims\jni.cpp, line 516]
Event: 129.563 Thread 0x000002a34cc6d9c0 Exception <a 'java/io/IOException'{0x0000000722bd0190}> (0x0000000722bd0190) 
thrown [s\src\hotspot\share\prims\jni.cpp, line 516]
Event: 129.563 Thread 0x000002a34cc6d9c0 Exception <a 'java/io/IOException'{0x0000000722bd07e0}> (0x0000000722bd07e0) 
thrown [s\src\hotspot\share\prims\jni.cpp, line 516]
Event: 129.572 Thread 0x000002a34cc6d9c0 Exception <a 'java/io/IOException'{0x000000072266b910}> (0x000000072266b910) 
thrown [s\src\hotspot\share\prims\jni.cpp, line 516]
Event: 129.572 Thread 0x000002a34cc6d9c0 Exception <a 'java/io/IOException'{0x000000072266bf60}> (0x000000072266bf60) 
thrown [s\src\hotspot\share\prims\jni.cpp, line 516]
Event: 129.752 Thread 0x000002a34cc6d9c0 Exception <a 'java/lang/ClassNotFoundException'{0x000000071f2288c8}: com/st/microxplorer/plugins/projectmanager/model/ProjectSettingsBeanInfo> (0x000000071f2288c8) 
thrown [s\src\hotspot\share\classfile\systemDictionary.cpp, line 256]
Event: 129.752 Thread 0x000002a34cc6d9c0 Exception <a 'java/lang/ClassNotFoundException'{0x000000071f22a940}: com/st/microxplorer/plugins/projectmanager/model/ProjectSettingsCustomizer> (0x000000071f22a940) 
thrown [s\src\hotspot\share\classfile\systemDictionary.cpp, line 256]
Event: 129.756 Thread 0x000002a34cc6d9c0 Exception <a 'java/lang/ClassNotFoundException'{0x000000071f30cf40}: com/st/microxplorer/plugins/projectmanager/model/GroupBeanInfo> (0x000000071f30cf40) 
thrown [s\src\hotspot\share\classfile\systemDictionary.cpp, line 256]
Event: 129.756 Thread 0x000002a34cc6d9c0 Exception <a 'java/lang/ClassNotFoundException'{0x000000071f30eef8}: com/st/microxplorer/plugins/projectmanager/model/GroupCustomizer> (0x000000071f30eef8) 
thrown [s\src\hotspot\share\classfile\systemDictionary.cpp, line 256]
Event: 130.234 Thread 0x000002a34cc6d9c0 Implicit null exception at 0x000002a32019c6c2 to 0x000002a32019e204
Event: 130.908 Thread 0x000002a34cc6d9c0 Exception <a 'java/io/IOException'{0x0000000720b50998}> (0x0000000720b50998) 
thrown [s\src\hotspot\share\prims\jni.cpp, line 516]
Event: 130.908 Thread 0x000002a34cc6d9c0 Exception <a 'java/io/IOException'{0x0000000720b50d40}> (0x0000000720b50d40) 
thrown [s\src\hotspot\share\prims\jni.cpp, line 516]
Event: 130.908 Thread 0x000002a34cc6d9c0 Exception <a 'java/io/IOException'{0x0000000720b522c0}> (0x0000000720b522c0) 
thrown [s\src\hotspot\share\prims\jni.cpp, line 516]
Event: 130.908 Thread 0x000002a34cc6d9c0 Exception <a 'java/io/IOException'{0x0000000720b52668}> (0x0000000720b52668) 
thrown [s\src\hotspot\share\prims\jni.cpp, line 516]
Event: 130.909 Thread 0x000002a34cc6d9c0 Exception <a 'java/io/IOException'{0x0000000720b55220}> (0x0000000720b55220) 
thrown [s\src\hotspot\share\prims\jni.cpp, line 516]
Event: 130.909 Thread 0x000002a34cc6d9c0 Exception <a 'java/io/IOException'{0x0000000720b555c8}> (0x0000000720b555c8) 
thrown [s\src\hotspot\share\prims\jni.cpp, line 516]
Event: 130.911 Thread 0x000002a34cc6d9c0 Exception <a 'java/io/IOException'{0x0000000720b5bb58}> (0x0000000720b5bb58) 
thrown [s\src\hotspot\share\prims\jni.cpp, line 516]
Event: 130.911 Thread 0x000002a34cc6d9c0 Exception <a 'java/io/IOException'{0x0000000720b5bf00}> (0x0000000720b5bf00) 
thrown [s\src\hotspot\share\prims\jni.cpp, line 516]

VM Operations (20 events):
Event: 129.871 Executing VM operation: G1CollectForAllocation
Event: 129.875 Executing VM operation: G1CollectForAllocation done
Event: 129.917 Executing VM operation: HandshakeAllThreads
Event: 129.917 Executing VM operation: HandshakeAllThreads done
Event: 130.051 Executing VM operation: HandshakeAllThreads
Event: 130.051 Executing VM operation: HandshakeAllThreads done
Event: 130.357 Executing VM operation: G1CollectForAllocation
Event: 130.361 Executing VM operation: G1CollectForAllocation done
Event: 130.443 Executing VM operation: G1PauseRemark
Event: 130.447 Executing VM operation: G1PauseRemark done
Event: 130.476 Executing VM operation: G1PauseCleanup
Event: 130.476 Executing VM operation: G1PauseCleanup done
Event: 131.490 Executing VM operation: Cleanup
Event: 131.491 Executing VM operation: Cleanup done
Event: 132.504 Executing VM operation: Cleanup
Event: 132.504 Executing VM operation: Cleanup done
Event: 133.517 Executing VM operation: Cleanup
Event: 133.517 Executing VM operation: Cleanup done
Event: 180.707 Executing VM operation: HandshakeAllThreads
Event: 180.707 Executing VM operation: HandshakeAllThreads done

Events (20 events):
Event: 130.998 loading class javax/swing/plaf/basic/BasicOptionPaneUI$Actions done
Event: 130.998 loading class javax/swing/plaf/basic/BasicLookAndFeel$AudioAction
Event: 130.999 loading class javax/sound/sampled/LineListener
Event: 130.999 loading class javax/sound/sampled/LineListener done
Event: 130.999 loading class javax/swing/plaf/basic/BasicLookAndFeel$AudioAction done
Event: 131.013 loading class javax/swing/JOptionPane$1
Event: 131.013 loading class javax/swing/JOptionPane$1 done
Event: 131.013 loading class javax/swing/JOptionPane$2
Event: 131.013 loading class javax/swing/JOptionPane$2 done
Event: 131.013 loading class javax/swing/JOptionPane$3
Event: 131.013 loading class javax/swing/JOptionPane$3 done
Event: 131.726 Thread 0x000002a354707c00 Thread exited: 0x000002a354707c00
Event: 131.726 Thread 0x000002a34d03f000 Thread exited: 0x000002a34d03f000
Event: 131.726 Thread 0x000002a3547036f0 Thread exited: 0x000002a3547036f0
Event: 131.933 Thread 0x000002a354709140 Thread exited: 0x000002a354709140
Event: 131.933 Thread 0x000002a3547086a0 Thread exited: 0x000002a3547086a0
Event: 131.934 Thread 0x000002a354707160 Thread exited: 0x000002a354707160
Event: 131.934 Thread 0x000002a354709be0 Thread exited: 0x000002a354709be0
Event: 132.469 Thread 0x000002a3547046e0 Thread exited: 0x000002a3547046e0
Event: 135.431 Thread 0x000002a34cc6e3e0 Thread exited: 0x000002a34cc6e3e0


Dynamic libraries:
0x00007ff6105f0000 - 0x00007ff6105fe000 	D:\ProgrammingTool\CubeMX\jre\bin\javaw.exe
0x00007ff8f0c90000 - 0x00007ff8f0ea7000 	C:\WINDOWS\SYSTEM32\ntdll.dll
0x00007ff8eece0000 - 0x00007ff8eeda4000 	C:\WINDOWS\System32\KERNEL32.DLL
0x00007ff8ee1c0000 - 0x00007ff8ee57a000 	C:\WINDOWS\System32\KERNELBASE.dll
0x00007ff8ee0a0000 - 0x00007ff8ee1b1000 	C:\WINDOWS\System32\ucrtbase.dll
0x00007ff8e7670000 - 0x00007ff8e7687000 	D:\ProgrammingTool\CubeMX\jre\bin\jli.dll
0x00007ff8e5e90000 - 0x00007ff8e5ea9000 	D:\ProgrammingTool\CubeMX\jre\bin\VCRUNTIME140.dll
0x00007ff8f0aa0000 - 0x00007ff8f0c4e000 	C:\WINDOWS\System32\USER32.dll
0x00007ff8ee070000 - 0x00007ff8ee096000 	C:\WINDOWS\System32\win32u.dll
0x00007ff8d6c60000 - 0x00007ff8d6ef2000 	C:\WINDOWS\WinSxS\amd64_microsoft.windows.common-controls_6595b64144ccf1df_6.0.22621.4541_none_2710d1c57384c085\COMCTL32.dll
0x00007ff8eeac0000 - 0x00007ff8eeae9000 	C:\WINDOWS\System32\GDI32.dll
0x00007ff8f0490000 - 0x00007ff8f0537000 	C:\WINDOWS\System32\msvcrt.dll
0x00007ff8ee880000 - 0x00007ff8ee99b000 	C:\WINDOWS\System32\gdi32full.dll
0x00007ff8ee6f0000 - 0x00007ff8ee78a000 	C:\WINDOWS\System32\msvcp_win.dll
0x00007ff8eebf0000 - 0x00007ff8eec21000 	C:\WINDOWS\System32\IMM32.DLL
0x00007ff8e7860000 - 0x00007ff8e786c000 	D:\ProgrammingTool\CubeMX\jre\bin\vcruntime140_1.dll
0x00007ff889d80000 - 0x00007ff889e11000 	D:\ProgrammingTool\CubeMX\jre\bin\msvcp140.dll
0x00007ff837c90000 - 0x00007ff8388dc000 	D:\ProgrammingTool\CubeMX\jre\bin\server\jvm.dll
0x00007ff8ef3a0000 - 0x00007ff8ef452000 	C:\WINDOWS\System32\ADVAPI32.dll
0x00007ff8f09f0000 - 0x00007ff8f0a97000 	C:\WINDOWS\System32\sechost.dll
0x00007ff8ee850000 - 0x00007ff8ee878000 	C:\WINDOWS\System32\bcrypt.dll
0x00007ff8ef190000 - 0x00007ff8ef2a4000 	C:\WINDOWS\System32\RPCRT4.dll
0x00007ff8ede40000 - 0x00007ff8ede8d000 	C:\WINDOWS\SYSTEM32\POWRPROF.dll
0x00007ff8b3e60000 - 0x00007ff8b3e69000 	C:\WINDOWS\SYSTEM32\WSOCK32.dll
0x00007ff8e7fb0000 - 0x00007ff8e7fe4000 	C:\WINDOWS\SYSTEM32\WINMM.dll
0x00007ff8e3b60000 - 0x00007ff8e3b6a000 	C:\WINDOWS\SYSTEM32\VERSION.dll
0x00007ff8f03b0000 - 0x00007ff8f0421000 	C:\WINDOWS\System32\WS2_32.dll
0x00007ff8ede20000 - 0x00007ff8ede33000 	C:\WINDOWS\SYSTEM32\UMPDC.dll
0x00007ff8ecf70000 - 0x00007ff8ecf88000 	C:\WINDOWS\SYSTEM32\kernel.appcore.dll
0x00007ff8df2b0000 - 0x00007ff8df2ba000 	D:\ProgrammingTool\CubeMX\jre\bin\jimage.dll
0x00007ff8eb7a0000 - 0x00007ff8eb9d2000 	C:\WINDOWS\SYSTEM32\DBGHELP.DLL
0x00007ff8ef720000 - 0x00007ff8efaaf000 	C:\WINDOWS\System32\combase.dll
0x00007ff8ef2b0000 - 0x00007ff8ef387000 	C:\WINDOWS\System32\OLEAUT32.dll
0x00007ff88c540000 - 0x00007ff88c572000 	C:\WINDOWS\SYSTEM32\dbgcore.DLL
0x00007ff8edff0000 - 0x00007ff8ee06b000 	C:\WINDOWS\System32\bcryptPrimitives.dll
0x00007ff8dad10000 - 0x00007ff8dad35000 	D:\ProgrammingTool\CubeMX\jre\bin\java.dll
0x00007ff8882d0000 - 0x00007ff8883a6000 	D:\ProgrammingTool\CubeMX\jre\bin\jsvml.dll
0x00007ff8efab0000 - 0x00007ff8f0328000 	C:\WINDOWS\System32\SHELL32.dll
0x00007ff8ebe60000 - 0x00007ff8ec768000 	C:\WINDOWS\SYSTEM32\windows.storage.dll
0x00007ff8ebd20000 - 0x00007ff8ebe5f000 	C:\WINDOWS\SYSTEM32\wintypes.dll
0x00007ff8eeaf0000 - 0x00007ff8eebea000 	C:\WINDOWS\System32\SHCORE.dll
0x00007ff8eec80000 - 0x00007ff8eecde000 	C:\WINDOWS\System32\shlwapi.dll
0x00007ff8edea0000 - 0x00007ff8edecb000 	C:\WINDOWS\SYSTEM32\profapi.dll
0x00007ff8dafa0000 - 0x00007ff8dafb9000 	D:\ProgrammingTool\CubeMX\jre\bin\net.dll
0x00007ff8e99a0000 - 0x00007ff8e9ad6000 	C:\WINDOWS\SYSTEM32\WINHTTP.dll
0x00007ff8ed3e0000 - 0x00007ff8ed449000 	C:\WINDOWS\system32\mswsock.dll
0x00007ff8dacf0000 - 0x00007ff8dad05000 	D:\ProgrammingTool\CubeMX\jre\bin\nio.dll
0x00007ff8dacd0000 - 0x00007ff8dace8000 	D:\ProgrammingTool\CubeMX\jre\bin\zip.dll
0x00007ff8db1d0000 - 0x00007ff8db1d9000 	D:\ProgrammingTool\CubeMX\jre\bin\management.dll
0x00007ff8dacc0000 - 0x00007ff8daccb000 	D:\ProgrammingTool\CubeMX\jre\bin\management_ext.dll
0x00007ff8f0540000 - 0x00007ff8f0548000 	C:\WINDOWS\System32\PSAPI.DLL
0x00007ff8c2a90000 - 0x00007ff8c2aa7000 	C:\WINDOWS\system32\napinsp.dll
0x00007ff8c2970000 - 0x00007ff8c298b000 	C:\WINDOWS\system32\pnrpnsp.dll
0x00007ff8eca40000 - 0x00007ff8ecb42000 	C:\WINDOWS\SYSTEM32\DNSAPI.dll
0x00007ff8eca10000 - 0x00007ff8eca3d000 	C:\WINDOWS\SYSTEM32\IPHLPAPI.DLL
0x00007ff8ef460000 - 0x00007ff8ef469000 	C:\WINDOWS\System32\NSI.dll
0x00007ff8c08e0000 - 0x00007ff8c08f1000 	C:\WINDOWS\System32\winrnr.dll
0x00007ff8e76d0000 - 0x00007ff8e76e5000 	C:\WINDOWS\system32\wshbth.dll
0x00007ff8be820000 - 0x00007ff8be847000 	C:\WINDOWS\system32\nlansp_c.dll
0x0000000062430000 - 0x000000006243b000 	C:\Program Files\National Instruments\Shared\mDNS Responder\nimdnsNSP.dll
0x0000000062410000 - 0x0000000062421000 	C:\WINDOWS\SYSTEM32\nimdnsResponder.dll
0x00000000623e0000 - 0x0000000062406000 	C:\Program Files\Bonjour\mdnsNSP.dll
0x00007ff8e7f50000 - 0x00007ff8e7f5a000 	C:\Windows\System32\rasadhlp.dll
0x00007ff8e7ff0000 - 0x00007ff8e8073000 	C:\WINDOWS\System32\fwpuclnt.dll
0x00007ff87c4e0000 - 0x00007ff87c66e000 	D:\ProgrammingTool\CubeMX\jre\bin\awt.dll
0x00007ff8e75b0000 - 0x00007ff8e7647000 	C:\WINDOWS\SYSTEM32\apphelp.dll
0x00007ff8ed660000 - 0x00007ff8ed67b000 	C:\WINDOWS\SYSTEM32\CRYPTSP.dll
0x00007ff8eced0000 - 0x00007ff8ecf05000 	C:\WINDOWS\system32\rsaenh.dll
0x00007ff8ed480000 - 0x00007ff8ed4a8000 	C:\WINDOWS\SYSTEM32\USERENV.dll
0x00007ff8ed5f0000 - 0x00007ff8ed5fc000 	C:\WINDOWS\SYSTEM32\CRYPTBASE.dll
0x00007ff8e95a0000 - 0x00007ff8e95b9000 	C:\WINDOWS\SYSTEM32\dhcpcsvc6.DLL
0x00007ff8e94f0000 - 0x00007ff8e950f000 	C:\WINDOWS\SYSTEM32\dhcpcsvc.DLL
0x00007ff8eaf60000 - 0x00007ff8eb011000 	C:\WINDOWS\system32\uxtheme.dll
0x00007ff8eee60000 - 0x00007ff8eefc1000 	C:\WINDOWS\System32\MSCTF.dll
0x00007ff8eefe0000 - 0x00007ff8ef185000 	C:\WINDOWS\System32\ole32.dll
0x00007ff8eb1d0000 - 0x00007ff8eb1fb000 	C:\WINDOWS\system32\DWMAPI.DLL
0x00007ff8a6380000 - 0x00007ff8a6480000 	C:\WINDOWS\system32\opengl32.dll
0x00007ff8b3950000 - 0x00007ff8b397d000 	C:\WINDOWS\SYSTEM32\GLU32.dll
0x00007ff8eb070000 - 0x00007ff8eb0a7000 	C:\WINDOWS\SYSTEM32\dxcore.dll
0x00007ff88fbf0000 - 0x00007ff88fd98000 	C:\WINDOWS\system32\d3d9.dll
0x00007ff8e1530000 - 0x00007ff8e16eb000 	C:\WINDOWS\System32\DriverStore\FileRepository\u0403623.inf_amd64_4376f9270b31b935\B403749\aticfx64.dll
0x00007ff835ec0000 - 0x00007ff837c8f000 	C:\WINDOWS\System32\DriverStore\FileRepository\u0403623.inf_amd64_4376f9270b31b935\B403749\amdxn64.dll
0x00007ff8f0550000 - 0x00007ff8f09c4000 	C:\WINDOWS\System32\SETUPAPI.dll
0x00007ff8eb0b0000 - 0x00007ff8eb1a7000 	C:\WINDOWS\SYSTEM32\dxgi.dll
0x00007ff8df580000 - 0x00007ff8df5b5000 	C:\WINDOWS\SYSTEM32\amdihk64.dll
0x00007ff8e33d0000 - 0x00007ff8e3419000 	C:\WINDOWS\SYSTEM32\directxdatabasehelper.dll
0x00007ff88c590000 - 0x00007ff88c616000 	D:\ProgrammingTool\CubeMX\jre\bin\freetype.dll
0x00007ff8881f0000 - 0x00007ff8882c3000 	D:\ProgrammingTool\CubeMX\jre\bin\fontmanager.dll
0x00007ff8c3e70000 - 0x00007ff8c3e80000 	D:\ProgrammingTool\CubeMX\jre\bin\verify.dll
0x00007ff8c3e60000 - 0x00007ff8c3e69000 	D:\ProgrammingTool\CubeMX\jre\bin\prefs.dll
0x00007ff8b3300000 - 0x00007ff8b330e000 	D:\ProgrammingTool\CubeMX\jre\bin\sunmscapi.dll
0x00007ff8ee580000 - 0x00007ff8ee6e6000 	C:\WINDOWS\System32\CRYPT32.dll
0x00007ff8ed840000 - 0x00007ff8ed86d000 	C:\WINDOWS\SYSTEM32\ncrypt.dll
0x00007ff8ed800000 - 0x00007ff8ed837000 	C:\WINDOWS\SYSTEM32\NTASN1.dll
0x00007ff8ed6d0000 - 0x00007ff8ed6e2000 	C:\WINDOWS\SYSTEM32\MSASN1.dll
0x00007ff8ed450000 - 0x00007ff8ed476000 	C:\WINDOWS\SYSTEM32\gpapi.dll
0x00007ff8d90e0000 - 0x00007ff8d914a000 	C:\WINDOWS\system32\ncryptprov.dll
0x00007ff8eedb0000 - 0x00007ff8eee60000 	C:\WINDOWS\System32\clbcatq.dll
0x00007ff8eacc0000 - 0x00007ff8eae70000 	C:\WINDOWS\SYSTEM32\WindowsCodecs.dll
0x00007ff8c9c20000 - 0x00007ff8c9c7e000 	C:\WINDOWS\system32\dataexchange.dll
0x00007ff8e78f0000 - 0x00007ff8e7b94000 	C:\WINDOWS\system32\twinapi.appcore.dll
0x00007ff8e3230000 - 0x00007ff8e3375000 	C:\WINDOWS\SYSTEM32\textinputframework.dll
0x00007ff8d0d10000 - 0x00007ff8d0d79000 	C:\WINDOWS\system32\Oleacc.dll
0x00007ff8d3300000 - 0x00007ff8d334b000 	C:\WINDOWS\system32\ApplicationTargetedFeatureDatabase.dll
0x0000000067740000 - 0x0000000067818000 	C:\Users\29934\AppData\Local\Temp\sqlite-3.34.0-10a1baf1-233c-46e9-989c-d6cfdc3cd04e-sqlitejdbc.dll
0x00007ff8e5eb0000 - 0x00007ff8e5fe3000 	C:\WINDOWS\SYSTEM32\CoreMessaging.dll
0x00007ff8e3de0000 - 0x00007ff8e414d000 	C:\WINDOWS\SYSTEM32\CoreUIComponents.dll
0x00007ff8834a0000 - 0x00007ff883923000 	C:\WINDOWS\system32\SogouTSF.ime
0x00007ff8c00f0000 - 0x00007ff8c00f7000 	C:\WINDOWS\system32\MSIMG32.dll
0x00007ff882600000 - 0x00007ff883497000 	C:\WINDOWS\system32\SogouPY.ime
0x00007ff8ed080000 - 0x00007ff8ed0b4000 	C:\WINDOWS\SYSTEM32\ntmarta.dll
0x00007ff8c7750000 - 0x00007ff8c77f6000 	D:\CommonSoftware\SouGouInput\SogouInput\Components\idabg\1.0.0.2398\idabg_bundle64.dll
0x00007ff87fd70000 - 0x00007ff880050000 	D:\CommonSoftware\SouGouInput\SogouInput\Components\PicFace\1.1.0.2326\PicFace64.dll
0x00007ff8ee9a0000 - 0x00007ff8eeaa0000 	C:\WINDOWS\System32\COMDLG32.dll
0x0000000010000000 - 0x000000001059c000 	D:\CommonSoftware\SouGouInput\SogouInput\14.7.0.9764\Resource.dll
0x00007ff8d4b20000 - 0x00007ff8d4bd1000 	C:\WINDOWS\SYSTEM32\TextShaping.dll

dbghelp: loaded successfully - version: 4.0.5 - missing functions: none
symbol engine: initialized successfully - sym options: 0x614 - pdb path: .;D:\ProgrammingTool\CubeMX\jre\bin;C:\WINDOWS\SYSTEM32;C:\WINDOWS\WinSxS\amd64_microsoft.windows.common-controls_6595b64144ccf1df_6.0.22621.4541_none_2710d1c57384c085;D:\ProgrammingTool\CubeMX\jre\bin\server;C:\Program Files\National Instruments\Shared\mDNS Responder;C:\Program Files\Bonjour;C:\WINDOWS\System32\DriverStore\FileRepository\u0403623.inf_amd64_4376f9270b31b935\B403749;C:\Users\29934\AppData\Local\Temp;D:\CommonSoftware\SouGouInput\SogouInput\Components\idabg\1.0.0.2398;D:\CommonSoftware\SouGouInput\SogouInput\Components\PicFace\1.1.0.2326;D:\CommonSoftware\SouGouInput\SogouInput\14.7.0.9764

VM Arguments:
jvm_args: -Djavax.net.ssl.trustStoreType=WINDOWS-ROOT 
java_command: com.st.microxplorer.maingui.STM32CubeMX D:\desktop\ICAT\L431Template.ioc
java_class_path (initial): D:\ProgrammingTool\CubeMX\STM32CubeMX.exe;anything
Launcher Type: SUN_STANDARD

[Global flags]
     intx CICompilerCount                          = 12                                        {product} {ergonomic}
     uint ConcGCThreads                            = 3                                         {product} {ergonomic}
     uint G1ConcRefinementThreads                  = 13                                        {product} {ergonomic}
   size_t G1HeapRegionSize                         = 2097152                                   {product} {ergonomic}
    uintx GCDrainStackTargetSize                   = 64                                        {product} {ergonomic}
   size_t InitialHeapSize                          = 255852544                                 {product} {ergonomic}
   size_t MarkStackSize                            = 4194304                                   {product} {ergonomic}
   size_t MaxHeapSize                              = 4093640704                                {product} {ergonomic}
   size_t MaxNewSize                               = 2455764992                                {product} {ergonomic}
   size_t MinHeapDeltaBytes                        = 2097152                                   {product} {ergonomic}
   size_t MinHeapSize                              = 8388608                                   {product} {ergonomic}
    uintx NonNMethodCodeHeapSize                   = 7602480                                {pd product} {ergonomic}
    uintx NonProfiledCodeHeapSize                  = 122027880                              {pd product} {ergonomic}
    uintx ProfiledCodeHeapSize                     = 122027880                              {pd product} {ergonomic}
    uintx ReservedCodeCacheSize                    = 251658240                              {pd product} {ergonomic}
     bool SegmentedCodeCache                       = true                                      {product} {ergonomic}
   size_t SoftMaxHeapSize                          = 4093640704                             {manageable} {ergonomic}
     bool UseCompressedClassPointers               = true                           {product lp64_product} {ergonomic}
     bool UseCompressedOops                        = true                           {product lp64_product} {ergonomic}
     bool UseG1GC                                  = true                                      {product} {ergonomic}
     bool UseLargePagesIndividualAllocation        = false                                  {pd product} {ergonomic}

Logging:
Log output configuration:
 #0: stdout all=warning uptime,level,tags
 #1: stderr all=off uptime,level,tags

Environment Variables:
PATH=D:\ProgrammingTool\CubeMX\;C:\Program Files (x86)\NVIDIA Corporation\PhysX\Common;C:\WINDOWS\system32;C:\WINDOWS;C:\WINDOWS\System32\Wbem;C:\WINDOWS\System32\WindowsPowerShell\v1.0\;C:\WINDOWS\System32\OpenSSH\;D:\DevelopmentTool\Matlab23\runtime\win64;D:\DevelopmentTool\Matlab23\bin;D:\Environment\C\mingw64\bin;C:\Program Files\dotnet\;C:\Program Files\Git\cmd;C:\Users\29934\AppData\Local\Programs\Python\Python312;C:\Program Files\Microsoft SQL Server\Client SDK\ODBC\170\Tools\Binn\;C:\Program Files (x86)\Microsoft SQL Server\150\Tools\Binn\;C:\Program Files\Microsoft SQL Server\150\Tools\Binn\;C:\Program Files\Microsoft SQL Server\150\DTS\Binn\;C:\Program Files (x86)\Windows Kits\8.1\Windows Performance Toolkit\;C:\Users\29934\AppData\Local\Programs\Python\Python312\Scripts\;C:\Users\29934\AppData\Local\Programs\Python\Python312\;C:\Users\29934\AppData\Local\Microsoft\WindowsApps;D:\ProgrammingTool\VsCode\Microsoft VS Code\bin;D:\DevelopmentTool\IntelliJ IDEA 2023.3.2\bin;;C:\Users\29934\PyCharm 2023.3.2\bin;;D:\Environment\C\mingw64\bin;D:\ProgrammingTool\Modelsim\win64;C:\Users\29934\AppData\Local\Programs\Python\Python312;C:\Users\29934\AppData\Local\GitHubDesktop\bin;D:\ProgrammingTool\CubeMX\.\jre\\bin
USERNAME=29934
OS=Windows_NT
PROCESSOR_IDENTIFIER=AMD64 Family 25 Model 68 Stepping 1, AuthenticAMD
TMP=C:\Users\29934\AppData\Local\Temp
TEMP=C:\Users\29934\AppData\Local\Temp



---------------  S Y S T E M  ---------------

OS:
 Windows 11 , 64 bit Build 22621 (10.0.22621.4391)
OS uptime: 0 days 3:01 hours
Hyper-V role detected

CPU: total 16 (initial active 16) (16 cores per cpu, 2 threads per core) family 25 model 68 stepping 1 microcode 0x0, cx8, cmov, fxsr, ht, mmx, 3dnowpref, sse, sse2, sse3, ssse3, sse4a, sse4.1, sse4.2, popcnt, lzcnt, tsc, tscinvbit, avx, avx2, aes, erms, clmul, bmi1, bmi2, adx, sha, fma, vzeroupper, clflush, clflushopt, hv
Processor Information for processor 0
  Max Mhz: 3201, Current Mhz: 3201, Mhz Limit: 3201
Processor Information for processor 1
  Max Mhz: 3201, Current Mhz: 3201, Mhz Limit: 3201
Processor Information for processor 2
  Max Mhz: 3201, Current Mhz: 1989, Mhz Limit: 3201
Processor Information for processor 3
  Max Mhz: 3201, Current Mhz: 1989, Mhz Limit: 3201
Processor Information for processor 4
  Max Mhz: 3201, Current Mhz: 3201, Mhz Limit: 3201
Processor Information for processor 5
  Max Mhz: 3201, Current Mhz: 3201, Mhz Limit: 3201
Processor Information for processor 6
  Max Mhz: 3201, Current Mhz: 3201, Mhz Limit: 3201
Processor Information for processor 7
  Max Mhz: 3201, Current Mhz: 3201, Mhz Limit: 3201
Processor Information for processor 8
  Max Mhz: 3201, Current Mhz: 3201, Mhz Limit: 3201
Processor Information for processor 9
  Max Mhz: 3201, Current Mhz: 3201, Mhz Limit: 3201
Processor Information for processor 10
  Max Mhz: 3201, Current Mhz: 3201, Mhz Limit: 3201
Processor Information for processor 11
  Max Mhz: 3201, Current Mhz: 3201, Mhz Limit: 3201
Processor Information for processor 12
  Max Mhz: 3201, Current Mhz: 3201, Mhz Limit: 3201
Processor Information for processor 13
  Max Mhz: 3201, Current Mhz: 3201, Mhz Limit: 3201
Processor Information for processor 14
  Max Mhz: 3201, Current Mhz: 3201, Mhz Limit: 3201
Processor Information for processor 15
  Max Mhz: 3201, Current Mhz: 3201, Mhz Limit: 3201

Memory: 4k page, system-wide physical 15612M (2775M free)
TotalPageFile size 15612M (AvailPageFile size 5M)
current process WorkingSet (physical memory assigned to process): 797M, peak: 898M
current process commit charge ("private bytes"): 860M, peak: 958M

vm_info: OpenJDK 64-Bit Server VM (17.0.8.1+1) for windows-amd64 JRE (17.0.8.1+1), built on Aug 23 2023 15:29:17 by "admin" with MS VC++ 16.7 (VS2019)

END.
