#
# There is insufficient memory for the Java Runtime Environment to continue.
# Native memory allocation (malloc) failed to allocate 1591936 bytes for Chunk::new
# Possible reasons:
#   The system is out of physical RAM or swap space
#   The process is running with CompressedOops enabled, and the Java Heap may be blocking the growth of the native heap
# Possible solutions:
#   Reduce memory load on the system
#   Increase physical memory or swap space
#   Check if swap backing store is full
#   Decrease Java heap size (-Xmx/-Xms)
#   Decrease number of Java threads
#   Decrease Java thread stack sizes (-Xss)
#   Set larger code cache with -XX:ReservedCodeCacheSize=
#   JVM is running with Zero Based Compressed Oops mode in which the Java heap is
#     placed in the first 32GB address space. The Java Heap base address is the
#     maximum limit for the native heap growth. Please use -XX:HeapBaseMinAddress
#     to set the Java Heap base and to place the Java Heap above 32GB virtual address.
# This output file may be truncated or incomplete.
#
#  Out of Memory Error (arena.cpp:189), pid=16724, tid=26212
#
# JRE version: OpenJDK Runtime Environment Temurin-17.0.8.1+1 (17.0.8.1+1) (build 17.0.8.1+1)
# Java VM: OpenJDK 64-Bit Server VM Temurin-17.0.8.1+1 (17.0.8.1+1, mixed mode, tiered, compressed oops, compressed class ptrs, g1 gc, windows-amd64)
# No core dump will be written. Minidumps are not enabled by default on client versions of Windows
#

---------------  S U M M A R Y ------------

Command Line: -Djavax.net.ssl.trustStoreType=WINDOWS-ROOT com.st.microxplorer.maingui.STM32CubeMX D:\desktop\ICAT\L431Template.ioc

Host: AMD Ryzen 7 6800HS with Radeon Graphics         , 16 cores, 15G,  Windows 11 , 64 bit Build 22621 (10.0.22621.4391)
Time: Sun Nov 24 22:01:13 2024  Windows 11 , 64 bit Build 22621 (10.0.22621.4391) elapsed time: 1432.147252 seconds (0d 0h 23m 52s)

---------------  T H R E A D  ---------------

Current thread (0x000001d224817030):  JavaThread "C2 CompilerThread0" daemon [_thread_in_native, id=26212, stack(0x0000001bb4900000,0x0000001bb4a00000)]


Current CompileTask:
C2:1432147 17345       4       com.st.microxplorer.db.ApiDbIPConfig::getParamName (404 bytes)

Stack: [0x0000001bb4900000,0x0000001bb4a00000]
Native frames: (J=compiled Java code, j=interpreted, Vv=VM code, C=native code)
V  [jvm.dll+0x678b0a]
V  [jvm.dll+0x835e84]
V  [jvm.dll+0x83762e]
V  [jvm.dll+0x837c93]
V  [jvm.dll+0x24746f]
V  [jvm.dll+0xac20c]
V  [jvm.dll+0xac7dc]
V  [jvm.dll+0x365ca7]
V  [jvm.dll+0x3301a1]
V  [jvm.dll+0x32f64a]
V  [jvm.dll+0x219bf1]
V  [jvm.dll+0x219011]
V  [jvm.dll+0x1a534d]
V  [jvm.dll+0x228d8a]
V  [jvm.dll+0x226dcc]
V  [jvm.dll+0x7ec09b]
V  [jvm.dll+0x7e64ca]
V  [jvm.dll+0x677955]
C  [ucrtbase.dll+0x29333]
C  [KERNEL32.DLL+0x1259d]
C  [ntdll.dll+0x5af38]


---------------  P R O C E S S  ---------------

Threads class SMR info:
_java_thread_list=0x000001d2458e0d50, length=25, elements={
0x000001d2247fc250, 0x000001d2247fdee0, 0x000001d2247e9590, 0x000001d22483d150,
0x000001d2247ea250, 0x000001d224815420, 0x000001d224817030, 0x000001d224817940,
0x000001d224862030, 0x000001d2249cb450, 0x000001d2249e3010, 0x000001d2293fb1a0,
0x000001d22970e120, 0x000001d22970ee10, 0x000001d23bb73eb0, 0x000001d23bb73490,
0x000001d23bb72a70, 0x000001d23bb75800, 0x000001d23baba900, 0x000001d23babbd40,
0x000001d24159f540, 0x000001d24159e550, 0x000001d24159a590, 0x000001d23cbe7a80,
0x000001d23cbec160
}

Java Threads: ( => current thread )
  0x000001d2247fc250 JavaThread "Reference Handler" daemon [_thread_blocked, id=920, stack(0x0000001bb4300000,0x0000001bb4400000)]
  0x000001d2247fdee0 JavaThread "Finalizer" daemon [_thread_blocked, id=2848, stack(0x0000001bb4400000,0x0000001bb4500000)]
  0x000001d2247e9590 JavaThread "Signal Dispatcher" daemon [_thread_blocked, id=2796, stack(0x0000001bb4500000,0x0000001bb4600000)]
  0x000001d22483d150 JavaThread "Attach Listener" daemon [_thread_blocked, id=9756, stack(0x0000001bb4600000,0x0000001bb4700000)]
  0x000001d2247ea250 JavaThread "Service Thread" daemon [_thread_blocked, id=23696, stack(0x0000001bb4700000,0x0000001bb4800000)]
  0x000001d224815420 JavaThread "Monitor Deflation Thread" daemon [_thread_blocked, id=13028, stack(0x0000001bb4800000,0x0000001bb4900000)]
=>0x000001d224817030 JavaThread "C2 CompilerThread0" daemon [_thread_in_native, id=26212, stack(0x0000001bb4900000,0x0000001bb4a00000)]
  0x000001d224817940 JavaThread "C1 CompilerThread0" daemon [_thread_blocked, id=27856, stack(0x0000001bb4a00000,0x0000001bb4b00000)]
  0x000001d224862030 JavaThread "Sweeper thread" daemon [_thread_blocked, id=24292, stack(0x0000001bb4b00000,0x0000001bb4c00000)]
  0x000001d2249cb450 JavaThread "Notification Thread" daemon [_thread_blocked, id=26108, stack(0x0000001bb4d00000,0x0000001bb4e00000)]
  0x000001d2249e3010 JavaThread "Common-Cleaner" daemon [_thread_blocked, id=2480, stack(0x0000001bb4f00000,0x0000001bb5000000)]
  0x000001d2293fb1a0 JavaThread "Java2D Disposer" daemon [_thread_blocked, id=29296, stack(0x0000001bb5200000,0x0000001bb5300000)]
  0x000001d22970e120 JavaThread "AWT-Shutdown" [_thread_blocked, id=24664, stack(0x0000001bb5a00000,0x0000001bb5b00000)]
  0x000001d22970ee10 JavaThread "AWT-Windows" daemon [_thread_in_native, id=28080, stack(0x0000001bb5b00000,0x0000001bb5c00000)]
  0x000001d23bb73eb0 JavaThread "AWT-EventQueue-0" [_thread_in_native, id=25336, stack(0x0000001bb8000000,0x0000001bb8100000)]
  0x000001d23bb73490 JavaThread "D3D Screen Updater" daemon [_thread_blocked, id=12828, stack(0x0000001bb8300000,0x0000001bb8400000)]
  0x000001d23bb72a70 JavaThread "DestroyJavaVM" [_thread_blocked, id=20452, stack(0x0000001bb3c00000,0x0000001bb3d00000)]
  0x000001d23bb75800 JavaThread "TimerQueue" daemon [_thread_blocked, id=29232, stack(0x0000001bb8400000,0x0000001bb8500000)]
  0x000001d23baba900 JavaThread "SwingWorker-pool-2-thread-1" daemon [_thread_blocked, id=21240, stack(0x0000001bb8a00000,0x0000001bb8b00000)]
  0x000001d23babbd40 JavaThread "SwingWorker-pool-2-thread-2" daemon [_thread_blocked, id=21996, stack(0x0000001bb4c00000,0x0000001bb4d00000)]
  0x000001d24159f540 JavaThread "C2 CompilerThread1" daemon [_thread_in_native, id=13536, stack(0x0000001bb3b00000,0x0000001bb3c00000)]
  0x000001d24159e550 JavaThread "C1 CompilerThread1" daemon [_thread_blocked, id=29004, stack(0x0000001bb5000000,0x0000001bb5100000)]
  0x000001d24159a590 JavaThread "C2 CompilerThread2" daemon [_thread_in_native, id=25900, stack(0x0000001bb8200000,0x0000001bb8300000)]
  0x000001d23cbe7a80 JavaThread "Thread-2248" [_thread_in_native, id=12644, stack(0x0000001bb3a00000,0x0000001bb3b00000)]
  0x000001d23cbec160 JavaThread "Keep-Alive-Timer" daemon [_thread_blocked, id=29104, stack(0x0000001bb8c00000,0x0000001bb8d00000)]

Other Threads:
  0x000001d2247da670 VMThread "VM Thread" [stack: 0x0000001bb4200000,0x0000001bb4300000] [id=26420]
  0x000001d27f7ebc20 WatcherThread [stack: 0x0000001bb4e00000,0x0000001bb4f00000] [id=13664]
  0x000001d27f7a7f60 GCTaskThread "GC Thread#0" [stack: 0x0000001bb3d00000,0x0000001bb3e00000] [id=28000]
  0x000001d229cd3b80 GCTaskThread "GC Thread#1" [stack: 0x0000001bb5300000,0x0000001bb5400000] [id=4864]
  0x000001d2296a83f0 GCTaskThread "GC Thread#2" [stack: 0x0000001bb5400000,0x0000001bb5500000] [id=21412]
  0x000001d2296a86b0 GCTaskThread "GC Thread#3" [stack: 0x0000001bb5500000,0x0000001bb5600000] [id=26884]
  0x000001d2296a8d80 GCTaskThread "GC Thread#4" [stack: 0x0000001bb5600000,0x0000001bb5700000] [id=3564]
  0x000001d22971c520 GCTaskThread "GC Thread#5" [stack: 0x0000001bb5700000,0x0000001bb5800000] [id=8524]
  0x000001d22971cbf0 GCTaskThread "GC Thread#6" [stack: 0x0000001bb5800000,0x0000001bb5900000] [id=7372]
  0x000001d22971d4c0 GCTaskThread "GC Thread#7" [stack: 0x0000001bb5900000,0x0000001bb5a00000] [id=4876]
  0x000001d229e3e5c0 GCTaskThread "GC Thread#8" [stack: 0x0000001bb7b00000,0x0000001bb7c00000] [id=22600]
  0x000001d229e3d800 GCTaskThread "GC Thread#9" [stack: 0x0000001bb7c00000,0x0000001bb7d00000] [id=29376]
  0x000001d229e3dac0 GCTaskThread "GC Thread#10" [stack: 0x0000001bb7d00000,0x0000001bb7e00000] [id=21200]
  0x000001d229e3e880 GCTaskThread "GC Thread#11" [stack: 0x0000001bb8700000,0x0000001bb8800000] [id=26536]
  0x000001d229e3d280 GCTaskThread "GC Thread#12" [stack: 0x0000001bb8800000,0x0000001bb8900000] [id=19700]
  0x000001d27f7b9a60 ConcurrentGCThread "G1 Main Marker" [stack: 0x0000001bb3e00000,0x0000001bb3f00000] [id=21128]
  0x000001d27f7ba470 ConcurrentGCThread "G1 Conc#0" [stack: 0x0000001bb3f00000,0x0000001bb4000000] [id=14532]
  0x000001d229e3dd80 ConcurrentGCThread "G1 Conc#1" [stack: 0x0000001bb7e00000,0x0000001bb7f00000] [id=3340]
  0x000001d229e3e040 ConcurrentGCThread "G1 Conc#2" [stack: 0x0000001bb7f00000,0x0000001bb8000000] [id=26324]
  0x000001d27f7ee840 ConcurrentGCThread "G1 Refine#0" [stack: 0x0000001bb4000000,0x0000001bb4100000] [id=2316]
  0x000001d23dd2f070 ConcurrentGCThread "G1 Refine#1" [stack: 0x0000001bb8900000,0x0000001bb8a00000] [id=29136]
  0x000001d2420b9470 ConcurrentGCThread "G1 Refine#2" [stack: 0x0000001bb9a00000,0x0000001bb9b00000] [id=16736]
  0x000001d2420ba320 ConcurrentGCThread "G1 Refine#3" [stack: 0x0000001bb9b00000,0x0000001bb9c00000] [id=29512]
  0x000001d2420b9180 ConcurrentGCThread "G1 Refine#4" [stack: 0x0000001bb9c00000,0x0000001bb9d00000] [id=3380]
  0x000001d23edef0c0 ConcurrentGCThread "G1 Refine#5" [stack: 0x0000001bb9600000,0x0000001bb9700000] [id=20744]
  0x000001d23ededf20 ConcurrentGCThread "G1 Refine#6" [stack: 0x0000001bb9700000,0x0000001bb9800000] [id=4732]
  0x000001d23edf0260 ConcurrentGCThread "G1 Refine#7" [stack: 0x0000001bb9800000,0x0000001bb9900000] [id=28988]
  0x000001d23edf0840 ConcurrentGCThread "G1 Refine#8" [stack: 0x0000001bb9900000,0x0000001bb9a00000] [id=23756]
  0x000001d2244f9830 ConcurrentGCThread "G1 Service" [stack: 0x0000001bb4100000,0x0000001bb4200000] [id=19760]

Threads with active compile tasks:
C2 CompilerThread0  1432178 17345       4       com.st.microxplorer.db.ApiDbIPConfig::getParamName (404 bytes)
C2 CompilerThread1  1432178 17379       4       freemarker.ext.beans.MemberMatcher::matches (60 bytes)
C2 CompilerThread2  1432178 17381       4       freemarker.ext.beans.MemberSelectorListMemberAccessPolicy$1::isMethodExposed (59 bytes)

VM state: not at safepoint (normal execution)

VM Mutex/Monitor currently owned by a thread: None

Heap address: 0x000000070c000000, size: 3904 MB, Compressed Oops mode: Zero based, Oop shift amount: 3

CDS archive(s) not mapped
Compressed class space mapped at: 0x0000000800000000-0x0000000840000000, reserved size: 1073741824
Narrow klass base: 0x0000000800000000, Narrow klass shift: 0, Narrow klass range: 0x40000000

GC Precious Log:
 CPUs: 16 total, 16 available
 Memory: 15612M
 Large Page Support: Disabled
 NUMA Support: Disabled
 Compressed Oops: Enabled (Zero based)
 Heap Region Size: 2M
 Heap Min Capacity: 8M
 Heap Initial Capacity: 244M
 Heap Max Capacity: 3904M
 Pre-touch: Disabled
 Parallel Workers: 13
 Concurrent Workers: 3
 Concurrent Refinement Workers: 13
 Periodic GC: Disabled

Heap:
 garbage-first heap   total 448512K, used 296885K [0x000000070c000000, 0x0000000800000000)
  region size 2048K, 45 young (92160K), 3 survivors (6144K)
 Metaspace       used 91562K, committed 92864K, reserved 1179648K
  class space    used 10231K, committed 10880K, reserved 1048576K

Heap Regions: E=young(eden), S=young(survivor), O=old, HS=humongous(starts), HC=humongous(continues), CS=collection set, F=free, OA=open archive, CA=closed archive, TAMS=top-at-mark-start (previous, next)
|   0|0x000000070c000000, 0x000000070c200000, 0x000000070c200000|100%|HS|  |TAMS 0x000000070c200000, 0x000000070c000000| Complete 
|   1|0x000000070c200000, 0x000000070c400000, 0x000000070c400000|100%|HC|  |TAMS 0x000000070c400000, 0x000000070c200000| Complete 
|   2|0x000000070c400000, 0x000000070c600000, 0x000000070c600000|100%|HC|  |TAMS 0x000000070c600000, 0x000000070c400000| Complete 
|   3|0x000000070c600000, 0x000000070c800000, 0x000000070c800000|100%| O|  |TAMS 0x000000070c800000, 0x000000070c600000| Untracked 
|   4|0x000000070c800000, 0x000000070ca00000, 0x000000070ca00000|100%| O|  |TAMS 0x000000070ca00000, 0x000000070c800000| Untracked 
|   5|0x000000070ca00000, 0x000000070cc00000, 0x000000070cc00000|100%| O|  |TAMS 0x000000070cc00000, 0x000000070ca00000| Untracked 
|   6|0x000000070cc00000, 0x000000070ce00000, 0x000000070ce00000|100%|HS|  |TAMS 0x000000070ce00000, 0x000000070cc00000| Complete 
|   7|0x000000070ce00000, 0x000000070d000000, 0x000000070d000000|100%|HC|  |TAMS 0x000000070d000000, 0x000000070ce00000| Complete 
|   8|0x000000070d000000, 0x000000070d200000, 0x000000070d200000|100%|HC|  |TAMS 0x000000070d200000, 0x000000070d000000| Complete 
|   9|0x000000070d200000, 0x000000070d400000, 0x000000070d400000|100%| O|  |TAMS 0x000000070d400000, 0x000000070d200000| Untracked 
|  10|0x000000070d400000, 0x000000070d600000, 0x000000070d600000|100%| O|  |TAMS 0x000000070d600000, 0x000000070d400000| Untracked 
|  11|0x000000070d600000, 0x000000070d800000, 0x000000070d800000|100%| O|  |TAMS 0x000000070d800000, 0x000000070d600000| Untracked 
|  12|0x000000070d800000, 0x000000070da00000, 0x000000070da00000|100%| O|  |TAMS 0x000000070da00000, 0x000000070d800000| Untracked 
|  13|0x000000070da00000, 0x000000070dc00000, 0x000000070dc00000|100%| O|  |TAMS 0x000000070dc00000, 0x000000070da00000| Untracked 
|  14|0x000000070dc00000, 0x000000070de00000, 0x000000070de00000|100%|HS|  |TAMS 0x000000070de00000, 0x000000070dc00000| Complete 
|  15|0x000000070de00000, 0x000000070e000000, 0x000000070e000000|100%| O|  |TAMS 0x000000070e000000, 0x000000070de00000| Untracked 
|  16|0x000000070e000000, 0x000000070e200000, 0x000000070e200000|100%| O|  |TAMS 0x000000070e200000, 0x000000070e000000| Untracked 
|  17|0x000000070e200000, 0x000000070e400000, 0x000000070e400000|100%| O|  |TAMS 0x000000070e400000, 0x000000070e200000| Untracked 
|  18|0x000000070e400000, 0x000000070e600000, 0x000000070e600000|100%|HS|  |TAMS 0x000000070e600000, 0x000000070e400000| Complete 
|  19|0x000000070e600000, 0x000000070e800000, 0x000000070e800000|100%|HC|  |TAMS 0x000000070e800000, 0x000000070e600000| Complete 
|  20|0x000000070e800000, 0x000000070ea00000, 0x000000070ea00000|100%| O|  |TAMS 0x000000070ea00000, 0x000000070e800000| Untracked 
|  21|0x000000070ea00000, 0x000000070ec00000, 0x000000070ec00000|100%|HS|  |TAMS 0x000000070ec00000, 0x000000070ea00000| Complete 
|  22|0x000000070ec00000, 0x000000070ee00000, 0x000000070ee00000|100%|HC|  |TAMS 0x000000070ee00000, 0x000000070ec00000| Complete 
|  23|0x000000070ee00000, 0x000000070f000000, 0x000000070f000000|100%| O|  |TAMS 0x000000070f000000, 0x000000070ee00000| Untracked 
|  24|0x000000070f000000, 0x000000070f200000, 0x000000070f200000|100%|HS|  |TAMS 0x000000070f200000, 0x000000070f000000| Complete 
|  25|0x000000070f200000, 0x000000070f400000, 0x000000070f400000|100%|HC|  |TAMS 0x000000070f400000, 0x000000070f200000| Complete 
|  26|0x000000070f400000, 0x000000070f600000, 0x000000070f600000|100%|HS|  |TAMS 0x000000070f600000, 0x000000070f400000| Complete 
|  27|0x000000070f600000, 0x000000070f800000, 0x000000070f800000|100%|HC|  |TAMS 0x000000070f800000, 0x000000070f600000| Complete 
|  28|0x000000070f800000, 0x000000070fa00000, 0x000000070fa00000|100%| O|  |TAMS 0x000000070fa00000, 0x000000070f800000| Untracked 
|  29|0x000000070fa00000, 0x000000070fc00000, 0x000000070fc00000|100%| O|  |TAMS 0x000000070fc00000, 0x000000070fa00000| Untracked 
|  30|0x000000070fc00000, 0x000000070fe00000, 0x000000070fe00000|100%|HS|  |TAMS 0x000000070fe00000, 0x000000070fc00000| Complete 
|  31|0x000000070fe00000, 0x0000000710000000, 0x0000000710000000|100%|HC|  |TAMS 0x0000000710000000, 0x000000070fe00000| Complete 
|  32|0x0000000710000000, 0x0000000710200000, 0x0000000710200000|100%|HS|  |TAMS 0x0000000710200000, 0x0000000710000000| Complete 
|  33|0x0000000710200000, 0x0000000710400000, 0x0000000710400000|100%|HC|  |TAMS 0x0000000710400000, 0x0000000710200000| Complete 
|  34|0x0000000710400000, 0x0000000710600000, 0x0000000710600000|100%|HS|  |TAMS 0x0000000710600000, 0x0000000710400000| Complete 
|  35|0x0000000710600000, 0x0000000710800000, 0x0000000710800000|100%|HC|  |TAMS 0x0000000710800000, 0x0000000710600000| Complete 
|  36|0x0000000710800000, 0x0000000710a00000, 0x0000000710a00000|100%|HS|  |TAMS 0x0000000710a00000, 0x0000000710800000| Complete 
|  37|0x0000000710a00000, 0x0000000710c00000, 0x0000000710c00000|100%|HC|  |TAMS 0x0000000710c00000, 0x0000000710a00000| Complete 
|  38|0x0000000710c00000, 0x0000000710e00000, 0x0000000710e00000|100%|HS|  |TAMS 0x0000000710e00000, 0x0000000710c00000| Complete 
|  39|0x0000000710e00000, 0x0000000711000000, 0x0000000711000000|100%|HC|  |TAMS 0x0000000711000000, 0x0000000710e00000| Complete 
|  40|0x0000000711000000, 0x0000000711200000, 0x0000000711200000|100%|HS|  |TAMS 0x0000000711200000, 0x0000000711000000| Complete 
|  41|0x0000000711200000, 0x0000000711400000, 0x0000000711400000|100%|HC|  |TAMS 0x0000000711400000, 0x0000000711200000| Complete 
|  42|0x0000000711400000, 0x0000000711600000, 0x0000000711600000|100%|HS|  |TAMS 0x0000000711600000, 0x0000000711400000| Complete 
|  43|0x0000000711600000, 0x0000000711800000, 0x0000000711800000|100%|HC|  |TAMS 0x0000000711800000, 0x0000000711600000| Complete 
|  44|0x0000000711800000, 0x0000000711a00000, 0x0000000711a00000|100%| O|  |TAMS 0x0000000711a00000, 0x0000000711800000| Untracked 
|  45|0x0000000711a00000, 0x0000000711c00000, 0x0000000711c00000|100%| O|  |TAMS 0x0000000711c00000, 0x0000000711a00000| Untracked 
|  46|0x0000000711c00000, 0x0000000711e00000, 0x0000000711e00000|100%| O|  |TAMS 0x0000000711e00000, 0x0000000711c00000| Untracked 
|  47|0x0000000711e00000, 0x0000000712000000, 0x0000000712000000|100%| O|  |TAMS 0x0000000712000000, 0x0000000711e00000| Untracked 
|  48|0x0000000712000000, 0x0000000712200000, 0x0000000712200000|100%| O|  |TAMS 0x0000000712200000, 0x0000000712000000| Untracked 
|  49|0x0000000712200000, 0x0000000712400000, 0x0000000712400000|100%| O|  |TAMS 0x0000000712400000, 0x0000000712200000| Untracked 
|  50|0x0000000712400000, 0x0000000712600000, 0x0000000712600000|100%| O|  |TAMS 0x0000000712600000, 0x0000000712400000| Untracked 
|  51|0x0000000712600000, 0x0000000712800000, 0x0000000712800000|100%| O|  |TAMS 0x0000000712712200, 0x0000000712600000| Untracked 
|  52|0x0000000712800000, 0x0000000712a00000, 0x0000000712a00000|100%| O|  |TAMS 0x0000000712a00000, 0x0000000712800000| Untracked 
|  53|0x0000000712a00000, 0x0000000712c00000, 0x0000000712c00000|100%| O|  |TAMS 0x0000000712c00000, 0x0000000712a00000| Untracked 
|  54|0x0000000712c00000, 0x0000000712e00000, 0x0000000712e00000|100%| O|  |TAMS 0x0000000712e00000, 0x0000000712c00000| Untracked 
|  55|0x0000000712e00000, 0x0000000713000000, 0x0000000713000000|100%| O|  |TAMS 0x0000000713000000, 0x0000000712e00000| Untracked 
|  56|0x0000000713000000, 0x0000000713200000, 0x0000000713200000|100%| O|  |TAMS 0x0000000713200000, 0x0000000713000000| Untracked 
|  57|0x0000000713200000, 0x0000000713400000, 0x0000000713400000|100%| O|  |TAMS 0x0000000713400000, 0x0000000713200000| Untracked 
|  58|0x0000000713400000, 0x0000000713600000, 0x0000000713600000|100%| O|  |TAMS 0x0000000713600000, 0x0000000713400000| Untracked 
|  59|0x0000000713600000, 0x0000000713800000, 0x0000000713800000|100%| O|  |TAMS 0x0000000713800000, 0x0000000713600000| Untracked 
|  60|0x0000000713800000, 0x0000000713a00000, 0x0000000713a00000|100%| O|  |TAMS 0x0000000713a00000, 0x0000000713800000| Untracked 
|  61|0x0000000713a00000, 0x0000000713c00000, 0x0000000713c00000|100%| O|  |TAMS 0x0000000713c00000, 0x0000000713a00000| Untracked 
|  62|0x0000000713c00000, 0x0000000713e00000, 0x0000000713e00000|100%| O|  |TAMS 0x0000000713e00000, 0x0000000713c00000| Untracked 
|  63|0x0000000713e00000, 0x0000000714000000, 0x0000000714000000|100%| O|  |TAMS 0x0000000714000000, 0x0000000713e00000| Untracked 
|  64|0x0000000714000000, 0x0000000714200000, 0x0000000714200000|100%| O|  |TAMS 0x0000000714200000, 0x0000000714000000| Untracked 
|  65|0x0000000714200000, 0x0000000714400000, 0x0000000714400000|100%| O|  |TAMS 0x0000000714400000, 0x0000000714200000| Untracked 
|  66|0x0000000714400000, 0x0000000714600000, 0x0000000714600000|100%| O|  |TAMS 0x0000000714600000, 0x0000000714400000| Untracked 
|  67|0x0000000714600000, 0x0000000714800000, 0x0000000714800000|100%| O|  |TAMS 0x0000000714800000, 0x0000000714600000| Untracked 
|  68|0x0000000714800000, 0x0000000714a00000, 0x0000000714a00000|100%| O|  |TAMS 0x0000000714a00000, 0x0000000714800000| Untracked 
|  69|0x0000000714a00000, 0x0000000714c00000, 0x0000000714c00000|100%| O|  |TAMS 0x0000000714c00000, 0x0000000714a00000| Untracked 
|  70|0x0000000714c00000, 0x0000000714e00000, 0x0000000714e00000|100%| O|  |TAMS 0x0000000714e00000, 0x0000000714c00000| Untracked 
|  71|0x0000000714e00000, 0x0000000715000000, 0x0000000715000000|100%|HS|  |TAMS 0x0000000715000000, 0x0000000714e00000| Complete 
|  72|0x0000000715000000, 0x0000000715200000, 0x0000000715200000|100%| O|  |TAMS 0x0000000715200000, 0x0000000715000000| Untracked 
|  73|0x0000000715200000, 0x0000000715400000, 0x0000000715400000|100%| O|  |TAMS 0x0000000715400000, 0x0000000715200000| Untracked 
|  74|0x0000000715400000, 0x0000000715600000, 0x0000000715600000|100%| O|  |TAMS 0x0000000715600000, 0x0000000715400000| Untracked 
|  75|0x0000000715600000, 0x0000000715800000, 0x0000000715800000|100%| O|  |TAMS 0x0000000715800000, 0x0000000715600000| Untracked 
|  76|0x0000000715800000, 0x0000000715a00000, 0x0000000715a00000|100%| O|  |TAMS 0x0000000715a00000, 0x0000000715800000| Untracked 
|  77|0x0000000715a00000, 0x0000000715c00000, 0x0000000715c00000|100%| O|  |TAMS 0x0000000715c00000, 0x0000000715a00000| Untracked 
|  78|0x0000000715c00000, 0x0000000715e00000, 0x0000000715e00000|100%| O|  |TAMS 0x0000000715e00000, 0x0000000715c00000| Untracked 
|  79|0x0000000715e00000, 0x0000000716000000, 0x0000000716000000|100%| O|  |TAMS 0x0000000716000000, 0x0000000715e00000| Untracked 
|  80|0x0000000716000000, 0x0000000716200000, 0x0000000716200000|100%| O|  |TAMS 0x0000000716200000, 0x0000000716000000| Untracked 
|  81|0x0000000716200000, 0x0000000716400000, 0x0000000716400000|100%| O|  |TAMS 0x0000000716400000, 0x0000000716200000| Untracked 
|  82|0x0000000716400000, 0x0000000716600000, 0x0000000716600000|100%| O|  |TAMS 0x0000000716600000, 0x0000000716400000| Untracked 
|  83|0x0000000716600000, 0x0000000716800000, 0x0000000716800000|100%| O|  |TAMS 0x0000000716800000, 0x0000000716600000| Untracked 
|  84|0x0000000716800000, 0x0000000716a00000, 0x0000000716a00000|100%| O|  |TAMS 0x0000000716a00000, 0x0000000716800000| Untracked 
|  85|0x0000000716a00000, 0x0000000716c00000, 0x0000000716c00000|100%| O|  |TAMS 0x0000000716c00000, 0x0000000716a00000| Untracked 
|  86|0x0000000716c00000, 0x0000000716e00000, 0x0000000716e00000|100%| O|  |TAMS 0x0000000716e00000, 0x0000000716c00000| Untracked 
|  87|0x0000000716e00000, 0x0000000717000000, 0x0000000717000000|100%| O|  |TAMS 0x0000000717000000, 0x0000000716e00000| Untracked 
|  88|0x0000000717000000, 0x0000000717200000, 0x0000000717200000|100%| O|  |TAMS 0x0000000717200000, 0x0000000717000000| Untracked 
|  89|0x0000000717200000, 0x0000000717400000, 0x0000000717400000|100%| O|  |TAMS 0x0000000717400000, 0x0000000717200000| Untracked 
|  90|0x0000000717400000, 0x0000000717600000, 0x0000000717600000|100%| O|  |TAMS 0x0000000717600000, 0x0000000717400000| Untracked 
|  91|0x0000000717600000, 0x0000000717800000, 0x0000000717800000|100%| O|  |TAMS 0x0000000717800000, 0x0000000717600000| Untracked 
|  92|0x0000000717800000, 0x0000000717a00000, 0x0000000717a00000|100%| O|  |TAMS 0x0000000717a00000, 0x0000000717800000| Untracked 
|  93|0x0000000717a00000, 0x0000000717c00000, 0x0000000717c00000|100%| O|  |TAMS 0x0000000717c00000, 0x0000000717a00000| Untracked 
|  94|0x0000000717c00000, 0x0000000717e00000, 0x0000000717e00000|100%| O|  |TAMS 0x0000000717e00000, 0x0000000717c00000| Untracked 
|  95|0x0000000717e00000, 0x0000000718000000, 0x0000000718000000|100%| O|  |TAMS 0x0000000718000000, 0x0000000717e00000| Untracked 
|  96|0x0000000718000000, 0x000000071811c200, 0x0000000718200000| 55%| O|  |TAMS 0x0000000718000000, 0x0000000718000000| Untracked 
|  97|0x0000000718200000, 0x0000000718400000, 0x0000000718400000|100%| O|  |TAMS 0x0000000718400000, 0x0000000718200000| Untracked 
|  98|0x0000000718400000, 0x0000000718400000, 0x0000000718600000|  0%| F|  |TAMS 0x0000000718400000, 0x0000000718400000| Untracked 
|  99|0x0000000718600000, 0x0000000718600000, 0x0000000718800000|  0%| F|  |TAMS 0x0000000718600000, 0x0000000718600000| Untracked 
| 100|0x0000000718800000, 0x0000000718a00000, 0x0000000718a00000|100%| O|  |TAMS 0x0000000718a00000, 0x0000000718800000| Untracked 
| 101|0x0000000718a00000, 0x0000000718c00000, 0x0000000718c00000|100%| O|  |TAMS 0x0000000718c00000, 0x0000000718a00000| Untracked 
| 102|0x0000000718c00000, 0x0000000718c00000, 0x0000000718e00000|  0%| F|  |TAMS 0x0000000718c00000, 0x0000000718c00000| Untracked 
| 103|0x0000000718e00000, 0x0000000718e00000, 0x0000000719000000|  0%| F|  |TAMS 0x0000000718e00000, 0x0000000718e00000| Untracked 
| 104|0x0000000719000000, 0x0000000719000000, 0x0000000719200000|  0%| F|  |TAMS 0x0000000719000000, 0x0000000719000000| Untracked 
| 105|0x0000000719200000, 0x0000000719200000, 0x0000000719400000|  0%| F|  |TAMS 0x0000000719200000, 0x0000000719200000| Untracked 
| 106|0x0000000719400000, 0x0000000719400000, 0x0000000719600000|  0%| F|  |TAMS 0x0000000719400000, 0x0000000719400000| Untracked 
| 107|0x0000000719600000, 0x0000000719600000, 0x0000000719800000|  0%| F|  |TAMS 0x0000000719600000, 0x0000000719600000| Untracked 
| 108|0x0000000719800000, 0x0000000719800000, 0x0000000719a00000|  0%| F|  |TAMS 0x0000000719800000, 0x0000000719800000| Untracked 
| 109|0x0000000719a00000, 0x0000000719a00000, 0x0000000719c00000|  0%| F|  |TAMS 0x0000000719a00000, 0x0000000719a00000| Untracked 
| 110|0x0000000719c00000, 0x0000000719c00000, 0x0000000719e00000|  0%| F|  |TAMS 0x0000000719c00000, 0x0000000719c00000| Untracked 
| 111|0x0000000719e00000, 0x000000071a000000, 0x000000071a000000|100%| O|  |TAMS 0x000000071a000000, 0x0000000719e00000| Untracked 
| 112|0x000000071a000000, 0x000000071a000000, 0x000000071a200000|  0%| F|  |TAMS 0x000000071a000000, 0x000000071a000000| Untracked 
| 113|0x000000071a200000, 0x000000071a200000, 0x000000071a400000|  0%| F|  |TAMS 0x000000071a200000, 0x000000071a200000| Untracked 
| 114|0x000000071a400000, 0x000000071a400000, 0x000000071a600000|  0%| F|  |TAMS 0x000000071a400000, 0x000000071a400000| Untracked 
| 115|0x000000071a600000, 0x000000071a600000, 0x000000071a800000|  0%| F|  |TAMS 0x000000071a600000, 0x000000071a600000| Untracked 
| 116|0x000000071a800000, 0x000000071a800000, 0x000000071aa00000|  0%| F|  |TAMS 0x000000071a800000, 0x000000071a800000| Untracked 
| 117|0x000000071aa00000, 0x000000071aa00000, 0x000000071ac00000|  0%| F|  |TAMS 0x000000071aa00000, 0x000000071aa00000| Untracked 
| 118|0x000000071ac00000, 0x000000071ac00000, 0x000000071ae00000|  0%| F|  |TAMS 0x000000071ac00000, 0x000000071ac00000| Untracked 
| 119|0x000000071ae00000, 0x000000071ae00000, 0x000000071b000000|  0%| F|  |TAMS 0x000000071ae00000, 0x000000071ae00000| Untracked 
| 120|0x000000071b000000, 0x000000071b000000, 0x000000071b200000|  0%| F|  |TAMS 0x000000071b000000, 0x000000071b000000| Untracked 
| 121|0x000000071b200000, 0x000000071b200000, 0x000000071b400000|  0%| F|  |TAMS 0x000000071b200000, 0x000000071b200000| Untracked 
| 122|0x000000071b400000, 0x000000071b400000, 0x000000071b600000|  0%| F|  |TAMS 0x000000071b400000, 0x000000071b400000| Untracked 
| 123|0x000000071b600000, 0x000000071b600000, 0x000000071b800000|  0%| F|  |TAMS 0x000000071b600000, 0x000000071b600000| Untracked 
| 124|0x000000071b800000, 0x000000071b8d1350, 0x000000071ba00000| 40%| S|CS|TAMS 0x000000071b800000, 0x000000071b800000| Complete 
| 125|0x000000071ba00000, 0x000000071bc00000, 0x000000071bc00000|100%| S|CS|TAMS 0x000000071ba00000, 0x000000071ba00000| Complete 
| 126|0x000000071bc00000, 0x000000071bc00000, 0x000000071be00000|  0%| F|  |TAMS 0x000000071bc00000, 0x000000071bc00000| Untracked 
| 127|0x000000071be00000, 0x000000071be00000, 0x000000071c000000|  0%| F|  |TAMS 0x000000071be00000, 0x000000071be00000| Untracked 
| 128|0x000000071c000000, 0x000000071c200000, 0x000000071c200000|100%| S|CS|TAMS 0x000000071c000000, 0x000000071c000000| Complete 
| 129|0x000000071c200000, 0x000000071c200000, 0x000000071c400000|  0%| F|  |TAMS 0x000000071c200000, 0x000000071c200000| Untracked 
| 130|0x000000071c400000, 0x000000071c400000, 0x000000071c600000|  0%| F|  |TAMS 0x000000071c400000, 0x000000071c400000| Untracked 
| 131|0x000000071c600000, 0x000000071c600000, 0x000000071c800000|  0%| F|  |TAMS 0x000000071c600000, 0x000000071c600000| Untracked 
| 132|0x000000071c800000, 0x000000071c800000, 0x000000071ca00000|  0%| F|  |TAMS 0x000000071c800000, 0x000000071c800000| Untracked 
| 133|0x000000071ca00000, 0x000000071ca00000, 0x000000071cc00000|  0%| F|  |TAMS 0x000000071ca00000, 0x000000071ca00000| Untracked 
| 134|0x000000071cc00000, 0x000000071cc00000, 0x000000071ce00000|  0%| F|  |TAMS 0x000000071cc00000, 0x000000071cc00000| Untracked 
| 135|0x000000071ce00000, 0x000000071ce00000, 0x000000071d000000|  0%| F|  |TAMS 0x000000071ce00000, 0x000000071ce00000| Untracked 
| 136|0x000000071d000000, 0x000000071d000000, 0x000000071d200000|  0%| F|  |TAMS 0x000000071d000000, 0x000000071d000000| Untracked 
| 137|0x000000071d200000, 0x000000071d200000, 0x000000071d400000|  0%| F|  |TAMS 0x000000071d200000, 0x000000071d200000| Untracked 
| 138|0x000000071d400000, 0x000000071d400000, 0x000000071d600000|  0%| F|  |TAMS 0x000000071d400000, 0x000000071d400000| Untracked 
| 139|0x000000071d600000, 0x000000071d600000, 0x000000071d800000|  0%| F|  |TAMS 0x000000071d600000, 0x000000071d600000| Untracked 
| 140|0x000000071d800000, 0x000000071d800000, 0x000000071da00000|  0%| F|  |TAMS 0x000000071d800000, 0x000000071d800000| Untracked 
| 141|0x000000071da00000, 0x000000071da00000, 0x000000071dc00000|  0%| F|  |TAMS 0x000000071da00000, 0x000000071da00000| Untracked 
| 142|0x000000071dc00000, 0x000000071dc00000, 0x000000071de00000|  0%| F|  |TAMS 0x000000071dc00000, 0x000000071dc00000| Untracked 
| 143|0x000000071de00000, 0x000000071de00000, 0x000000071e000000|  0%| F|  |TAMS 0x000000071de00000, 0x000000071de00000| Untracked 
| 144|0x000000071e000000, 0x000000071e200000, 0x000000071e200000|100%| O|  |TAMS 0x000000071e200000, 0x000000071e000000| Untracked 
| 145|0x000000071e200000, 0x000000071e200000, 0x000000071e400000|  0%| F|  |TAMS 0x000000071e200000, 0x000000071e200000| Untracked 
| 146|0x000000071e400000, 0x000000071e400000, 0x000000071e600000|  0%| F|  |TAMS 0x000000071e400000, 0x000000071e400000| Untracked 
| 147|0x000000071e600000, 0x000000071e600000, 0x000000071e800000|  0%| F|  |TAMS 0x000000071e600000, 0x000000071e600000| Untracked 
| 148|0x000000071e800000, 0x000000071e800000, 0x000000071ea00000|  0%| F|  |TAMS 0x000000071e800000, 0x000000071e800000| Untracked 
| 149|0x000000071ea00000, 0x000000071ea00000, 0x000000071ec00000|  0%| F|  |TAMS 0x000000071ea00000, 0x000000071ea00000| Untracked 
| 150|0x000000071ec00000, 0x000000071ec00000, 0x000000071ee00000|  0%| F|  |TAMS 0x000000071ec00000, 0x000000071ec00000| Untracked 
| 151|0x000000071ee00000, 0x000000071ee00000, 0x000000071f000000|  0%| F|  |TAMS 0x000000071ee00000, 0x000000071ee00000| Untracked 
| 152|0x000000071f000000, 0x000000071f000000, 0x000000071f200000|  0%| F|  |TAMS 0x000000071f000000, 0x000000071f000000| Untracked 
| 153|0x000000071f200000, 0x000000071f200000, 0x000000071f400000|  0%| F|  |TAMS 0x000000071f200000, 0x000000071f200000| Untracked 
| 154|0x000000071f400000, 0x000000071f400000, 0x000000071f600000|  0%| F|  |TAMS 0x000000071f400000, 0x000000071f400000| Untracked 
| 155|0x000000071f600000, 0x000000071f600000, 0x000000071f800000|  0%| F|  |TAMS 0x000000071f600000, 0x000000071f600000| Untracked 
| 156|0x000000071f800000, 0x000000071f800000, 0x000000071fa00000|  0%| F|  |TAMS 0x000000071f800000, 0x000000071f800000| Untracked 
| 157|0x000000071fa00000, 0x000000071fa00000, 0x000000071fc00000|  0%| F|  |TAMS 0x000000071fa00000, 0x000000071fa00000| Untracked 
| 158|0x000000071fc00000, 0x000000071fc00000, 0x000000071fe00000|  0%| F|  |TAMS 0x000000071fc00000, 0x000000071fc00000| Untracked 
| 159|0x000000071fe00000, 0x000000071fe00000, 0x0000000720000000|  0%| F|  |TAMS 0x000000071fe00000, 0x000000071fe00000| Untracked 
| 160|0x0000000720000000, 0x0000000720000000, 0x0000000720200000|  0%| F|  |TAMS 0x0000000720000000, 0x0000000720000000| Untracked 
| 161|0x0000000720200000, 0x0000000720200000, 0x0000000720400000|  0%| F|  |TAMS 0x0000000720200000, 0x0000000720200000| Untracked 
| 162|0x0000000720400000, 0x0000000720400000, 0x0000000720600000|  0%| F|  |TAMS 0x0000000720400000, 0x0000000720400000| Untracked 
| 163|0x0000000720600000, 0x0000000720600000, 0x0000000720800000|  0%| F|  |TAMS 0x0000000720600000, 0x0000000720600000| Untracked 
| 164|0x0000000720800000, 0x0000000720800000, 0x0000000720a00000|  0%| F|  |TAMS 0x0000000720800000, 0x0000000720800000| Untracked 
| 165|0x0000000720a00000, 0x0000000720a00000, 0x0000000720c00000|  0%| F|  |TAMS 0x0000000720a00000, 0x0000000720a00000| Untracked 
| 166|0x0000000720c00000, 0x0000000720c00000, 0x0000000720e00000|  0%| F|  |TAMS 0x0000000720c00000, 0x0000000720c00000| Untracked 
| 167|0x0000000720e00000, 0x0000000720e00000, 0x0000000721000000|  0%| F|  |TAMS 0x0000000720e00000, 0x0000000720e00000| Untracked 
| 168|0x0000000721000000, 0x0000000721000000, 0x0000000721200000|  0%| F|  |TAMS 0x0000000721000000, 0x0000000721000000| Untracked 
| 169|0x0000000721200000, 0x0000000721200000, 0x0000000721400000|  0%| F|  |TAMS 0x0000000721200000, 0x0000000721200000| Untracked 
| 170|0x0000000721400000, 0x0000000721400000, 0x0000000721600000|  0%| F|  |TAMS 0x0000000721400000, 0x0000000721400000| Untracked 
| 171|0x0000000721600000, 0x0000000721600000, 0x0000000721800000|  0%| F|  |TAMS 0x0000000721600000, 0x0000000721600000| Untracked 
| 172|0x0000000721800000, 0x0000000721800000, 0x0000000721a00000|  0%| F|  |TAMS 0x0000000721800000, 0x0000000721800000| Untracked 
| 173|0x0000000721a00000, 0x0000000721a00000, 0x0000000721c00000|  0%| F|  |TAMS 0x0000000721a00000, 0x0000000721a00000| Untracked 
| 174|0x0000000721c00000, 0x0000000721c00000, 0x0000000721e00000|  0%| F|  |TAMS 0x0000000721c00000, 0x0000000721c00000| Untracked 
| 175|0x0000000721e00000, 0x0000000721f00800, 0x0000000722000000| 50%| E|  |TAMS 0x0000000721e00000, 0x0000000721e00000| Complete 
| 176|0x0000000722000000, 0x0000000722200000, 0x0000000722200000|100%| E|CS|TAMS 0x0000000722000000, 0x0000000722000000| Complete 
| 177|0x0000000722200000, 0x0000000722400000, 0x0000000722400000|100%| E|CS|TAMS 0x0000000722200000, 0x0000000722200000| Complete 
| 178|0x0000000722400000, 0x0000000722600000, 0x0000000722600000|100%| E|CS|TAMS 0x0000000722400000, 0x0000000722400000| Complete 
| 179|0x0000000722600000, 0x0000000722800000, 0x0000000722800000|100%| E|CS|TAMS 0x0000000722600000, 0x0000000722600000| Complete 
| 180|0x0000000722800000, 0x0000000722a00000, 0x0000000722a00000|100%| E|CS|TAMS 0x0000000722800000, 0x0000000722800000| Complete 
| 181|0x0000000722a00000, 0x0000000722c00000, 0x0000000722c00000|100%| E|CS|TAMS 0x0000000722a00000, 0x0000000722a00000| Complete 
| 182|0x0000000722c00000, 0x0000000722e00000, 0x0000000722e00000|100%| E|CS|TAMS 0x0000000722c00000, 0x0000000722c00000| Complete 
| 183|0x0000000722e00000, 0x0000000723000000, 0x0000000723000000|100%| E|CS|TAMS 0x0000000722e00000, 0x0000000722e00000| Complete 
| 184|0x0000000723000000, 0x0000000723200000, 0x0000000723200000|100%| E|CS|TAMS 0x0000000723000000, 0x0000000723000000| Complete 
| 185|0x0000000723200000, 0x0000000723400000, 0x0000000723400000|100%| E|CS|TAMS 0x0000000723200000, 0x0000000723200000| Complete 
| 186|0x0000000723400000, 0x0000000723600000, 0x0000000723600000|100%| E|CS|TAMS 0x0000000723400000, 0x0000000723400000| Complete 
| 187|0x0000000723600000, 0x0000000723800000, 0x0000000723800000|100%| E|CS|TAMS 0x0000000723600000, 0x0000000723600000| Complete 
| 188|0x0000000723800000, 0x0000000723a00000, 0x0000000723a00000|100%| E|CS|TAMS 0x0000000723800000, 0x0000000723800000| Complete 
| 189|0x0000000723a00000, 0x0000000723c00000, 0x0000000723c00000|100%| E|CS|TAMS 0x0000000723a00000, 0x0000000723a00000| Complete 
| 190|0x0000000723c00000, 0x0000000723e00000, 0x0000000723e00000|100%| E|CS|TAMS 0x0000000723c00000, 0x0000000723c00000| Complete 
| 191|0x0000000723e00000, 0x0000000724000000, 0x0000000724000000|100%| E|CS|TAMS 0x0000000723e00000, 0x0000000723e00000| Complete 
| 192|0x0000000724000000, 0x0000000724200000, 0x0000000724200000|100%| E|CS|TAMS 0x0000000724000000, 0x0000000724000000| Complete 
| 193|0x0000000724200000, 0x0000000724400000, 0x0000000724400000|100%| E|CS|TAMS 0x0000000724200000, 0x0000000724200000| Complete 
| 194|0x0000000724400000, 0x0000000724600000, 0x0000000724600000|100%| E|CS|TAMS 0x0000000724400000, 0x0000000724400000| Complete 
| 195|0x0000000724600000, 0x0000000724800000, 0x0000000724800000|100%| E|CS|TAMS 0x0000000724600000, 0x0000000724600000| Complete 
| 196|0x0000000724800000, 0x0000000724a00000, 0x0000000724a00000|100%| E|CS|TAMS 0x0000000724800000, 0x0000000724800000| Complete 
| 197|0x0000000724a00000, 0x0000000724c00000, 0x0000000724c00000|100%| E|CS|TAMS 0x0000000724a00000, 0x0000000724a00000| Complete 
| 198|0x0000000724c00000, 0x0000000724e00000, 0x0000000724e00000|100%| E|CS|TAMS 0x0000000724c00000, 0x0000000724c00000| Complete 
| 199|0x0000000724e00000, 0x0000000725000000, 0x0000000725000000|100%| E|CS|TAMS 0x0000000724e00000, 0x0000000724e00000| Complete 
| 200|0x0000000725000000, 0x0000000725200000, 0x0000000725200000|100%| E|CS|TAMS 0x0000000725000000, 0x0000000725000000| Complete 
| 201|0x0000000725200000, 0x0000000725400000, 0x0000000725400000|100%| E|CS|TAMS 0x0000000725200000, 0x0000000725200000| Complete 
| 202|0x0000000725400000, 0x0000000725600000, 0x0000000725600000|100%| E|CS|TAMS 0x0000000725400000, 0x0000000725400000| Complete 
| 203|0x0000000725600000, 0x0000000725800000, 0x0000000725800000|100%| E|CS|TAMS 0x0000000725600000, 0x0000000725600000| Complete 
| 204|0x0000000725800000, 0x0000000725a00000, 0x0000000725a00000|100%| E|CS|TAMS 0x0000000725800000, 0x0000000725800000| Complete 
| 205|0x0000000725a00000, 0x0000000725c00000, 0x0000000725c00000|100%| E|CS|TAMS 0x0000000725a00000, 0x0000000725a00000| Complete 
| 206|0x0000000725c00000, 0x0000000725e00000, 0x0000000725e00000|100%| E|CS|TAMS 0x0000000725c00000, 0x0000000725c00000| Complete 
| 207|0x0000000725e00000, 0x0000000726000000, 0x0000000726000000|100%| E|CS|TAMS 0x0000000725e00000, 0x0000000725e00000| Complete 
| 208|0x0000000726000000, 0x0000000726200000, 0x0000000726200000|100%| E|CS|TAMS 0x0000000726000000, 0x0000000726000000| Complete 
| 209|0x0000000726200000, 0x0000000726400000, 0x0000000726400000|100%| E|CS|TAMS 0x0000000726200000, 0x0000000726200000| Complete 
| 210|0x0000000726400000, 0x0000000726600000, 0x0000000726600000|100%| E|CS|TAMS 0x0000000726400000, 0x0000000726400000| Complete 
| 211|0x0000000726600000, 0x0000000726800000, 0x0000000726800000|100%| E|CS|TAMS 0x0000000726600000, 0x0000000726600000| Complete 
| 212|0x0000000726800000, 0x0000000726a00000, 0x0000000726a00000|100%| E|CS|TAMS 0x0000000726800000, 0x0000000726800000| Complete 
| 213|0x0000000726a00000, 0x0000000726c00000, 0x0000000726c00000|100%| E|CS|TAMS 0x0000000726a00000, 0x0000000726a00000| Complete 
| 214|0x0000000726c00000, 0x0000000726e00000, 0x0000000726e00000|100%| E|CS|TAMS 0x0000000726c00000, 0x0000000726c00000| Complete 
| 215|0x0000000726e00000, 0x0000000727000000, 0x0000000727000000|100%| E|CS|TAMS 0x0000000726e00000, 0x0000000726e00000| Complete 
| 216|0x0000000727000000, 0x0000000727200000, 0x0000000727200000|100%| E|CS|TAMS 0x0000000727000000, 0x0000000727000000| Complete 
| 217|0x0000000727200000, 0x0000000727400000, 0x0000000727400000|100%| E|CS|TAMS 0x0000000727200000, 0x0000000727200000| Complete 
| 218|0x0000000727400000, 0x0000000727600000, 0x0000000727600000|100%| E|CS|TAMS 0x0000000727400000, 0x0000000727400000| Complete 

Card table byte_map: [0x000001d218e40000,0x000001d2195e0000] _byte_map_base: 0x000001d2155e0000

Marking Bits (Prev, Next): (CMBitMap*) 0x000001d27f7a9590, (CMBitMap*) 0x000001d27f7a95d0
 Prev Bits: [0x000001d219d80000, 0x000001d21da80000)
 Next Bits: [0x000001d21da80000, 0x000001d221780000)

Polling page: 0x000001d27ea80000

Metaspace:

Usage:
  Non-class:     79.43 MB used.
      Class:      9.99 MB used.
       Both:     89.42 MB used.

Virtual space:
  Non-class space:      128.00 MB reserved,      80.06 MB ( 63%) committed,  2 nodes.
      Class space:        1.00 GB reserved,      10.62 MB (  1%) committed,  1 nodes.
             Both:        1.12 GB reserved,      90.69 MB (  8%) committed. 

Chunk freelists:
   Non-Class:  15.93 MB
       Class:  5.41 MB
        Both:  21.34 MB

MaxMetaspaceSize: unlimited
CompressedClassSpaceSize: 1.00 GB
Initial GC threshold: 21.00 MB
Current GC threshold: 150.44 MB
CDS: off
MetaspaceReclaimPolicy: balanced
 - commit_granule_bytes: 65536.
 - commit_granule_words: 8192.
 - virtual_space_node_default_size: 8388608.
 - enlarge_chunks_in_place: 1.
 - new_chunks_are_fully_committed: 0.
 - uncommit_free_chunks: 1.
 - use_allocation_guard: 0.
 - handle_deallocations: 1.


Internal statistics:

num_allocs_failed_limit: 6.
num_arena_births: 1392.
num_arena_deaths: 8.
num_vsnodes_births: 3.
num_vsnodes_deaths: 0.
num_space_committed: 1450.
num_space_uncommitted: 0.
num_chunks_returned_to_freelist: 32.
num_chunks_taken_from_freelist: 3895.
num_chunk_merges: 4.
num_chunk_splits: 2604.
num_chunks_enlarged: 1666.
num_inconsistent_stats: 0.

CodeHeap 'non-profiled nmethods': size=119168Kb used=14768Kb max_used=15272Kb free=104399Kb
 bounds [0x000001d211130000, 0x000001d212020000, 0x000001d218590000]
CodeHeap 'profiled nmethods': size=119104Kb used=26951Kb max_used=28666Kb free=92152Kb
 bounds [0x000001d209590000, 0x000001d20b1c0000, 0x000001d2109e0000]
CodeHeap 'non-nmethods': size=7488Kb used=2216Kb max_used=3445Kb free=5271Kb
 bounds [0x000001d2109e0000, 0x000001d210d40000, 0x000001d211130000]
 total_blobs=14256 nmethods=13188 adapters=978
 compilation: enabled
              stopped_count=0, restarted_count=0
 full_count=0

Compilation events (20 events):
Event: 1432.091 Thread 0x000001d24159e550 17365       1       freemarker.template.Template::getParserConfiguration (5 bytes)
Event: 1432.091 Thread 0x000001d224817940 17366       1       freemarker.core.SimpleCharStream::setTabSize (6 bytes)
Event: 1432.091 Thread 0x000001d224817940 nmethod 17366 0x000001d211d40b90 code [0x000001d211d40d20, 0x000001d211d40df8]
Event: 1432.091 Thread 0x000001d24159e550 nmethod 17365 0x000001d211ed2f90 code [0x000001d211ed3120, 0x000001d211ed31f8]
Event: 1432.091 Thread 0x000001d224817940 17367       1       freemarker.template.Configuration::getAutoEscapingPolicy (5 bytes)
Event: 1432.091 Thread 0x000001d24159e550 17368       1       freemarker.template.Configuration::getOutputFormat (5 bytes)
Event: 1432.091 Thread 0x000001d224817940 nmethod 17367 0x000001d2117e3910 code [0x000001d2117e3aa0, 0x000001d2117e3b78]
Event: 1432.091 Thread 0x000001d224817940 17369       1       freemarker.core.FMParserTokenManager::setParser (6 bytes)
Event: 1432.091 Thread 0x000001d24159e550 nmethod 17368 0x000001d211aaf310 code [0x000001d211aaf4a0, 0x000001d211aaf578]
Event: 1432.091 Thread 0x000001d24159e550 17370       1       freemarker.template.Configuration::getStrictSyntaxMode (5 bytes)
Event: 1432.091 Thread 0x000001d224817940 nmethod 17369 0x000001d21132fd10 code [0x000001d21132fea0, 0x000001d21132ffb8]
Event: 1432.091 Thread 0x000001d24159e550 nmethod 17370 0x000001d21132fa10 code [0x000001d21132fba0, 0x000001d21132fc78]
Event: 1432.091 Thread 0x000001d224817940 17371       1       freemarker.template.Configuration::getTagSyntax (5 bytes)
Event: 1432.091 Thread 0x000001d24159e550 17372       1       freemarker.template.Configuration::getNamingConvention (5 bytes)
Event: 1432.091 Thread 0x000001d224817940 nmethod 17371 0x000001d211b15810 code [0x000001d211b159a0, 0x000001d211b15a78]
Event: 1432.091 Thread 0x000001d24159e550 nmethod 17372 0x000001d211b15510 code [0x000001d211b156a0, 0x000001d211b15778]
Event: 1432.091 Thread 0x000001d224817940 17373       1       freemarker.template.Configuration::getWhitespaceStripping (5 bytes)
Event: 1432.091 Thread 0x000001d224817940 nmethod 17373 0x000001d211b65f90 code [0x000001d211b66120, 0x000001d211b661f8]
Event: 1432.126 Thread 0x000001d24159a590 17374       4       sun.java2d.marlin.TransformingPathConsumer2D$CurveBasicMonotonizer::init (12 bytes)
Event: 1432.127 Thread 0x000001d24159a590 nmethod 17374 0x000001d211b65c90 code [0x000001d211b65e20, 0x000001d211b65eb8]

GC Heap History (20 events):
Event: 1427.785 GC heap before
{Heap before GC invocations=109 (full 0):
 garbage-first heap   total 448512K, used 396464K [0x000000070c000000, 0x0000000800000000)
  region size 2048K, 92 young (188416K), 1 survivors (2048K)
 Metaspace       used 91168K, committed 92480K, reserved 1179648K
  class space    used 10203K, committed 10880K, reserved 1048576K
}
Event: 1427.786 GC heap after
{Heap after GC invocations=110 (full 0):
 garbage-first heap   total 448512K, used 210084K [0x000000070c000000, 0x0000000800000000)
  region size 2048K, 1 young (2048K), 1 survivors (2048K)
 Metaspace       used 91168K, committed 92480K, reserved 1179648K
  class space    used 10203K, committed 10880K, reserved 1048576K
}
Event: 1428.238 GC heap before
{Heap before GC invocations=110 (full 0):
 garbage-first heap   total 448512K, used 398500K [0x000000070c000000, 0x0000000800000000)
  region size 2048K, 93 young (190464K), 1 survivors (2048K)
 Metaspace       used 91168K, committed 92480K, reserved 1179648K
  class space    used 10203K, committed 10880K, reserved 1048576K
}
Event: 1428.239 GC heap after
{Heap after GC invocations=111 (full 0):
 garbage-first heap   total 448512K, used 210109K [0x000000070c000000, 0x0000000800000000)
  region size 2048K, 1 young (2048K), 1 survivors (2048K)
 Metaspace       used 91168K, committed 92480K, reserved 1179648K
  class space    used 10203K, committed 10880K, reserved 1048576K
}
Event: 1428.774 GC heap before
{Heap before GC invocations=111 (full 0):
 garbage-first heap   total 448512K, used 398525K [0x000000070c000000, 0x0000000800000000)
  region size 2048K, 93 young (190464K), 1 survivors (2048K)
 Metaspace       used 91169K, committed 92480K, reserved 1179648K
  class space    used 10203K, committed 10880K, reserved 1048576K
}
Event: 1428.776 GC heap after
{Heap after GC invocations=112 (full 0):
 garbage-first heap   total 448512K, used 210118K [0x000000070c000000, 0x0000000800000000)
  region size 2048K, 1 young (2048K), 1 survivors (2048K)
 Metaspace       used 91169K, committed 92480K, reserved 1179648K
  class space    used 10203K, committed 10880K, reserved 1048576K
}
Event: 1429.315 GC heap before
{Heap before GC invocations=113 (full 0):
 garbage-first heap   total 448512K, used 398534K [0x000000070c000000, 0x0000000800000000)
  region size 2048K, 93 young (190464K), 1 survivors (2048K)
 Metaspace       used 91235K, committed 92544K, reserved 1179648K
  class space    used 10216K, committed 10880K, reserved 1048576K
}
Event: 1429.316 GC heap after
{Heap after GC invocations=114 (full 0):
 garbage-first heap   total 448512K, used 210136K [0x000000070c000000, 0x0000000800000000)
  region size 2048K, 1 young (2048K), 1 survivors (2048K)
 Metaspace       used 91235K, committed 92544K, reserved 1179648K
  class space    used 10216K, committed 10880K, reserved 1048576K
}
Event: 1429.349 GC heap before
{Heap before GC invocations=114 (full 0):
 garbage-first heap   total 448512K, used 228568K [0x000000070c000000, 0x0000000800000000)
  region size 2048K, 10 young (20480K), 1 survivors (2048K)
 Metaspace       used 91235K, committed 92544K, reserved 1179648K
  class space    used 10216K, committed 10880K, reserved 1048576K
}
Event: 1429.351 GC heap after
{Heap after GC invocations=115 (full 0):
 garbage-first heap   total 448512K, used 208041K [0x000000070c000000, 0x0000000800000000)
  region size 2048K, 1 young (2048K), 1 survivors (2048K)
 Metaspace       used 91235K, committed 92544K, reserved 1179648K
  class space    used 10216K, committed 10880K, reserved 1048576K
}
Event: 1429.909 GC heap before
{Heap before GC invocations=115 (full 0):
 garbage-first heap   total 448512K, used 398505K [0x000000070c000000, 0x0000000800000000)
  region size 2048K, 94 young (192512K), 1 survivors (2048K)
 Metaspace       used 91244K, committed 92544K, reserved 1179648K
  class space    used 10216K, committed 10880K, reserved 1048576K
}
Event: 1429.911 GC heap after
{Heap after GC invocations=116 (full 0):
 garbage-first heap   total 448512K, used 208042K [0x000000070c000000, 0x0000000800000000)
  region size 2048K, 1 young (2048K), 1 survivors (2048K)
 Metaspace       used 91244K, committed 92544K, reserved 1179648K
  class space    used 10216K, committed 10880K, reserved 1048576K
}
Event: 1430.408 GC heap before
{Heap before GC invocations=116 (full 0):
 garbage-first heap   total 448512K, used 398506K [0x000000070c000000, 0x0000000800000000)
  region size 2048K, 94 young (192512K), 1 survivors (2048K)
 Metaspace       used 91244K, committed 92544K, reserved 1179648K
  class space    used 10216K, committed 10880K, reserved 1048576K
}
Event: 1430.409 GC heap after
{Heap after GC invocations=117 (full 0):
 garbage-first heap   total 448512K, used 208042K [0x000000070c000000, 0x0000000800000000)
  region size 2048K, 1 young (2048K), 1 survivors (2048K)
 Metaspace       used 91244K, committed 92544K, reserved 1179648K
  class space    used 10216K, committed 10880K, reserved 1048576K
}
Event: 1430.995 GC heap before
{Heap before GC invocations=117 (full 0):
 garbage-first heap   total 448512K, used 398506K [0x000000070c000000, 0x0000000800000000)
  region size 2048K, 94 young (192512K), 1 survivors (2048K)
 Metaspace       used 91376K, committed 92672K, reserved 1179648K
  class space    used 10223K, committed 10880K, reserved 1048576K
}
Event: 1430.997 GC heap after
{Heap after GC invocations=118 (full 0):
 garbage-first heap   total 448512K, used 211242K [0x000000070c000000, 0x0000000800000000)
  region size 2048K, 2 young (4096K), 2 survivors (4096K)
 Metaspace       used 91376K, committed 92672K, reserved 1179648K
  class space    used 10223K, committed 10880K, reserved 1048576K
}
Event: 1431.658 GC heap before
{Heap before GC invocations=118 (full 0):
 garbage-first heap   total 448512K, used 395562K [0x000000070c000000, 0x0000000800000000)
  region size 2048K, 92 young (188416K), 2 survivors (4096K)
 Metaspace       used 91498K, committed 92800K, reserved 1179648K
  class space    used 10229K, committed 10880K, reserved 1048576K
}
Event: 1431.660 GC heap after
{Heap after GC invocations=119 (full 0):
 garbage-first heap   total 448512K, used 211827K [0x000000070c000000, 0x0000000800000000)
  region size 2048K, 2 young (4096K), 2 survivors (4096K)
 Metaspace       used 91498K, committed 92800K, reserved 1179648K
  class space    used 10229K, committed 10880K, reserved 1048576K
}
Event: 1431.957 GC heap before
{Heap before GC invocations=119 (full 0):
 garbage-first heap   total 448512K, used 394099K [0x000000070c000000, 0x0000000800000000)
  region size 2048K, 91 young (186368K), 2 survivors (4096K)
 Metaspace       used 91532K, committed 92800K, reserved 1179648K
  class space    used 10229K, committed 10880K, reserved 1048576K
}
Event: 1431.960 GC heap after
{Heap after GC invocations=120 (full 0):
 garbage-first heap   total 448512K, used 212917K [0x000000070c000000, 0x0000000800000000)
  region size 2048K, 3 young (6144K), 3 survivors (6144K)
 Metaspace       used 91532K, committed 92800K, reserved 1179648K
  class space    used 10229K, committed 10880K, reserved 1048576K
}

Dll operation events (15 events):
Event: 0.093 Loaded shared library D:\ProgrammingTool\CubeMX\jre\bin\java.dll
Event: 0.206 Loaded shared library D:\ProgrammingTool\CubeMX\jre\bin\jsvml.dll
Event: 0.361 Loaded shared library D:\ProgrammingTool\CubeMX\jre\bin\net.dll
Event: 0.392 Loaded shared library D:\ProgrammingTool\CubeMX\jre\bin\nio.dll
Event: 0.478 Loaded shared library D:\ProgrammingTool\CubeMX\jre\bin\zip.dll
Event: 0.537 Loaded shared library D:\ProgrammingTool\CubeMX\jre\bin\jimage.dll
Event: 0.851 Loaded shared library D:\ProgrammingTool\CubeMX\jre\bin\management.dll
Event: 0.899 Loaded shared library D:\ProgrammingTool\CubeMX\jre\bin\management_ext.dll
Event: 1.514 Loaded shared library D:\ProgrammingTool\CubeMX\jre\bin\awt.dll
Event: 2.234 Loaded shared library D:\ProgrammingTool\CubeMX\jre\bin\freetype.dll
Event: 2.270 Loaded shared library D:\ProgrammingTool\CubeMX\jre\bin\fontmanager.dll
Event: 2.562 Loaded shared library D:\ProgrammingTool\CubeMX\jre\bin\verify.dll
Event: 2.728 Loaded shared library D:\ProgrammingTool\CubeMX\jre\bin\prefs.dll
Event: 8.741 Loaded shared library D:\ProgrammingTool\CubeMX\jre\bin\sunmscapi.dll
Event: 20.117 Loaded shared library C:\Users\29934\AppData\Local\Temp\sqlite-3.34.0-9c7240da-eab2-4223-ae1d-015f15a417d3-sqlitejdbc.dll

Deoptimization events (20 events):
Event: 1431.934 Thread 0x000001d23cbe7a80 DEOPT PACKING pc=0x000001d21174c8b8 sp=0x0000001bb3afe030
Event: 1431.934 Thread 0x000001d23cbe7a80 DEOPT UNPACKING pc=0x000001d210a369a3 sp=0x0000001bb3afdf00 mode 2
Event: 1431.937 Thread 0x000001d23bb73eb0 Uncommon trap: trap_request=0xffffffde fr.pc=0x000001d211fdb810 relative=0x0000000000007310
Event: 1431.937 Thread 0x000001d23bb73eb0 Uncommon trap: reason=class_check action=maybe_recompile pc=0x000001d211fdb810 method=java.awt.EventQueue.coalesceMouseEvent(Ljava/awt/event/MouseEvent;)Z @ 4 c2
Event: 1431.937 Thread 0x000001d23bb73eb0 DEOPT PACKING pc=0x000001d211fdb810 sp=0x0000001bb80fd660
Event: 1431.937 Thread 0x000001d23bb73eb0 DEOPT UNPACKING pc=0x000001d210a369a3 sp=0x0000001bb80fd1c0 mode 2
Event: 1431.981 Thread 0x000001d23cbe7a80 DEOPT PACKING pc=0x000001d20ae9ad91 sp=0x0000001bb3afe2b0
Event: 1431.981 Thread 0x000001d23cbe7a80 DEOPT UNPACKING pc=0x000001d210a37143 sp=0x0000001bb3afd8a8 mode 0
Event: 1431.982 Thread 0x000001d23cbe7a80 DEOPT PACKING pc=0x000001d20ae9ad91 sp=0x0000001bb3afe2b0
Event: 1431.982 Thread 0x000001d23cbe7a80 DEOPT UNPACKING pc=0x000001d210a37143 sp=0x0000001bb3afd8a8 mode 0
Event: 1431.982 Thread 0x000001d23cbe7a80 DEOPT PACKING pc=0x000001d20ae9ad91 sp=0x0000001bb3afe0a0
Event: 1431.982 Thread 0x000001d23cbe7a80 DEOPT UNPACKING pc=0x000001d210a37143 sp=0x0000001bb3afd698 mode 0
Event: 1431.983 Thread 0x000001d23cbe7a80 Uncommon trap: trap_request=0xffffff45 fr.pc=0x000001d211352d1c relative=0x000000000000029c
Event: 1431.983 Thread 0x000001d23cbe7a80 Uncommon trap: reason=unstable_if action=reinterpret pc=0x000001d211352d1c method=com.st.microxplorer.util.LogicalParser.waitAndSet()V @ 14 c2
Event: 1431.983 Thread 0x000001d23cbe7a80 DEOPT PACKING pc=0x000001d211352d1c sp=0x0000001bb3afebf0
Event: 1431.983 Thread 0x000001d23cbe7a80 DEOPT UNPACKING pc=0x000001d210a369a3 sp=0x0000001bb3afea48 mode 2
Event: 1431.985 Thread 0x000001d23cbe7a80 Uncommon trap: trap_request=0xffffff45 fr.pc=0x000001d2113dd1e0 relative=0x0000000000000180
Event: 1431.985 Thread 0x000001d23cbe7a80 Uncommon trap: reason=unstable_if action=reinterpret pc=0x000001d2113dd1e0 method=com.st.microxplorer.util.LogicalParser.waitAndSet()V @ 14 c2
Event: 1431.986 Thread 0x000001d23cbe7a80 DEOPT PACKING pc=0x000001d2113dd1e0 sp=0x0000001bb3afea00
Event: 1431.986 Thread 0x000001d23cbe7a80 DEOPT UNPACKING pc=0x000001d210a369a3 sp=0x0000001bb3afe8d0 mode 2

Classes unloaded (20 events):
Event: 46.283 Thread 0x000001d2247da670 Unloading class 0x0000000800990238 'com/st/stm32cube/ide/common/services/mx/jar/core/mx/plugin/PlugInInstaller$PlugInRoot'
Event: 46.283 Thread 0x000001d2247da670 Unloading class 0x0000000800990000 'com/st/stm32cube/ide/common/services/mx/jar/core/mx/plugin/PlugInInstaller'
Event: 46.283 Thread 0x000001d2247da670 Unloading class 0x000000080098bcc8 'com/st/stm32cube/ide/common/services/mx/jar/core/mx/plugin/PlugIn'
Event: 46.283 Thread 0x000001d2247da670 Unloading class 0x000000080098b9f8 'com/st/stm32cube/ide/common/services/mx/jar/core/mx/plugin/PlugInAbstract'
Event: 46.283 Thread 0x000001d2247da670 Unloading class 0x000000080098b800 'com/st/stm32cube/ide/common/services/mx/jar/core/mx/plugin/PlugInInterface'
Event: 46.283 Thread 0x000001d2247da670 Unloading class 0x000000080098b238 'com/st/stm32cube/ide/common/services/mx/jar/core/mx/plugin/PlugInInstaller$PlugInRoot'
Event: 46.283 Thread 0x000001d2247da670 Unloading class 0x000000080098b000 'com/st/stm32cube/ide/common/services/mx/jar/core/mx/plugin/PlugInInstaller'
Event: 46.283 Thread 0x000001d2247da670 Unloading class 0x000000080098acc8 'com/st/stm32cube/ide/common/services/mx/jar/core/mx/plugin/PlugIn'
Event: 46.283 Thread 0x000001d2247da670 Unloading class 0x000000080098a9f8 'com/st/stm32cube/ide/common/services/mx/jar/core/mx/plugin/PlugInAbstract'
Event: 46.283 Thread 0x000001d2247da670 Unloading class 0x000000080098a800 'com/st/stm32cube/ide/common/services/mx/jar/core/mx/plugin/PlugInInterface'
Event: 51.190 Thread 0x000001d2247da670 Unloading class 0x000000080099f000 'com/st/stm32cube/ide/common/services/mx/jar/core/mx/plugin/PlugInInstaller$PlugInRoot'
Event: 51.190 Thread 0x000001d2247da670 Unloading class 0x000000080099e400 'com/st/stm32cube/ide/common/services/mx/jar/core/mx/plugin/PlugInInstaller'
Event: 51.190 Thread 0x000001d2247da670 Unloading class 0x000000080099ecc8 'com/st/stm32cube/ide/common/services/mx/jar/core/mx/plugin/PlugIn'
Event: 51.190 Thread 0x000001d2247da670 Unloading class 0x000000080099e9f8 'com/st/stm32cube/ide/common/services/mx/jar/core/mx/plugin/PlugInAbstract'
Event: 51.190 Thread 0x000001d2247da670 Unloading class 0x000000080099e800 'com/st/stm32cube/ide/common/services/mx/jar/core/mx/plugin/PlugInInterface'
Event: 51.190 Thread 0x000001d2247da670 Unloading class 0x000000080099d7e0 'com/st/stm32cube/ide/common/services/mx/jar/core/mx/plugin/PlugInInstaller$PlugInRoot'
Event: 51.190 Thread 0x000001d2247da670 Unloading class 0x000000080099d5a8 'com/st/stm32cube/ide/common/services/mx/jar/core/mx/plugin/PlugInInstaller'
Event: 51.190 Thread 0x000001d2247da670 Unloading class 0x000000080099d2d0 'com/st/stm32cube/ide/common/services/mx/jar/core/mx/plugin/PlugIn'
Event: 51.190 Thread 0x000001d2247da670 Unloading class 0x000000080099d000 'com/st/stm32cube/ide/common/services/mx/jar/core/mx/plugin/PlugInAbstract'
Event: 51.190 Thread 0x000001d2247da670 Unloading class 0x000000080099cc00 'com/st/stm32cube/ide/common/services/mx/jar/core/mx/plugin/PlugInInterface'

Classes redefined (0 events):
No events

Internal exceptions (20 events):
Event: 1431.095 Thread 0x000001d23cbe7a80 Exception <a 'java/io/IOException'{0x000000072623c000}> (0x000000072623c000) 
thrown [s\src\hotspot\share\prims\jni.cpp, line 516]
Event: 1431.095 Thread 0x000001d23cbe7a80 Exception <a 'java/io/IOException'{0x000000072623c650}> (0x000000072623c650) 
thrown [s\src\hotspot\share\prims\jni.cpp, line 516]
Event: 1431.095 Thread 0x000001d23cbe7a80 Exception <a 'java/io/FileNotFoundException'{0x000000072623cdc0}> (0x000000072623cdc0) 
thrown [s\src\hotspot\share\prims\jni.cpp, line 516]
Event: 1431.104 Thread 0x000001d23cbe7a80 Implicit null exception at 0x000001d20acb5bac to 0x000001d20acb7fc9
Event: 1431.104 Thread 0x000001d23cbe7a80 Exception <a 'java/lang/NullPointerException'{0x0000000725cc7680}> (0x0000000725cc7680) 
thrown [s\src\hotspot\share\runtime\sharedRuntime.cpp, line 628]
Event: 1431.189 Thread 0x000001d23cbe7a80 Exception <a 'java/io/IOException'{0x0000000723a54790}> (0x0000000723a54790) 
thrown [s\src\hotspot\share\prims\jni.cpp, line 516]
Event: 1431.189 Thread 0x000001d23cbe7a80 Exception <a 'java/io/IOException'{0x0000000723a54de0}> (0x0000000723a54de0) 
thrown [s\src\hotspot\share\prims\jni.cpp, line 516]
Event: 1431.329 Thread 0x000001d23cbe7a80 Exception <a 'java/io/IOException'{0x00000007223561b0}> (0x00000007223561b0) 
thrown [s\src\hotspot\share\prims\jni.cpp, line 516]
Event: 1431.329 Thread 0x000001d23cbe7a80 Exception <a 'java/io/IOException'{0x0000000722356800}> (0x0000000722356800) 
thrown [s\src\hotspot\share\prims\jni.cpp, line 516]
Event: 1431.440 Thread 0x000001d23cbe7a80 Exception <a 'java/io/IOException'{0x000000071edd1e70}> (0x000000071edd1e70) 
thrown [s\src\hotspot\share\prims\jni.cpp, line 516]
Event: 1431.440 Thread 0x000001d23cbe7a80 Exception <a 'java/io/IOException'{0x000000071edd24c0}> (0x000000071edd24c0) 
thrown [s\src\hotspot\share\prims\jni.cpp, line 516]
Event: 1431.575 Thread 0x000001d23cbe7a80 Exception <a 'java/io/IOException'{0x000000071d27e980}> (0x000000071d27e980) 
thrown [s\src\hotspot\share\prims\jni.cpp, line 516]
Event: 1431.576 Thread 0x000001d23cbe7a80 Exception <a 'java/io/IOException'{0x000000071d27efd0}> (0x000000071d27efd0) 
thrown [s\src\hotspot\share\prims\jni.cpp, line 516]
Event: 1431.594 Thread 0x000001d23cbe7a80 Exception <a 'java/io/IOException'{0x000000071d295ad8}> (0x000000071d295ad8) 
thrown [s\src\hotspot\share\prims\jni.cpp, line 516]
Event: 1431.594 Thread 0x000001d23cbe7a80 Exception <a 'java/io/IOException'{0x000000071d296128}> (0x000000071d296128) 
thrown [s\src\hotspot\share\prims\jni.cpp, line 516]
Event: 1431.635 Thread 0x000001d23cbe6640 Exception <a 'java/lang/NoSuchMethodError'{0x000000071c676968}: 'java.lang.Object java.lang.invoke.DirectMethodHandle$Holder.invokeSpecial(java.lang.Object, java.lang.Object, int, int, int)'> (0x000000071c676968) 
thrown [s\src\hotspot\share\interpreter\linkResolver.cpp, line 759]
Event: 1431.683 Thread 0x000001d23cbe7a80 Exception <a 'java/io/IOException'{0x000000072754bde0}> (0x000000072754bde0) 
thrown [s\src\hotspot\share\prims\jni.cpp, line 516]
Event: 1431.684 Thread 0x000001d23cbe7a80 Exception <a 'java/io/IOException'{0x000000072754c430}> (0x000000072754c430) 
thrown [s\src\hotspot\share\prims\jni.cpp, line 516]
Event: 1432.013 Thread 0x000001d23cbe7a80 Exception <a 'java/io/IOException'{0x00000007260b9760}> (0x00000007260b9760) 
thrown [s\src\hotspot\share\prims\jni.cpp, line 516]
Event: 1432.013 Thread 0x000001d23cbe7a80 Exception <a 'java/io/IOException'{0x00000007260b9db0}> (0x00000007260b9db0) 
thrown [s\src\hotspot\share\prims\jni.cpp, line 516]

VM Operations (20 events):
Event: 1429.315 Executing VM operation: G1CollectForAllocation
Event: 1429.316 Executing VM operation: G1CollectForAllocation done
Event: 1429.349 Executing VM operation: G1CollectForAllocation
Event: 1429.351 Executing VM operation: G1CollectForAllocation done
Event: 1429.909 Executing VM operation: G1CollectForAllocation
Event: 1429.911 Executing VM operation: G1CollectForAllocation done
Event: 1430.408 Executing VM operation: G1CollectForAllocation
Event: 1430.409 Executing VM operation: G1CollectForAllocation done
Event: 1430.995 Executing VM operation: G1CollectForAllocation
Event: 1430.997 Executing VM operation: G1CollectForAllocation done
Event: 1431.658 Executing VM operation: G1CollectForAllocation
Event: 1431.660 Executing VM operation: G1CollectForAllocation done
Event: 1431.741 Executing VM operation: HandshakeAllThreads
Event: 1431.742 Executing VM operation: HandshakeAllThreads done
Event: 1431.781 Executing VM operation: HandshakeAllThreads
Event: 1431.781 Executing VM operation: HandshakeAllThreads done
Event: 1431.821 Executing VM operation: HandshakeAllThreads
Event: 1431.821 Executing VM operation: HandshakeAllThreads done
Event: 1431.957 Executing VM operation: G1CollectForAllocation
Event: 1431.960 Executing VM operation: G1CollectForAllocation done

Events (20 events):
Event: 1431.852 Thread 0x000001d224862030 flushing nmethod 0x000001d20accb010
Event: 1431.852 Thread 0x000001d224862030 flushing nmethod 0x000001d20acf4e10
Event: 1431.853 Thread 0x000001d224862030 flushing nmethod 0x000001d20ad12290
Event: 1431.853 Thread 0x000001d224862030 flushing nmethod 0x000001d20ad1f210
Event: 1431.853 Thread 0x000001d224862030 flushing nmethod 0x000001d20adc8790
Event: 1431.853 Thread 0x000001d224862030 flushing nmethod 0x000001d20add3010
Event: 1431.853 Thread 0x000001d224862030 flushing nmethod 0x000001d20add4790
Event: 1431.853 Thread 0x000001d224862030 flushing nmethod 0x000001d20addd990
Event: 1431.853 Thread 0x000001d224862030 flushing nmethod 0x000001d20ade4b10
Event: 1431.855 Thread 0x000001d224862030 flushing nmethod 0x000001d20afb9110
Event: 1431.855 Thread 0x000001d224862030 flushing nmethod 0x000001d20b02ad90
Event: 1431.855 Thread 0x000001d224862030 flushing nmethod 0x000001d20b030a90
Event: 1431.856 Thread 0x000001d224862030 flushing nmethod 0x000001d20b085490
Event: 1431.856 Thread 0x000001d224862030 flushing nmethod 0x000001d20b08da90
Event: 1431.856 Thread 0x000001d224862030 flushing nmethod 0x000001d20b0c5a90
Event: 1431.856 Thread 0x000001d224862030 flushing nmethod 0x000001d20b0c8690
Event: 1431.856 Thread 0x000001d224862030 flushing nmethod 0x000001d20b12c810
Event: 1431.856 Thread 0x000001d224862030 flushing nmethod 0x000001d20b12d910
Event: 1431.857 Thread 0x000001d224862030 flushing nmethod 0x000001d20b138810
Event: 1431.857 Thread 0x000001d224862030 flushing nmethod 0x000001d20b150690


Dynamic libraries:
0x00007ff6105f0000 - 0x00007ff6105fe000 	D:\ProgrammingTool\CubeMX\jre\bin\javaw.exe
0x00007ff8f0c90000 - 0x00007ff8f0ea7000 	C:\WINDOWS\SYSTEM32\ntdll.dll
0x00007ff8eece0000 - 0x00007ff8eeda4000 	C:\WINDOWS\System32\KERNEL32.DLL
0x00007ff8ee1c0000 - 0x00007ff8ee57a000 	C:\WINDOWS\System32\KERNELBASE.dll
0x00007ff8ee0a0000 - 0x00007ff8ee1b1000 	C:\WINDOWS\System32\ucrtbase.dll
0x00007ff889e90000 - 0x00007ff889ea7000 	D:\ProgrammingTool\CubeMX\jre\bin\jli.dll
0x00007ff8f0aa0000 - 0x00007ff8f0c4e000 	C:\WINDOWS\System32\USER32.dll
0x00007ff8d6c60000 - 0x00007ff8d6ef2000 	C:\WINDOWS\WinSxS\amd64_microsoft.windows.common-controls_6595b64144ccf1df_6.0.22621.4541_none_2710d1c57384c085\COMCTL32.dll
0x00007ff8ee070000 - 0x00007ff8ee096000 	C:\WINDOWS\System32\win32u.dll
0x00007ff8f0490000 - 0x00007ff8f0537000 	C:\WINDOWS\System32\msvcrt.dll
0x00007ff8eeac0000 - 0x00007ff8eeae9000 	C:\WINDOWS\System32\GDI32.dll
0x00007ff8ee880000 - 0x00007ff8ee99b000 	C:\WINDOWS\System32\gdi32full.dll
0x00007ff8ee6f0000 - 0x00007ff8ee78a000 	C:\WINDOWS\System32\msvcp_win.dll
0x00007ff889e70000 - 0x00007ff889e89000 	D:\ProgrammingTool\CubeMX\jre\bin\VCRUNTIME140.dll
0x00007ff8eebf0000 - 0x00007ff8eec21000 	C:\WINDOWS\System32\IMM32.DLL
0x00007ff8b3300000 - 0x00007ff8b330c000 	D:\ProgrammingTool\CubeMX\jre\bin\vcruntime140_1.dll
0x00007ff888310000 - 0x00007ff8883a1000 	D:\ProgrammingTool\CubeMX\jre\bin\msvcp140.dll
0x00007ff879920000 - 0x00007ff87a56c000 	D:\ProgrammingTool\CubeMX\jre\bin\server\jvm.dll
0x00007ff8ef3a0000 - 0x00007ff8ef452000 	C:\WINDOWS\System32\ADVAPI32.dll
0x00007ff8f09f0000 - 0x00007ff8f0a97000 	C:\WINDOWS\System32\sechost.dll
0x00007ff8ee850000 - 0x00007ff8ee878000 	C:\WINDOWS\System32\bcrypt.dll
0x00007ff8ef190000 - 0x00007ff8ef2a4000 	C:\WINDOWS\System32\RPCRT4.dll
0x00007ff8ede40000 - 0x00007ff8ede8d000 	C:\WINDOWS\SYSTEM32\POWRPROF.dll
0x00007ff8e7fb0000 - 0x00007ff8e7fe4000 	C:\WINDOWS\SYSTEM32\WINMM.dll
0x00007ff8b3e60000 - 0x00007ff8b3e69000 	C:\WINDOWS\SYSTEM32\WSOCK32.dll
0x00007ff8e3b60000 - 0x00007ff8e3b6a000 	C:\WINDOWS\SYSTEM32\VERSION.dll
0x00007ff8f03b0000 - 0x00007ff8f0421000 	C:\WINDOWS\System32\WS2_32.dll
0x00007ff8ede20000 - 0x00007ff8ede33000 	C:\WINDOWS\SYSTEM32\UMPDC.dll
0x00007ff8ecf70000 - 0x00007ff8ecf88000 	C:\WINDOWS\SYSTEM32\kernel.appcore.dll
0x00007ff898040000 - 0x00007ff89804a000 	D:\ProgrammingTool\CubeMX\jre\bin\jimage.dll
0x00007ff8eb7a0000 - 0x00007ff8eb9d2000 	C:\WINDOWS\SYSTEM32\DBGHELP.DLL
0x00007ff8ef720000 - 0x00007ff8efaaf000 	C:\WINDOWS\System32\combase.dll
0x00007ff8ef2b0000 - 0x00007ff8ef387000 	C:\WINDOWS\System32\OLEAUT32.dll
0x00007ff88c540000 - 0x00007ff88c572000 	C:\WINDOWS\SYSTEM32\dbgcore.DLL
0x00007ff8edff0000 - 0x00007ff8ee06b000 	C:\WINDOWS\System32\bcryptPrimitives.dll
0x00007ff8882e0000 - 0x00007ff888305000 	D:\ProgrammingTool\CubeMX\jre\bin\java.dll
0x00007ff887a60000 - 0x00007ff887b36000 	D:\ProgrammingTool\CubeMX\jre\bin\jsvml.dll
0x00007ff8efab0000 - 0x00007ff8f0328000 	C:\WINDOWS\System32\SHELL32.dll
0x00007ff8ebe60000 - 0x00007ff8ec768000 	C:\WINDOWS\SYSTEM32\windows.storage.dll
0x00007ff8ebd20000 - 0x00007ff8ebe5f000 	C:\WINDOWS\SYSTEM32\wintypes.dll
0x00007ff8eeaf0000 - 0x00007ff8eebea000 	C:\WINDOWS\System32\SHCORE.dll
0x00007ff8eec80000 - 0x00007ff8eecde000 	C:\WINDOWS\System32\shlwapi.dll
0x00007ff8edea0000 - 0x00007ff8edecb000 	C:\WINDOWS\SYSTEM32\profapi.dll
0x00007ff889e50000 - 0x00007ff889e69000 	D:\ProgrammingTool\CubeMX\jre\bin\net.dll
0x00007ff8e99a0000 - 0x00007ff8e9ad6000 	C:\WINDOWS\SYSTEM32\WINHTTP.dll
0x00007ff8ed3e0000 - 0x00007ff8ed449000 	C:\WINDOWS\system32\mswsock.dll
0x00007ff8882c0000 - 0x00007ff8882d5000 	D:\ProgrammingTool\CubeMX\jre\bin\nio.dll
0x00007ff887a40000 - 0x00007ff887a58000 	D:\ProgrammingTool\CubeMX\jre\bin\zip.dll
0x00007ff897a50000 - 0x00007ff897a59000 	D:\ProgrammingTool\CubeMX\jre\bin\management.dll
0x00007ff894640000 - 0x00007ff89464b000 	D:\ProgrammingTool\CubeMX\jre\bin\management_ext.dll
0x00007ff8f0540000 - 0x00007ff8f0548000 	C:\WINDOWS\System32\PSAPI.DLL
0x00007ff8c2a90000 - 0x00007ff8c2aa7000 	C:\WINDOWS\system32\napinsp.dll
0x00007ff8c2970000 - 0x00007ff8c298b000 	C:\WINDOWS\system32\pnrpnsp.dll
0x00007ff8eca40000 - 0x00007ff8ecb42000 	C:\WINDOWS\SYSTEM32\DNSAPI.dll
0x00007ff8eca10000 - 0x00007ff8eca3d000 	C:\WINDOWS\SYSTEM32\IPHLPAPI.DLL
0x00007ff8ef460000 - 0x00007ff8ef469000 	C:\WINDOWS\System32\NSI.dll
0x00007ff8c08e0000 - 0x00007ff8c08f1000 	C:\WINDOWS\System32\winrnr.dll
0x00007ff8e76d0000 - 0x00007ff8e76e5000 	C:\WINDOWS\system32\wshbth.dll
0x00007ff8be820000 - 0x00007ff8be847000 	C:\WINDOWS\system32\nlansp_c.dll
0x0000000062430000 - 0x000000006243b000 	C:\Program Files\National Instruments\Shared\mDNS Responder\nimdnsNSP.dll
0x0000000062410000 - 0x0000000062421000 	C:\WINDOWS\SYSTEM32\nimdnsResponder.dll
0x00000000623e0000 - 0x0000000062406000 	C:\Program Files\Bonjour\mdnsNSP.dll
0x00007ff8e7f50000 - 0x00007ff8e7f5a000 	C:\Windows\System32\rasadhlp.dll
0x00007ff8e7ff0000 - 0x00007ff8e8073000 	C:\WINDOWS\System32\fwpuclnt.dll
0x00007ff87c4e0000 - 0x00007ff87c66e000 	D:\ProgrammingTool\CubeMX\jre\bin\awt.dll
0x00007ff8e75b0000 - 0x00007ff8e7647000 	C:\WINDOWS\SYSTEM32\apphelp.dll
0x00007ff8ed660000 - 0x00007ff8ed67b000 	C:\WINDOWS\SYSTEM32\CRYPTSP.dll
0x00007ff8eced0000 - 0x00007ff8ecf05000 	C:\WINDOWS\system32\rsaenh.dll
0x00007ff8ed480000 - 0x00007ff8ed4a8000 	C:\WINDOWS\SYSTEM32\USERENV.dll
0x00007ff8ed5f0000 - 0x00007ff8ed5fc000 	C:\WINDOWS\SYSTEM32\CRYPTBASE.dll
0x00007ff8e95a0000 - 0x00007ff8e95b9000 	C:\WINDOWS\SYSTEM32\dhcpcsvc6.DLL
0x00007ff8e94f0000 - 0x00007ff8e950f000 	C:\WINDOWS\SYSTEM32\dhcpcsvc.DLL
0x00007ff8eaf60000 - 0x00007ff8eb011000 	C:\WINDOWS\system32\uxtheme.dll
0x00007ff8eee60000 - 0x00007ff8eefc1000 	C:\WINDOWS\System32\MSCTF.dll
0x00007ff8eefe0000 - 0x00007ff8ef185000 	C:\WINDOWS\System32\ole32.dll
0x00007ff8eb1d0000 - 0x00007ff8eb1fb000 	C:\WINDOWS\system32\DWMAPI.DLL
0x00007ff8a6380000 - 0x00007ff8a6480000 	C:\WINDOWS\system32\opengl32.dll
0x00007ff8b3950000 - 0x00007ff8b397d000 	C:\WINDOWS\SYSTEM32\GLU32.dll
0x00007ff8eb070000 - 0x00007ff8eb0a7000 	C:\WINDOWS\SYSTEM32\dxcore.dll
0x00007ff88fbf0000 - 0x00007ff88fd98000 	C:\WINDOWS\system32\d3d9.dll
0x00007ff8e1530000 - 0x00007ff8e16eb000 	C:\WINDOWS\System32\DriverStore\FileRepository\u0403623.inf_amd64_4376f9270b31b935\B403749\aticfx64.dll
0x00007ff82c9f0000 - 0x00007ff82e7bf000 	C:\WINDOWS\System32\DriverStore\FileRepository\u0403623.inf_amd64_4376f9270b31b935\B403749\amdxn64.dll
0x00007ff8f0550000 - 0x00007ff8f09c4000 	C:\WINDOWS\System32\SETUPAPI.dll
0x00007ff8eb0b0000 - 0x00007ff8eb1a7000 	C:\WINDOWS\SYSTEM32\dxgi.dll
0x00007ff8df580000 - 0x00007ff8df5b5000 	C:\WINDOWS\SYSTEM32\amdihk64.dll
0x00007ff8e33d0000 - 0x00007ff8e3419000 	C:\WINDOWS\SYSTEM32\directxdatabasehelper.dll
0x00007ff887130000 - 0x00007ff8871b6000 	D:\ProgrammingTool\CubeMX\jre\bin\freetype.dll
0x00007ff87b7c0000 - 0x00007ff87b893000 	D:\ProgrammingTool\CubeMX\jre\bin\fontmanager.dll
0x00007ff894360000 - 0x00007ff894370000 	D:\ProgrammingTool\CubeMX\jre\bin\verify.dll
0x00007ff8910f0000 - 0x00007ff8910f9000 	D:\ProgrammingTool\CubeMX\jre\bin\prefs.dll
0x00007ff88cbc0000 - 0x00007ff88cbce000 	D:\ProgrammingTool\CubeMX\jre\bin\sunmscapi.dll
0x00007ff8ee580000 - 0x00007ff8ee6e6000 	C:\WINDOWS\System32\CRYPT32.dll
0x00007ff8ed840000 - 0x00007ff8ed86d000 	C:\WINDOWS\SYSTEM32\ncrypt.dll
0x00007ff8ed800000 - 0x00007ff8ed837000 	C:\WINDOWS\SYSTEM32\NTASN1.dll
0x00007ff8ed6d0000 - 0x00007ff8ed6e2000 	C:\WINDOWS\SYSTEM32\MSASN1.dll
0x00007ff8ed450000 - 0x00007ff8ed476000 	C:\WINDOWS\SYSTEM32\gpapi.dll
0x00007ff8d90e0000 - 0x00007ff8d914a000 	C:\WINDOWS\system32\ncryptprov.dll
0x00007ff8eedb0000 - 0x00007ff8eee60000 	C:\WINDOWS\System32\clbcatq.dll
0x00007ff8eacc0000 - 0x00007ff8eae70000 	C:\WINDOWS\SYSTEM32\WindowsCodecs.dll
0x00007ff8c9c20000 - 0x00007ff8c9c7e000 	C:\WINDOWS\system32\dataexchange.dll
0x00007ff8e78f0000 - 0x00007ff8e7b94000 	C:\WINDOWS\system32\twinapi.appcore.dll
0x00007ff8e3230000 - 0x00007ff8e3375000 	C:\WINDOWS\SYSTEM32\textinputframework.dll
0x00007ff8d0d10000 - 0x00007ff8d0d79000 	C:\WINDOWS\system32\Oleacc.dll
0x00007ff8d3300000 - 0x00007ff8d334b000 	C:\WINDOWS\system32\ApplicationTargetedFeatureDatabase.dll
0x0000000067740000 - 0x0000000067818000 	C:\Users\29934\AppData\Local\Temp\sqlite-3.34.0-9c7240da-eab2-4223-ae1d-015f15a417d3-sqlitejdbc.dll
0x00007ff8e5eb0000 - 0x00007ff8e5fe3000 	C:\WINDOWS\SYSTEM32\CoreMessaging.dll
0x00007ff8e3de0000 - 0x00007ff8e414d000 	C:\WINDOWS\SYSTEM32\CoreUIComponents.dll
0x00007ff8834a0000 - 0x00007ff883923000 	C:\WINDOWS\system32\SogouTSF.ime
0x00007ff8c00f0000 - 0x00007ff8c00f7000 	C:\WINDOWS\system32\MSIMG32.dll
0x00007ff882600000 - 0x00007ff883497000 	C:\WINDOWS\system32\SogouPY.ime
0x00007ff8ed080000 - 0x00007ff8ed0b4000 	C:\WINDOWS\SYSTEM32\ntmarta.dll
0x00007ff8c7750000 - 0x00007ff8c77f6000 	D:\CommonSoftware\SouGouInput\SogouInput\Components\idabg\1.0.0.2398\idabg_bundle64.dll
0x00007ff87fd70000 - 0x00007ff880050000 	D:\CommonSoftware\SouGouInput\SogouInput\Components\PicFace\1.1.0.2326\PicFace64.dll
0x00007ff8ee9a0000 - 0x00007ff8eeaa0000 	C:\WINDOWS\System32\COMDLG32.dll
0x0000000010000000 - 0x000000001059c000 	D:\CommonSoftware\SouGouInput\SogouInput\14.7.0.9764\Resource.dll
0x00007ff8d4b20000 - 0x00007ff8d4bd1000 	C:\WINDOWS\SYSTEM32\TextShaping.dll
0x00007ff8ecd20000 - 0x00007ff8ecd34000 	C:\WINDOWS\system32\Wtsapi32.dll
0x00007ff8edbf0000 - 0x00007ff8edc56000 	C:\WINDOWS\SYSTEM32\WINSTA.dll
0x00007ff8eba10000 - 0x00007ff8ebb11000 	C:\WINDOWS\SYSTEM32\PROPSYS.dll
0x00007ff8db4c0000 - 0x00007ff8db5fd000 	C:\Windows\System32\Windows.System.Launcher.dll
0x00007ff8ea560000 - 0x00007ff8ea5f3000 	C:\Windows\System32\msvcp110_win.dll
0x00007ff8e85a0000 - 0x00007ff8e85ba000 	C:\WINDOWS\SYSTEM32\windows.staterepositorycore.dll
0x00007ff8d5bf0000 - 0x00007ff8d5ca6000 	C:\Windows\System32\Windows.FileExplorer.Common.dll
0x00007ff8edb40000 - 0x00007ff8edb8e000 	C:\WINDOWS\SYSTEM32\CFGMGR32.dll
0x00007ff8dd8c0000 - 0x00007ff8dd9ab000 	C:\Windows\System32\Windows.StateRepositoryPS.dll
0x00007ff8dd880000 - 0x00007ff8dd8bd000 	C:\WINDOWS\SYSTEM32\windows.staterepositoryclient.dll
0x00007ff8d5090000 - 0x00007ff8d50b8000 	C:\WINDOWS\SYSTEM32\edputil.dll
0x00007ff8de800000 - 0x00007ff8de9f0000 	C:\WINDOWS\SYSTEM32\urlmon.dll

dbghelp: loaded successfully - version: 4.0.5 - missing functions: none
symbol engine: initialized successfully - sym options: 0x614 - pdb path: .;D:\ProgrammingTool\CubeMX\jre\bin;C:\WINDOWS\SYSTEM32;C:\WINDOWS\WinSxS\amd64_microsoft.windows.common-controls_6595b64144ccf1df_6.0.22621.4541_none_2710d1c57384c085;D:\ProgrammingTool\CubeMX\jre\bin\server;C:\Program Files\National Instruments\Shared\mDNS Responder;C:\Program Files\Bonjour;C:\WINDOWS\System32\DriverStore\FileRepository\u0403623.inf_amd64_4376f9270b31b935\B403749;C:\Users\29934\AppData\Local\Temp;D:\CommonSoftware\SouGouInput\SogouInput\Components\idabg\1.0.0.2398;D:\CommonSoftware\SouGouInput\SogouInput\Components\PicFace\1.1.0.2326;D:\CommonSoftware\SouGouInput\SogouInput\14.7.0.9764

VM Arguments:
jvm_args: -Djavax.net.ssl.trustStoreType=WINDOWS-ROOT 
java_command: com.st.microxplorer.maingui.STM32CubeMX D:\desktop\ICAT\L431Template.ioc
java_class_path (initial): D:\ProgrammingTool\CubeMX\STM32CubeMX.exe;anything
Launcher Type: SUN_STANDARD

[Global flags]
     intx CICompilerCount                          = 12                                        {product} {ergonomic}
     uint ConcGCThreads                            = 3                                         {product} {ergonomic}
     uint G1ConcRefinementThreads                  = 13                                        {product} {ergonomic}
   size_t G1HeapRegionSize                         = 2097152                                   {product} {ergonomic}
    uintx GCDrainStackTargetSize                   = 64                                        {product} {ergonomic}
   size_t InitialHeapSize                          = 255852544                                 {product} {ergonomic}
   size_t MarkStackSize                            = 4194304                                   {product} {ergonomic}
   size_t MaxHeapSize                              = 4093640704                                {product} {ergonomic}
   size_t MaxNewSize                               = 2455764992                                {product} {ergonomic}
   size_t MinHeapDeltaBytes                        = 2097152                                   {product} {ergonomic}
   size_t MinHeapSize                              = 8388608                                   {product} {ergonomic}
    uintx NonNMethodCodeHeapSize                   = 7602480                                {pd product} {ergonomic}
    uintx NonProfiledCodeHeapSize                  = 122027880                              {pd product} {ergonomic}
    uintx ProfiledCodeHeapSize                     = 122027880                              {pd product} {ergonomic}
    uintx ReservedCodeCacheSize                    = 251658240                              {pd product} {ergonomic}
     bool SegmentedCodeCache                       = true                                      {product} {ergonomic}
   size_t SoftMaxHeapSize                          = 4093640704                             {manageable} {ergonomic}
     bool UseCompressedClassPointers               = true                           {product lp64_product} {ergonomic}
     bool UseCompressedOops                        = true                           {product lp64_product} {ergonomic}
     bool UseG1GC                                  = true                                      {product} {ergonomic}
     bool UseLargePagesIndividualAllocation        = false                                  {pd product} {ergonomic}

Logging:
Log output configuration:
 #0: stdout all=warning uptime,level,tags
 #1: stderr all=off uptime,level,tags

Environment Variables:
PATH=D:\ProgrammingTool\CubeMX\;C:\Program Files (x86)\NVIDIA Corporation\PhysX\Common;C:\WINDOWS\system32;C:\WINDOWS;C:\WINDOWS\System32\Wbem;C:\WINDOWS\System32\WindowsPowerShell\v1.0\;C:\WINDOWS\System32\OpenSSH\;D:\DevelopmentTool\Matlab23\runtime\win64;D:\DevelopmentTool\Matlab23\bin;D:\Environment\C\mingw64\bin;C:\Program Files\dotnet\;C:\Program Files\Git\cmd;C:\Users\29934\AppData\Local\Programs\Python\Python312;C:\Program Files\Microsoft SQL Server\Client SDK\ODBC\170\Tools\Binn\;C:\Program Files (x86)\Microsoft SQL Server\150\Tools\Binn\;C:\Program Files\Microsoft SQL Server\150\Tools\Binn\;C:\Program Files\Microsoft SQL Server\150\DTS\Binn\;C:\Program Files (x86)\Windows Kits\8.1\Windows Performance Toolkit\;C:\Users\29934\AppData\Local\Programs\Python\Python312\Scripts\;C:\Users\29934\AppData\Local\Programs\Python\Python312\;C:\Users\29934\AppData\Local\Microsoft\WindowsApps;D:\ProgrammingTool\VsCode\Microsoft VS Code\bin;D:\DevelopmentTool\IntelliJ IDEA 2023.3.2\bin;;C:\Users\29934\PyCharm 2023.3.2\bin;;D:\Environment\C\mingw64\bin;D:\ProgrammingTool\Modelsim\win64;C:\Users\29934\AppData\Local\Programs\Python\Python312;C:\Users\29934\AppData\Local\GitHubDesktop\bin;D:\ProgrammingTool\CubeMX\.\jre\\bin
USERNAME=29934
OS=Windows_NT
PROCESSOR_IDENTIFIER=AMD64 Family 25 Model 68 Stepping 1, AuthenticAMD
TMP=C:\Users\29934\AppData\Local\Temp
TEMP=C:\Users\29934\AppData\Local\Temp



---------------  S Y S T E M  ---------------

OS:
 Windows 11 , 64 bit Build 22621 (10.0.22621.4391)
OS uptime: 0 days 2:58 hours
Hyper-V role detected

CPU: total 16 (initial active 16) (16 cores per cpu, 2 threads per core) family 25 model 68 stepping 1 microcode 0x0, cx8, cmov, fxsr, ht, mmx, 3dnowpref, sse, sse2, sse3, ssse3, sse4a, sse4.1, sse4.2, popcnt, lzcnt, tsc, tscinvbit, avx, avx2, aes, erms, clmul, bmi1, bmi2, adx, sha, fma, vzeroupper, clflush, clflushopt, hv
Processor Information for processor 0
  Max Mhz: 3201, Current Mhz: 3201, Mhz Limit: 3201
Processor Information for processor 1
  Max Mhz: 3201, Current Mhz: 3201, Mhz Limit: 3201
Processor Information for processor 2
  Max Mhz: 3201, Current Mhz: 1989, Mhz Limit: 3201
Processor Information for processor 3
  Max Mhz: 3201, Current Mhz: 1989, Mhz Limit: 3201
Processor Information for processor 4
  Max Mhz: 3201, Current Mhz: 3201, Mhz Limit: 3201
Processor Information for processor 5
  Max Mhz: 3201, Current Mhz: 3201, Mhz Limit: 3201
Processor Information for processor 6
  Max Mhz: 3201, Current Mhz: 1989, Mhz Limit: 3201
Processor Information for processor 7
  Max Mhz: 3201, Current Mhz: 3201, Mhz Limit: 3201
Processor Information for processor 8
  Max Mhz: 3201, Current Mhz: 3201, Mhz Limit: 3201
Processor Information for processor 9
  Max Mhz: 3201, Current Mhz: 3201, Mhz Limit: 3201
Processor Information for processor 10
  Max Mhz: 3201, Current Mhz: 3201, Mhz Limit: 3201
Processor Information for processor 11
  Max Mhz: 3201, Current Mhz: 3201, Mhz Limit: 3201
Processor Information for processor 12
  Max Mhz: 3201, Current Mhz: 3201, Mhz Limit: 3201
Processor Information for processor 13
  Max Mhz: 3201, Current Mhz: 3201, Mhz Limit: 3201
Processor Information for processor 14
  Max Mhz: 3201, Current Mhz: 3201, Mhz Limit: 3201
Processor Information for processor 15
  Max Mhz: 3201, Current Mhz: 3201, Mhz Limit: 3201

Memory: 4k page, system-wide physical 15612M (2700M free)
TotalPageFile size 15612M (AvailPageFile size 152M)
current process WorkingSet (physical memory assigned to process): 966M, peak: 968M
current process commit charge ("private bytes"): 1043M, peak: 1045M

vm_info: OpenJDK 64-Bit Server VM (17.0.8.1+1) for windows-amd64 JRE (17.0.8.1+1), built on Aug 23 2023 15:29:17 by "admin" with MS VC++ 16.7 (VS2019)

END.
